Startfile from command line: fanoci_1s_neutral_6spd.inp


       ***********************************************************
       *                    TeraChem v1.93-fanoci                *
       *                 Hg Version: cf679da1a57f+               *
       *                   Development Version                   *
       *                Compiled without textures                *
       *           Chemistry at the Speed of Graphics!           *
       ***********************************************************
       * This program may only be used in connection with        *
       * a valid license from PetaChem, LLC. Use of this program *
       * or results thereof indicates acceptance of all terms    *
       * and conditions stated in the license and that a valid   *
       * license agreement between the user and PetaChem, LLC    *
       * exists. PetaChem, LLC does not warrant the correctness  *
       * of results or their suitability for any purpose.        *
       * Please email bugs, suggestions, and comments to         *
       *                  help@petachem.com                      *
       *                                                         *
       ***********************************************************


       ***********************************************************
       *  Compiled by hollas       Fri Nov 29 12:26:21 CET 2019  *
       *  Supported architectures: sm_52 sm_60 sm_70             *
       *  Cuda compilation tools, release 9.0, V9.0.176          *
       ***********************************************************


 Job started   Thu Jan 30 19:29:07 2020
 On n29 (available memory: 51524 MB)

######################################### RUNTIME INFO ##########################################
/home/hollas/programes/TeraChem-dev/production-fanoci-merge/build/bin/terachem fanoci_1s_neutral_6spd.inp 

NVRM version: NVIDIA UNIX x86_64 Kernel Module  415.25  Wed Dec 12 10:22:08 CST 2018
GCC version:  gcc version 4.7.2 (Debian 4.7.2-5) 

	linux-vdso.so.1 =>  (0x00007fff963ff000)
	libcurl.so.4 => /usr/lib/x86_64-linux-gnu/libcurl.so.4 (0x00002ad662db1000)
	libgpubox.so.1 => /home/hollas/programes/TeraChem-dev/production-fanoci-merge/build/lib/libgpubox.so.1 (0x00002ad66301b000)
	libtensorbox.so.1 => /home/hollas/programes/TeraChem-dev/production-fanoci-merge/build/lib/libtensorbox.so.1 (0x00002ad663221000)
	libintbox.so.1 => /home/hollas/programes/TeraChem-dev/production-fanoci-merge/build/lib/libintbox.so.1 (0x00002ad66343a000)
	libthcbox.so.1 => /home/hollas/programes/TeraChem-dev/production-fanoci-merge/build/lib/libthcbox.so.1 (0x00002ad679a24000)
	libgridbox.so.1 => /home/hollas/programes/TeraChem-dev/production-fanoci-merge/build/lib/libgridbox.so.1 (0x00002ad67adfb000)
	libdftbox.so.1 => /home/hollas/programes/TeraChem-dev/production-fanoci-merge/build/lib/libdftbox.so.1 (0x00002ad67b256000)
	libcibox.so.1 => /home/hollas/programes/TeraChem-dev/production-fanoci-merge/build/lib/libcibox.so.1 (0x00002ad67b539000)
	libccbox.so.1 => /home/hollas/programes/TeraChem-dev/production-fanoci-merge/build/lib/libccbox.so.1 (0x00002ad67b8d4000)
	libsandboxbox.so.1 => /home/hollas/programes/TeraChem-dev/production-fanoci-merge/build/lib/libsandboxbox.so.1 (0x00002ad67bad5000)
	libcuda.so.1 => /usr/local/programs/cuda/driver/usr/lib/x86_64-linux-gnu/libcuda.so.1 (0x00002ad67bcd8000)
	libcudart.so.9.0 => /home/hollas/programes/TeraChem-dev/production-fanoci-merge/build/lib/libcudart.so.9.0 (0x00002ad67cdcb000)
	libcublas.so.9.0 => /home/hollas/programes/TeraChem-dev/production-fanoci-merge/build/lib/libcublas.so.9.0 (0x00002ad67d038000)
	libcufft.so.9.0 => /home/hollas/programes/TeraChem-dev/production-fanoci-merge/build/lib/libcufft.so.9.0 (0x00002ad680cb6000)
	libcusparse.so.9.0 => /home/hollas/programes/TeraChem-dev/production-fanoci-merge/build/lib/libcusparse.so.9.0 (0x00002ad688d57000)
	libcrypto.so.1.0.0 => /usr/lib/x86_64-linux-gnu/libcrypto.so.1.0.0 (0x00002ad68c4bd000)
	libssl.so.1.0.0 => /usr/lib/x86_64-linux-gnu/libssl.so.1.0.0 (0x00002ad68c8b8000)
	libstdc++.so.6 => /usr/lib/x86_64-linux-gnu/libstdc++.so.6 (0x00002ad68cb19000)
	libm.so.6 => /lib/x86_64-linux-gnu/libm.so.6 (0x00002ad68ce20000)
	libcilkrts.so.5 => /home/hollas/programes/TeraChem-dev/production-fanoci-merge/build/lib/libcilkrts.so.5 (0x00002ad68d0a3000)
	libgcc_s.so.1 => /lib/x86_64-linux-gnu/libgcc_s.so.1 (0x00002ad68d2de000)
	libpthread.so.0 => /lib/x86_64-linux-gnu/libpthread.so.0 (0x00002ad68d4f4000)
	libc.so.6 => /lib/x86_64-linux-gnu/libc.so.6 (0x00002ad68d711000)
	/lib64/ld-linux-x86-64.so.2 (0x00002ad662b8f000)
	libdl.so.2 => /lib/x86_64-linux-gnu/libdl.so.2 (0x00002ad68da9c000)
	libidn.so.11 => /usr/lib/x86_64-linux-gnu/libidn.so.11 (0x00002ad68dca0000)
	libssh2.so.1 => /usr/lib/x86_64-linux-gnu/libssh2.so.1 (0x00002ad68ded5000)
	liblber-2.4.so.2 => /usr/lib/x86_64-linux-gnu/liblber-2.4.so.2 (0x00002ad68e0fe000)
	libldap_r-2.4.so.2 => /usr/lib/x86_64-linux-gnu/libldap_r-2.4.so.2 (0x00002ad68e30d000)
	librt.so.1 => /lib/x86_64-linux-gnu/librt.so.1 (0x00002ad68e55f000)
	libgssapi_krb5.so.2 => /usr/lib/x86_64-linux-gnu/libgssapi_krb5.so.2 (0x00002ad68e767000)
	librtmp.so.0 => /usr/lib/x86_64-linux-gnu/librtmp.so.0 (0x00002ad68e9a7000)
	libz.so.1 => /lib/x86_64-linux-gnu/libz.so.1 (0x00002ad68ebc2000)
	libnvidia-fatbinaryloader.so.415.25 => /usr/local/programs/cuda/driver/usr/lib/x86_64-linux-gnu/libnvidia-fatbinaryloader.so.415.25 (0x00002ad68edda000)
	libgcrypt.so.11 => /lib/x86_64-linux-gnu/libgcrypt.so.11 (0x00002ad68f027000)
	libresolv.so.2 => /lib/x86_64-linux-gnu/libresolv.so.2 (0x00002ad68f2a7000)
	libsasl2.so.2 => /usr/lib/x86_64-linux-gnu/libsasl2.so.2 (0x00002ad68f4bd000)
	libgnutls.so.26 => /usr/lib/x86_64-linux-gnu/libgnutls.so.26 (0x00002ad68f6d8000)
	libkrb5.so.3 => /usr/lib/x86_64-linux-gnu/libkrb5.so.3 (0x00002ad68f999000)
	libk5crypto.so.3 => /usr/lib/x86_64-linux-gnu/libk5crypto.so.3 (0x00002ad68fc6d000)
	libcom_err.so.2 => /lib/x86_64-linux-gnu/libcom_err.so.2 (0x00002ad68fe96000)
	libkrb5support.so.0 => /usr/lib/x86_64-linux-gnu/libkrb5support.so.0 (0x00002ad69009b000)
	libkeyutils.so.1 => /lib/x86_64-linux-gnu/libkeyutils.so.1 (0x00002ad6902a4000)
	libgpg-error.so.0 => /lib/x86_64-linux-gnu/libgpg-error.so.0 (0x00002ad6904a9000)
	libtasn1.so.3 => /usr/lib/x86_64-linux-gnu/libtasn1.so.3 (0x00002ad6906ac000)
	libp11-kit.so.0 => /usr/lib/x86_64-linux-gnu/libp11-kit.so.0 (0x00002ad6908bd000)
#################################################################################################

Cannot find license.dat file in the TeraChem installation directory /home/hollas/programes/TeraChem-dev/production-fanoci-merge/build


TRYING THE NETWORK LICENSE...
Connecting to license server '403-as67-01' port '8080'...
Connected!
Checking your license...

**************************************************************
  Greetings, Petr Slavicek! You have 100 licenses in total
  IN USE: 1
  AVAILABLE: 99

  ATTENTION: A NEWER TERACHEM VERSION (v.1.93) IS AVAILABLE
  TO UPGRADE, PLEASE RUN 'terachem -u' OR CONTACT PETACHEM
**************************************************************

Jobname: water1
Scratch directory: scr-fanoci-1s-neutral-6spd
Random number seed: 2079172511

XYZ coordinates ../water1.xyz
Molden File Output: scr-fanoci-1s-neutral-6spd/water1.molden
Using basis set: cc-pvtz-nof-evtemp-6s6p6d
dmrgstart not found
cibox_start not found
Spin multiplicity: 1
DIIS will use up to 10 vectors.
Condition number limit for the DIIS overlap matrix is            0
WF convergence threshold: 1.00e-08
Using DIIS algorithm to converge WF
Maximum number of SCF iterations: 100
Incremental fock with rebuild every 8 iterations
Will switch to conventional Fock if diffuse functions are detected
X-matrix tolerance: 1.00e-05
PRECISION: MIXED
Single/Double precision threshold: 1.00e-03
DFT Functional requested: hf
Method: Hartree-Fock 
Wavefunction: RESTRICTED
Initial guess generated by maximum overlap

********************************************
***** SINGLE POINT ENERGY CALCULATIONS *****
********************************************

****  FANO-CI 2e MO INTEGRAL DRIVER ON! ****
Threshold for printing integrals is 1.00000e-11

using 1 out of 1 CUDA devices
   Device 0:  GeForce GTX TITAN X, 12212MB, CC 5.2 -- CPU THREAD 0
-------------------------------------------------------------------
Compiled with MAGMA support.  MAGMA parameters:
    Matrices larger than 5000 square will be treated with MAGMA
       (Change by setting the MagmaMinN environment variable)
    Magma will use 1 out of 1 GPUs
       (Change by setting the MagmaNGPUs environment variable)
-------------------------------------------------------------------
 CPU Memory Available: 16103.50 MegaWords 
 GPU Memory Available: 1270.60 MegaWords 
 Maximum recommended basis set size: 13300 basis functions
 (limited by GPU memory)
-------------------------------------------------------------------
Reading basis set from file /home/hollas/programes/TeraChem-dev/production-fanoci-merge/build/basis/cc-pvtz-nof-evtemp-6s6p6d
Using d-functions. Configuring GPUs accordingly.
0: CUBLAS initialized, available GPU memory: 9577MB

****** QM coordinates ******
H         0.0000000000         0.0000000000         0.0000000000  
O         0.0000000000         0.0000000000         0.9683790000  
H         0.9300130000         0.0000000000         1.2083680000  

Basis set:       cc-pvtz-nof-evtemp-6s6p6d
Total atoms:     3
Total charge:    0
Total electrons: 10 (5-alpha, 5-beta)
Number electrons modeled by ECPs: 0
Total orbitals:  55
Total AO shells: 21 (10 S-shells; 7 P-shells; 4 D-shells; 0 F-shells; 0 G-shells)
Spin multiplicity: 1
Nuclear repulsion energy (QM atoms): 9.126310008901 a.u.

WARNING!!! bad MO diagonal overlap: 2.959912e+02: 0
 295.991152 405.552983 218.581840 405.435339 224.316395
 405.5529838297.2033251643.4474738296.4475471717.973808
 218.5818401643.4474731462.5629221642.8556191480.651523
 405.4353398296.4475471642.8556198295.6920601717.372945
 224.3163951717.9738081480.6515231717.3729451499.772551
Entering computation of MO integrals for FANO-CI.

                      *** Start SCF Iterations ***

 Iter     DIIS Error       Energy change         Energy        Time(s)
------------------------------------------------------------------------
         >>> Purifying P... IDMP = 4.88e-11 <<<
         >>> Purifying P... IDMP = 1.67e-16 <<<
   1     4.8268334657     -25.0668738255     -25.0668738255     0.07  
   2     1.9275480243     -45.5078988916     -70.5747727172     0.05  
   3     1.3197114508      -1.4734692316     -72.0482419488     0.05  
   4     0.7206509292      -3.3029142505     -75.3511561993     0.05  
   5     0.1689301068      -0.6607492933     -76.0119054926     0.04  
   6     0.0085640617      -0.0440260672     -76.0559315597     0.04  
   7     0.0038726018      -0.0003603781     -76.0562919378     0.04  
   8     0.0007304600      -0.0000415938     -76.0563335316     0.04  
   9     0.0001597192      -0.0000021711     -76.0563357027     0.05  
  10     0.0000311216      -0.0000000902     -76.0563357929     0.03  
  11     0.0000042279      -0.0000000035     -76.0563357964     0.03  
  12     0.0000013937      -0.0000000001     -76.0563357965     0.03  
  13     0.0000004597      -0.0000000000     -76.0563357965     0.03  
  14     0.0000001065      -0.0000000000     -76.0563357965     0.03  
  15     0.0000000072      +0.0000000000     -76.0563357965     0.03  
------------------------------------------------------------------------
FINAL ENERGY: -76.0563357965 a.u.
HOMO-LUMO GAP: 17.290 eV
CENTER OF MASS: {0.052041, 0.000000, 0.927620} ANGS
DIPOLE MOMENT: {1.603293, -0.000000, -1.249958} (|D| = 2.032964) DEBYE
Writing out molden info

Running Mulliken population analysis...


  Active Space Parameters
--------------------------------------------
Number of closed orbitals:               0
Number of active orbitals:               6
Number of virtual orbitals:             49
Number of molecular orbitals:           55
Number of basis functions:              55
Number of active electrons:             10
Number of alpha electrons:               5
Number of beta electrons:                5

  Orbital      Energy  
-----------------------
      1      -20.556481
      2       -1.342380
      3       -0.706484
      4       -0.576693
      5       -0.503591
      6        0.131807
      7        0.200283
      8        0.523549

  CAS Parameters
--------------------------------------------
Number of determinants:                 36
Number of singlet CSFs:                 21
Number of doublet CSFs:                  0
Number of triplet CSFs:                 15
Number of quartet CSFs:                  0
Number of quintet CSFs:                  0
Number of sextet CSFs:                   0
Number of septet CSFs:                   0
Number of singlet states:                0
Number of doublet states:                0
Number of triplet states:                0
Number of quartet states:                0
Number of quintet states:                0
Number of sextet states:                 0
Number of septet states:                 0
Using the explicit solver

Entering FANO-CI integral generation routine!
/***** FINISHED INTEGRALS BETWEEN OCCUPIED ORBITALS ******/
Number of frozen virtual orbitals: 0.
Computing 2e MOints up to virtual orbital 55.
Computing 2e MOints for virtual orbital 6.
Computing 2e MOints for virtual orbital 7.
Computing 2e MOints for virtual orbital 8.
Computing 2e MOints for virtual orbital 9.
Computing 2e MOints for virtual orbital 10.
Computing 2e MOints for virtual orbital 11.
Computing 2e MOints for virtual orbital 12.
Computing 2e MOints for virtual orbital 13.
Computing 2e MOints for virtual orbital 14.
Computing 2e MOints for virtual orbital 15.
Computing 2e MOints for virtual orbital 16.
Computing 2e MOints for virtual orbital 17.
Computing 2e MOints for virtual orbital 18.
Computing 2e MOints for virtual orbital 19.
Computing 2e MOints for virtual orbital 20.
Computing 2e MOints for virtual orbital 21.
Computing 2e MOints for virtual orbital 22.
Computing 2e MOints for virtual orbital 23.
Computing 2e MOints for virtual orbital 24.
Computing 2e MOints for virtual orbital 25.
Computing 2e MOints for virtual orbital 26.
Computing 2e MOints for virtual orbital 27.
Computing 2e MOints for virtual orbital 28.
Computing 2e MOints for virtual orbital 29.
Computing 2e MOints for virtual orbital 30.
Computing 2e MOints for virtual orbital 31.
Computing 2e MOints for virtual orbital 32.
Computing 2e MOints for virtual orbital 33.
Computing 2e MOints for virtual orbital 34.
Computing 2e MOints for virtual orbital 35.
Computing 2e MOints for virtual orbital 36.
Computing 2e MOints for virtual orbital 37.
Computing 2e MOints for virtual orbital 38.
Computing 2e MOints for virtual orbital 39.
Computing 2e MOints for virtual orbital 40.
Computing 2e MOints for virtual orbital 41.
Computing 2e MOints for virtual orbital 42.
Computing 2e MOints for virtual orbital 43.
Computing 2e MOints for virtual orbital 44.
Computing 2e MOints for virtual orbital 45.
Computing 2e MOints for virtual orbital 46.
Computing 2e MOints for virtual orbital 47.
Computing 2e MOints for virtual orbital 48.
Computing 2e MOints for virtual orbital 49.
Computing 2e MOints for virtual orbital 50.
Computing 2e MOints for virtual orbital 51.
Computing 2e MOints for virtual orbital 52.
Computing 2e MOints for virtual orbital 53.
Computing 2e MOints for virtual orbital 54.
Computing 2e MOints for virtual orbital 55.
Printing MO integrals between occupied orbitals.
Succesfully build integrals. Exiting CASCI...

Total CASCI Time
----------------------------
 Total Time:       2.90 sec
----------------------------

Total processing time: 3.54 sec 

 Job finished: Thu Jan 30 19:29:16 2020

