Startfile from command line: fanoci_1s_mom_5spd_reordered.inp


       ***********************************************************
       *                    TeraChem v1.93-fanoci                *
       *                 Hg Version: 7463361648cf+               *
       *                   Development Version                   *
       *                Compiled without textures                *
       *           Chemistry at the Speed of Graphics!           *
       ***********************************************************
       * This program may only be used in connection with        *
       * a valid license from PetaChem, LLC. Use of this program *
       * or results thereof indicates acceptance of all terms    *
       * and conditions stated in the license and that a valid   *
       * license agreement between the user and PetaChem, LLC    *
       * exists. PetaChem, LLC does not warrant the correctness  *
       * of results or their suitability for any purpose.        *
       * Please email bugs, suggestions, and comments to         *
       *                  help@petachem.com                      *
       *                                                         *
       ***********************************************************


       ***********************************************************
       *  Compiled by hollas       Sun Apr 12 19:50:58 CEST 2020  *
       *  Supported architectures: sm_52 sm_60 sm_70             *
       *  Cuda compilation tools, release 9.0, V9.0.176          *
       ***********************************************************


 Job started   Sun Apr 12 20:12:58 2020
 On n28 (available memory: 2777 MB)

######################################### RUNTIME INFO ##########################################
/home/hollas/programes/TeraChem-dev/production-fanoci-merge/build/bin/terachem fanoci_1s_mom_5spd_reordered.inp 

NVRM version: NVIDIA UNIX x86_64 Kernel Module  415.25  Wed Dec 12 10:22:08 CST 2018
GCC version:  gcc version 4.7.2 (Debian 4.7.2-5) 

	linux-vdso.so.1 =>  (0x00007fffdb138000)
	libcurl.so.4 => /usr/lib/x86_64-linux-gnu/libcurl.so.4 (0x00002b9bbe251000)
	libgpubox.so.1 => /home/hollas/programes/TeraChem-dev/production-fanoci-merge/build/lib/libgpubox.so.1 (0x00002b9bbe4bb000)
	libtensorbox.so.1 => /home/hollas/programes/TeraChem-dev/production-fanoci-merge/build/lib/libtensorbox.so.1 (0x00002b9bbe6c1000)
	libintbox.so.1 => /home/hollas/programes/TeraChem-dev/production-fanoci-merge/build/lib/libintbox.so.1 (0x00002b9bbe8da000)
	libthcbox.so.1 => /home/hollas/programes/TeraChem-dev/production-fanoci-merge/build/lib/libthcbox.so.1 (0x00002b9bd4ec4000)
	libgridbox.so.1 => /home/hollas/programes/TeraChem-dev/production-fanoci-merge/build/lib/libgridbox.so.1 (0x00002b9bd629b000)
	libdftbox.so.1 => /home/hollas/programes/TeraChem-dev/production-fanoci-merge/build/lib/libdftbox.so.1 (0x00002b9bd66f6000)
	libcibox.so.1 => /home/hollas/programes/TeraChem-dev/production-fanoci-merge/build/lib/libcibox.so.1 (0x00002b9bd69d9000)
	libccbox.so.1 => /home/hollas/programes/TeraChem-dev/production-fanoci-merge/build/lib/libccbox.so.1 (0x00002b9bd6d74000)
	libsandboxbox.so.1 => /home/hollas/programes/TeraChem-dev/production-fanoci-merge/build/lib/libsandboxbox.so.1 (0x00002b9bd6f75000)
	libcuda.so.1 => /usr/local/programs/cuda/driver/usr/lib/x86_64-linux-gnu/libcuda.so.1 (0x00002b9bd7178000)
	libcudart.so.9.0 => /home/hollas/programes/TeraChem-dev/production-fanoci-merge/build/lib/libcudart.so.9.0 (0x00002b9bd826b000)
	libcublas.so.9.0 => /home/hollas/programes/TeraChem-dev/production-fanoci-merge/build/lib/libcublas.so.9.0 (0x00002b9bd84d8000)
	libcufft.so.9.0 => /home/hollas/programes/TeraChem-dev/production-fanoci-merge/build/lib/libcufft.so.9.0 (0x00002b9bdc156000)
	libcusparse.so.9.0 => /home/hollas/programes/TeraChem-dev/production-fanoci-merge/build/lib/libcusparse.so.9.0 (0x00002b9be41f7000)
	libcrypto.so.1.0.0 => /usr/lib/x86_64-linux-gnu/libcrypto.so.1.0.0 (0x00002b9be795d000)
	libssl.so.1.0.0 => /usr/lib/x86_64-linux-gnu/libssl.so.1.0.0 (0x00002b9be7d58000)
	libstdc++.so.6 => /usr/lib/x86_64-linux-gnu/libstdc++.so.6 (0x00002b9be7fb9000)
	libm.so.6 => /lib/x86_64-linux-gnu/libm.so.6 (0x00002b9be82c0000)
	libcilkrts.so.5 => /home/hollas/programes/TeraChem-dev/production-fanoci-merge/build/lib/libcilkrts.so.5 (0x00002b9be8543000)
	libgcc_s.so.1 => /lib/x86_64-linux-gnu/libgcc_s.so.1 (0x00002b9be877e000)
	libpthread.so.0 => /lib/x86_64-linux-gnu/libpthread.so.0 (0x00002b9be8994000)
	libc.so.6 => /lib/x86_64-linux-gnu/libc.so.6 (0x00002b9be8bb1000)
	/lib64/ld-linux-x86-64.so.2 (0x00002b9bbe02f000)
	libdl.so.2 => /lib/x86_64-linux-gnu/libdl.so.2 (0x00002b9be8f3c000)
	libidn.so.11 => /usr/lib/x86_64-linux-gnu/libidn.so.11 (0x00002b9be9140000)
	libssh2.so.1 => /usr/lib/x86_64-linux-gnu/libssh2.so.1 (0x00002b9be9375000)
	liblber-2.4.so.2 => /usr/lib/x86_64-linux-gnu/liblber-2.4.so.2 (0x00002b9be959e000)
	libldap_r-2.4.so.2 => /usr/lib/x86_64-linux-gnu/libldap_r-2.4.so.2 (0x00002b9be97ad000)
	librt.so.1 => /lib/x86_64-linux-gnu/librt.so.1 (0x00002b9be99ff000)
	libgssapi_krb5.so.2 => /usr/lib/x86_64-linux-gnu/libgssapi_krb5.so.2 (0x00002b9be9c07000)
	librtmp.so.0 => /usr/lib/x86_64-linux-gnu/librtmp.so.0 (0x00002b9be9e47000)
	libz.so.1 => /lib/x86_64-linux-gnu/libz.so.1 (0x00002b9bea062000)
	libnvidia-fatbinaryloader.so.415.25 => /usr/local/programs/cuda/driver/usr/lib/x86_64-linux-gnu/libnvidia-fatbinaryloader.so.415.25 (0x00002b9bea27a000)
	libgcrypt.so.11 => /lib/x86_64-linux-gnu/libgcrypt.so.11 (0x00002b9bea4c7000)
	libresolv.so.2 => /lib/x86_64-linux-gnu/libresolv.so.2 (0x00002b9bea747000)
	libsasl2.so.2 => /usr/lib/x86_64-linux-gnu/libsasl2.so.2 (0x00002b9bea95d000)
	libgnutls.so.26 => /usr/lib/x86_64-linux-gnu/libgnutls.so.26 (0x00002b9beab78000)
	libkrb5.so.3 => /usr/lib/x86_64-linux-gnu/libkrb5.so.3 (0x00002b9beae39000)
	libk5crypto.so.3 => /usr/lib/x86_64-linux-gnu/libk5crypto.so.3 (0x00002b9beb10d000)
	libcom_err.so.2 => /lib/x86_64-linux-gnu/libcom_err.so.2 (0x00002b9beb336000)
	libkrb5support.so.0 => /usr/lib/x86_64-linux-gnu/libkrb5support.so.0 (0x00002b9beb53b000)
	libkeyutils.so.1 => /lib/x86_64-linux-gnu/libkeyutils.so.1 (0x00002b9beb744000)
	libgpg-error.so.0 => /lib/x86_64-linux-gnu/libgpg-error.so.0 (0x00002b9beb949000)
	libtasn1.so.3 => /usr/lib/x86_64-linux-gnu/libtasn1.so.3 (0x00002b9bebb4c000)
	libp11-kit.so.0 => /usr/lib/x86_64-linux-gnu/libp11-kit.so.0 (0x00002b9bebd5d000)
#################################################################################################

Cannot find license.dat file in the TeraChem installation directory /home/hollas/programes/TeraChem-dev/production-fanoci-merge/build


TRYING THE NETWORK LICENSE...
Connecting to license server '403-as67-01' port '8080'...
Connected!
Checking your license...

**************************************************************
  Greetings, Petr Slavicek! You have 100 licenses in total
  IN USE: 1
  AVAILABLE: 99

  ATTENTION: A NEWER TERACHEM VERSION (v.1.93) IS AVAILABLE
  TO UPGRADE, PLEASE RUN 'terachem -u' OR CONTACT PETACHEM
**************************************************************

Jobname: water1
Scratch directory: scr-fanoci-1s-mom-5spd-reordered
Random number seed: 1478644428

XYZ coordinates ../water1.xyz
Molden File Output: scr-fanoci-1s-mom-5spd-reordered/water1.molden
Using basis set: cc-pvtz-nof-evtemp-5s5p5d
dmrgstart not found
cibox_start not found
Spin multiplicity: 2
DIIS will use up to 10 vectors.
Condition number limit for the DIIS overlap matrix is            0
WF convergence threshold: 1.00e-08
Using DIIS algorithm to converge WF
Maximum number of SCF iterations: 100
Incremental fock with rebuild every 8 iterations
Will switch to conventional Fock if diffuse functions are detected
X-matrix tolerance: 5.00e-04
PRECISION: DOUBLE
DFT Functional requested: hf
Method: Hartree-Fock 
Wavefunction: RESTRICTED OPEN SHELL
Initial guess will be loaded from scr-fanoci-1s-neutral-5spd/c0
Number of excitations in initial orbital occupancy: 1 
Maximum Overlap Method ON since SCF iteration 0!

********************************************
***** SINGLE POINT ENERGY CALCULATIONS *****
********************************************

****  FANO-CI 2e MO INTEGRAL DRIVER ON! ****
Threshold for printing integrals is 1.00000e-11
*************WARNING***************
Unrecognized or unnecessary keywords:
These are being ignored.
   start_mom 0
   mix_guess 0
***********************************

using 1 out of 1 CUDA devices
   Device 0:  GeForce GTX TITAN X, 12212MB, CC 5.2 -- CPU THREAD 0
-------------------------------------------------------------------
Compiled with MAGMA support.  MAGMA parameters:
    Matrices larger than 5000 square will be treated with MAGMA
       (Change by setting the MagmaMinN environment variable)
    Magma will use 1 out of 1 GPUs
       (Change by setting the MagmaNGPUs environment variable)
-------------------------------------------------------------------
 CPU Memory Available: 16103.50 MegaWords 
 GPU Memory Available: 1270.60 MegaWords 
 Maximum recommended basis set size: 13300 basis functions
 (limited by GPU memory)
-------------------------------------------------------------------
Reading basis set from file /home/hollas/programes/TeraChem-dev/production-fanoci-merge/build/basis/cc-pvtz-nof-evtemp-5s5p5d
Using d-functions. Configuring GPUs accordingly.
0: CUBLAS initialized, available GPU memory: 9577MB

****** QM coordinates ******
H         0.0000000000         0.0000000000         0.0000000000  
O         0.0000000000         0.0000000000         0.9683790000  
H         0.9300130000         0.0000000000         1.2083680000  

Basis set:       cc-pvtz-nof-evtemp-5s5p5d
Total atoms:     3
Total charge:    1
Total electrons: 9 (5-alpha, 4-beta)
Number electrons modeled by ECPs: 0
Total orbitals:  105
Total AO shells: 36 (15 S-shells; 12 P-shells; 9 D-shells; 0 F-shells; 0 G-shells)
Spin multiplicity: 2
Nuclear repulsion energy (QM atoms): 9.126310008901 a.u.

Reordering initial orbitals for MOM.
Entering computation of MO integrals for FANO-CI.

************************************* WARNING *************************************
 8 out of 105 eigenvalues of the overlap matrix are smaller than xtol = 5.0e-04
 and will be flushed to zero. In many cases this is caused by bad geometry of the
 molecule, Cartesian basis sets, or the use of diffuse basis functions. 
 Try using a spherical basis representation 'sphericalbasis yes'. If the SCF procedure does not
 converge, increase the threshold by setting 'xtol' to 5.0e-03 or 5.0e-02 and/or
 decrease the coulomb and exchange integral screening thresholds 'threall' 
 up to 1.0e-21 or 1.0e-22. In addition, you can try to loosen the the WF 
 convergence threshold, perform several geometry optimization steps, and run the 
 calculations again with the new geometry. You can also try to switch to double
 precision instead of mixed (default) or single precision.
***********************************************************************************


                      *** Start SCF Iterations ***

 Iter     DIIS Error       Energy change         Energy        Time(s)
------------------------------------------------------------------------
Skip purify step
Total MOM overlap 3.856812   / 4 
Smallest overlap in the occupied space = 0.952701 
   1     1.0094692626     -55.5030609040     -55.5030609040     0.23  
Total MOM overlap 3.981456   / 4 
Smallest overlap in the occupied space = 0.993420 
   2     0.5871358973      -0.4398240283     -55.9428849323     0.22  
Total MOM overlap 3.999972   / 4 
Smallest overlap in the occupied space = 0.999989 
   3     0.0099978219      -0.2370877674     -56.1799726997     0.22  
Total MOM overlap 3.999999   / 4 
Smallest overlap in the occupied space = 1.000000 
   4     0.0024329277      -0.0002123179     -56.1801850176     0.24  
Total MOM overlap 4.000000   / 4 
Smallest overlap in the occupied space = 1.000000 
   5     0.0007053888      -0.0000102429     -56.1801952605     0.22  
Total MOM overlap 4.000000   / 4 
Smallest overlap in the occupied space = 1.000000 
   6     0.0001353745      -0.0000006864     -56.1801959469     0.22  
Total MOM overlap 4.000000   / 4 
Smallest overlap in the occupied space = 1.000000 
   7     0.0000358257      -0.0000000363     -56.1801959832     0.22  
Total MOM overlap 4.000000   / 4 
Smallest overlap in the occupied space = 1.000000 
   8     0.0000062645      -0.0000000016     -56.1801959848     0.22  
Total MOM overlap 4.000000   / 4 
Smallest overlap in the occupied space = 1.000000 
   9     0.0000008819      -0.0000000000     -56.1801959849     0.22  
Total MOM overlap 4.000000   / 4 
Smallest overlap in the occupied space = 1.000000 
  10     0.0000001001      -0.0000000000     -56.1801959849     0.22  
Total MOM overlap 4.000000   / 4 
Smallest overlap in the occupied space = 1.000000 
  11     0.0000000261      +0.0000000000     -56.1801959849     0.22  
  12     0.0000000027      -0.0000000000     -56.1801959849     0.21  
------------------------------------------------------------------------
FINAL ENERGY: -56.1801959849 a.u.
HOMO-LUMO GAP: alpha: 577.563 eV
               beta:  -551.325 eV 
CENTER OF MASS: {0.052041, 0.000000, 0.927620} ANGS
DIPOLE MOMENT: {2.292404, 0.000000, -1.806957} (|D| = 2.918940) DEBYE
SPIN SZ:         0.500000
SPIN S-SQUARED: 0.750000 (exact: 0.75)
Writing out molden info

Running Mulliken population analysis...

-1.96152
-1.29765
-1.19789
-1.14586
-21.4067
-0.181612
-0.1098
0.168548
0.198939
0.254775
0.306426
0.398488
0.420324
0.497634
0.521946
0.602585
0.83904
1.01559
1.04187
1.36909
1.39487
1.45819
1.49844
1.57935
1.60474
1.88419
2.23021
2.39575
2.9263
2.96576
2.97941
3.0124
3.07295
3.18689
3.34625
3.38204
3.43803
3.44585
3.65201
3.74388
3.76732
3.85642
3.91434
4.07572
4.15816
4.16823
4.21059
4.38626
4.41988
4.63315
4.75559
5.6203
5.79227
6.03698
7.25797
8.10975
8.36536
8.39289
8.43255
8.60711
8.90099
9.20054
13.7367
17.256
17.2874
17.425
17.4746
17.5884
22.3564
23.2267
23.5508
30.8594
39.3903
39.4168
39.5269
39.5706
39.6693
75.1098
79.6032
80.1678
80.3524
114.865
114.884
114.955
114.989
115.057
153.48
290.83
291.165
291.304
343.304
385.783
385.797
385.841
385.866
385.91
625.724
Sorted energies

-21.4067
-1.96152
-1.29765
-1.19789
-1.14586
-0.181612
-0.1098
0.168548
0.198939
0.254775
0.306426
0.398488
0.420324
0.497634
0.521946
0.602585
0.83904
1.01559
1.04187
1.36909
1.39487
1.45819
1.49844
1.57935
1.60474
1.88419
2.23021
2.39575
2.9263
2.96576
2.97941
3.0124
3.07295
3.18689
3.34625
3.38204
3.43803
3.44585
3.65201
3.74388
3.76732
3.85642
3.91434
4.07572
4.15816
4.16823
4.21059
4.38626
4.41988
4.63315
4.75559
5.6203
5.79227
6.03698
7.25797
8.10975
8.36536
8.39289
8.43255
8.60711
8.90099
9.20054
13.7367
17.256
17.2874
17.425
17.4746
17.5884
22.3564
23.2267
23.5508
30.8594
39.3903
39.4168
39.5269
39.5706
39.6693
75.1098
79.6032
80.1678
80.3524
114.865
114.884
114.955
114.989
115.057
153.48
290.83
291.165
291.304
343.304
385.783
385.797
385.841
385.866
385.91
625.724
Writing out molden info

  Active Space Parameters
--------------------------------------------
Number of closed orbitals:               0
Number of active orbitals:               6
Number of virtual orbitals:             91
Number of molecular orbitals:           97
Number of basis functions:             105
Number of active electrons:              9
Number of alpha electrons:               5
Number of beta electrons:                4

  Orbital      Energy  
-----------------------
      1      -21.406660
      2       -1.961519
      3       -1.297647
      4       -1.197886
      5       -1.145856
      6       -0.181612
      7       -0.109800
      8        0.168548

  CAS Parameters
--------------------------------------------
Number of determinants:                 90
Number of singlet CSFs:                  0
Number of doublet CSFs:                 70
Number of triplet CSFs:                  0
Number of quartet CSFs:                 20
Number of quintet CSFs:                  0
Number of sextet CSFs:                   0
Number of septet CSFs:                   0
Number of singlet states:                0
Number of doublet states:                0
Number of triplet states:                0
Number of quartet states:                0
Number of quintet states:                0
Number of sextet states:                 0
Number of septet states:                 0
Using the explicit solver

Entering FANO-CI integral generation routine!
/***** FINISHED INTEGRALS BETWEEN OCCUPIED ORBITALS ******/
Number of frozen virtual orbitals: 0.
Computing 2e MOints up to virtual orbital 97.
Computing 2e MOints for virtual orbital 6.
Computing 2e MOints for virtual orbital 7.
Computing 2e MOints for virtual orbital 8.
Computing 2e MOints for virtual orbital 9.
Computing 2e MOints for virtual orbital 10.
Computing 2e MOints for virtual orbital 11.
Computing 2e MOints for virtual orbital 12.
Computing 2e MOints for virtual orbital 13.
Computing 2e MOints for virtual orbital 14.
Computing 2e MOints for virtual orbital 15.
Computing 2e MOints for virtual orbital 16.
Computing 2e MOints for virtual orbital 17.
Computing 2e MOints for virtual orbital 18.
Computing 2e MOints for virtual orbital 19.
Computing 2e MOints for virtual orbital 20.
Computing 2e MOints for virtual orbital 21.
Computing 2e MOints for virtual orbital 22.
Computing 2e MOints for virtual orbital 23.
Computing 2e MOints for virtual orbital 24.
Computing 2e MOints for virtual orbital 25.
Computing 2e MOints for virtual orbital 26.
Computing 2e MOints for virtual orbital 27.
Computing 2e MOints for virtual orbital 28.
Computing 2e MOints for virtual orbital 29.
Computing 2e MOints for virtual orbital 30.
Computing 2e MOints for virtual orbital 31.
Computing 2e MOints for virtual orbital 32.
Computing 2e MOints for virtual orbital 33.
Computing 2e MOints for virtual orbital 34.
Computing 2e MOints for virtual orbital 35.
Computing 2e MOints for virtual orbital 36.
Computing 2e MOints for virtual orbital 37.
Computing 2e MOints for virtual orbital 38.
Computing 2e MOints for virtual orbital 39.
Computing 2e MOints for virtual orbital 40.
Computing 2e MOints for virtual orbital 41.
Computing 2e MOints for virtual orbital 42.
Computing 2e MOints for virtual orbital 43.
Computing 2e MOints for virtual orbital 44.
Computing 2e MOints for virtual orbital 45.
Computing 2e MOints for virtual orbital 46.
Computing 2e MOints for virtual orbital 47.
Computing 2e MOints for virtual orbital 48.
Computing 2e MOints for virtual orbital 49.
Computing 2e MOints for virtual orbital 50.
Computing 2e MOints for virtual orbital 51.
Computing 2e MOints for virtual orbital 52.
Computing 2e MOints for virtual orbital 53.
Computing 2e MOints for virtual orbital 54.
Computing 2e MOints for virtual orbital 55.
Computing 2e MOints for virtual orbital 56.
Computing 2e MOints for virtual orbital 57.
Computing 2e MOints for virtual orbital 58.
Computing 2e MOints for virtual orbital 59.
Computing 2e MOints for virtual orbital 60.
Computing 2e MOints for virtual orbital 61.
Computing 2e MOints for virtual orbital 62.
Computing 2e MOints for virtual orbital 63.
Computing 2e MOints for virtual orbital 64.
Computing 2e MOints for virtual orbital 65.
Computing 2e MOints for virtual orbital 66.
Computing 2e MOints for virtual orbital 67.
Computing 2e MOints for virtual orbital 68.
Computing 2e MOints for virtual orbital 69.
Computing 2e MOints for virtual orbital 70.
Computing 2e MOints for virtual orbital 71.
Computing 2e MOints for virtual orbital 72.
Computing 2e MOints for virtual orbital 73.
Computing 2e MOints for virtual orbital 74.
Computing 2e MOints for virtual orbital 75.
Computing 2e MOints for virtual orbital 76.
Computing 2e MOints for virtual orbital 77.
Computing 2e MOints for virtual orbital 78.
Computing 2e MOints for virtual orbital 79.
Computing 2e MOints for virtual orbital 80.
Computing 2e MOints for virtual orbital 81.
Computing 2e MOints for virtual orbital 82.
Computing 2e MOints for virtual orbital 83.
Computing 2e MOints for virtual orbital 84.
Computing 2e MOints for virtual orbital 85.
Computing 2e MOints for virtual orbital 86.
Computing 2e MOints for virtual orbital 87.
Computing 2e MOints for virtual orbital 88.
Computing 2e MOints for virtual orbital 89.
Computing 2e MOints for virtual orbital 90.
Computing 2e MOints for virtual orbital 91.
Computing 2e MOints for virtual orbital 92.
Computing 2e MOints for virtual orbital 93.
Computing 2e MOints for virtual orbital 94.
Computing 2e MOints for virtual orbital 95.
Computing 2e MOints for virtual orbital 96.
Computing 2e MOints for virtual orbital 97.
Printing MO integrals between occupied orbitals.
Succesfully build integrals. Exiting CASCI...

Total CASCI Time
----------------------------
 Total Time:       9.46 sec
----------------------------

Total processing time: 12.84 sec 

 Job finished: Sun Apr 12 20:13:21 2020

