Startfile from command line: neutral_5spd_2henergies.inp


       ***********************************************************
       *                    TeraChem v1.93-fanoci                *
       *                 Hg Version: 7463361648cf+               *
       *                   Development Version                   *
       *                Compiled without textures                *
       *           Chemistry at the Speed of Graphics!           *
       ***********************************************************
       * This program may only be used in connection with        *
       * a valid license from PetaChem, LLC. Use of this program *
       * or results thereof indicates acceptance of all terms    *
       * and conditions stated in the license and that a valid   *
       * license agreement between the user and PetaChem, LLC    *
       * exists. PetaChem, LLC does not warrant the correctness  *
       * of results or their suitability for any purpose.        *
       * Please email bugs, suggestions, and comments to         *
       *                  help@petachem.com                      *
       *                                                         *
       ***********************************************************


       ***********************************************************
       *  Compiled by hollas       Sun Apr 12 11:40:26 CEST 2020  *
       *  Supported architectures: sm_52 sm_60 sm_70             *
       *  Cuda compilation tools, release 9.0, V9.0.176          *
       ***********************************************************


 Job started   Sun Apr 12 11:57:32 2020
 On n28 (available memory: 1779 MB)

######################################### RUNTIME INFO ##########################################
/home/hollas/programes/TeraChem-dev/production-fanoci-merge/build/bin/terachem neutral_5spd_2henergies.inp 

NVRM version: NVIDIA UNIX x86_64 Kernel Module  415.25  Wed Dec 12 10:22:08 CST 2018
GCC version:  gcc version 4.7.2 (Debian 4.7.2-5) 

	linux-vdso.so.1 =>  (0x00007fffa4d00000)
	libcurl.so.4 => /usr/lib/x86_64-linux-gnu/libcurl.so.4 (0x00002b9b96b98000)
	libgpubox.so.1 => /home/hollas/programes/TeraChem-dev/production-fanoci-merge/build/lib/libgpubox.so.1 (0x00002b9b96e02000)
	libtensorbox.so.1 => /home/hollas/programes/TeraChem-dev/production-fanoci-merge/build/lib/libtensorbox.so.1 (0x00002b9b97008000)
	libintbox.so.1 => /home/hollas/programes/TeraChem-dev/production-fanoci-merge/build/lib/libintbox.so.1 (0x00002b9b97221000)
	libthcbox.so.1 => /home/hollas/programes/TeraChem-dev/production-fanoci-merge/build/lib/libthcbox.so.1 (0x00002b9bad80b000)
	libgridbox.so.1 => /home/hollas/programes/TeraChem-dev/production-fanoci-merge/build/lib/libgridbox.so.1 (0x00002b9baebe2000)
	libdftbox.so.1 => /home/hollas/programes/TeraChem-dev/production-fanoci-merge/build/lib/libdftbox.so.1 (0x00002b9baf03d000)
	libcibox.so.1 => /home/hollas/programes/TeraChem-dev/production-fanoci-merge/build/lib/libcibox.so.1 (0x00002b9baf320000)
	libccbox.so.1 => /home/hollas/programes/TeraChem-dev/production-fanoci-merge/build/lib/libccbox.so.1 (0x00002b9baf6bb000)
	libsandboxbox.so.1 => /home/hollas/programes/TeraChem-dev/production-fanoci-merge/build/lib/libsandboxbox.so.1 (0x00002b9baf8bc000)
	libcuda.so.1 => /usr/local/programs/cuda/driver/usr/lib/x86_64-linux-gnu/libcuda.so.1 (0x00002b9bafabf000)
	libcudart.so.9.0 => /home/hollas/programes/TeraChem-dev/production-fanoci-merge/build/lib/libcudart.so.9.0 (0x00002b9bb0bb2000)
	libcublas.so.9.0 => /home/hollas/programes/TeraChem-dev/production-fanoci-merge/build/lib/libcublas.so.9.0 (0x00002b9bb0e1f000)
	libcufft.so.9.0 => /home/hollas/programes/TeraChem-dev/production-fanoci-merge/build/lib/libcufft.so.9.0 (0x00002b9bb4a9d000)
	libcusparse.so.9.0 => /home/hollas/programes/TeraChem-dev/production-fanoci-merge/build/lib/libcusparse.so.9.0 (0x00002b9bbcb3e000)
	libcrypto.so.1.0.0 => /usr/lib/x86_64-linux-gnu/libcrypto.so.1.0.0 (0x00002b9bc02a4000)
	libssl.so.1.0.0 => /usr/lib/x86_64-linux-gnu/libssl.so.1.0.0 (0x00002b9bc069f000)
	libstdc++.so.6 => /usr/lib/x86_64-linux-gnu/libstdc++.so.6 (0x00002b9bc0900000)
	libm.so.6 => /lib/x86_64-linux-gnu/libm.so.6 (0x00002b9bc0c07000)
	libcilkrts.so.5 => /home/hollas/programes/TeraChem-dev/production-fanoci-merge/build/lib/libcilkrts.so.5 (0x00002b9bc0e8a000)
	libgcc_s.so.1 => /lib/x86_64-linux-gnu/libgcc_s.so.1 (0x00002b9bc10c5000)
	libpthread.so.0 => /lib/x86_64-linux-gnu/libpthread.so.0 (0x00002b9bc12db000)
	libc.so.6 => /lib/x86_64-linux-gnu/libc.so.6 (0x00002b9bc14f8000)
	/lib64/ld-linux-x86-64.so.2 (0x00002b9b96976000)
	libdl.so.2 => /lib/x86_64-linux-gnu/libdl.so.2 (0x00002b9bc1883000)
	libidn.so.11 => /usr/lib/x86_64-linux-gnu/libidn.so.11 (0x00002b9bc1a87000)
	libssh2.so.1 => /usr/lib/x86_64-linux-gnu/libssh2.so.1 (0x00002b9bc1cbc000)
	liblber-2.4.so.2 => /usr/lib/x86_64-linux-gnu/liblber-2.4.so.2 (0x00002b9bc1ee5000)
	libldap_r-2.4.so.2 => /usr/lib/x86_64-linux-gnu/libldap_r-2.4.so.2 (0x00002b9bc20f4000)
	librt.so.1 => /lib/x86_64-linux-gnu/librt.so.1 (0x00002b9bc2346000)
	libgssapi_krb5.so.2 => /usr/lib/x86_64-linux-gnu/libgssapi_krb5.so.2 (0x00002b9bc254e000)
	librtmp.so.0 => /usr/lib/x86_64-linux-gnu/librtmp.so.0 (0x00002b9bc278e000)
	libz.so.1 => /lib/x86_64-linux-gnu/libz.so.1 (0x00002b9bc29a9000)
	libnvidia-fatbinaryloader.so.415.25 => /usr/local/programs/cuda/driver/usr/lib/x86_64-linux-gnu/libnvidia-fatbinaryloader.so.415.25 (0x00002b9bc2bc1000)
	libgcrypt.so.11 => /lib/x86_64-linux-gnu/libgcrypt.so.11 (0x00002b9bc2e0e000)
	libresolv.so.2 => /lib/x86_64-linux-gnu/libresolv.so.2 (0x00002b9bc308e000)
	libsasl2.so.2 => /usr/lib/x86_64-linux-gnu/libsasl2.so.2 (0x00002b9bc32a4000)
	libgnutls.so.26 => /usr/lib/x86_64-linux-gnu/libgnutls.so.26 (0x00002b9bc34bf000)
	libkrb5.so.3 => /usr/lib/x86_64-linux-gnu/libkrb5.so.3 (0x00002b9bc3780000)
	libk5crypto.so.3 => /usr/lib/x86_64-linux-gnu/libk5crypto.so.3 (0x00002b9bc3a54000)
	libcom_err.so.2 => /lib/x86_64-linux-gnu/libcom_err.so.2 (0x00002b9bc3c7d000)
	libkrb5support.so.0 => /usr/lib/x86_64-linux-gnu/libkrb5support.so.0 (0x00002b9bc3e82000)
	libkeyutils.so.1 => /lib/x86_64-linux-gnu/libkeyutils.so.1 (0x00002b9bc408b000)
	libgpg-error.so.0 => /lib/x86_64-linux-gnu/libgpg-error.so.0 (0x00002b9bc4290000)
	libtasn1.so.3 => /usr/lib/x86_64-linux-gnu/libtasn1.so.3 (0x00002b9bc4493000)
	libp11-kit.so.0 => /usr/lib/x86_64-linux-gnu/libp11-kit.so.0 (0x00002b9bc46a4000)
#################################################################################################

Cannot find license.dat file in the TeraChem installation directory /home/hollas/programes/TeraChem-dev/production-fanoci-merge/build


TRYING THE NETWORK LICENSE...
Connecting to license server '403-as67-01' port '8080'...
Connected!
Checking your license...

**************************************************************
  Greetings, Petr Slavicek! You have 100 licenses in total
  IN USE: 1
  AVAILABLE: 99

  ATTENTION: A NEWER TERACHEM VERSION (v.1.93) IS AVAILABLE
  TO UPGRADE, PLEASE RUN 'terachem -u' OR CONTACT PETACHEM
**************************************************************

Jobname: water1
Scratch directory: scr-fanoci-1s-mom-5spd-2henergies
Random number seed: 1527954726

XYZ coordinates ../water1.xyz
Molden File Output: scr-fanoci-1s-mom-5spd-2henergies/water1.molden
Using basis set: cc-pvtz-nof-evtemp-5s5p5d
dmrgstart not found
cibox_start not found
Spin multiplicity: 1
DIIS will use up to 10 vectors.
Condition number limit for the DIIS overlap matrix is            0
WF convergence threshold: 1.00e-08
Using DIIS algorithm to converge WF
Maximum number of SCF iterations: 100
Incremental fock with rebuild every 8 iterations
Will switch to conventional Fock if diffuse functions are detected
X-matrix tolerance: 5.00e-04
PRECISION: DOUBLE
DFT Functional requested: hf
Method: Hartree-Fock 
Wavefunction: RESTRICTED
Initial guess will be loaded from scr-fanoci-1s-neutral-5spd/c0

********************************************
***** SINGLE POINT ENERGY CALCULATIONS *****
********************************************

****  FANO-CI 2e MO INTEGRAL DRIVER ON! ****
Threshold for printing integrals is 1.00000e-09
*************WARNING***************
Unrecognized or unnecessary keywords:
These are being ignored.
   mix_guess 0
***********************************

using 1 out of 1 CUDA devices
   Device 0:  GeForce GTX TITAN X, 12212MB, CC 5.2 -- CPU THREAD 0
-------------------------------------------------------------------
Compiled with MAGMA support.  MAGMA parameters:
    Matrices larger than 5000 square will be treated with MAGMA
       (Change by setting the MagmaMinN environment variable)
    Magma will use 1 out of 1 GPUs
       (Change by setting the MagmaNGPUs environment variable)
-------------------------------------------------------------------
 CPU Memory Available: 16103.50 MegaWords 
 GPU Memory Available: 1270.60 MegaWords 
 Maximum recommended basis set size: 13300 basis functions
 (limited by GPU memory)
-------------------------------------------------------------------
Reading basis set from file /home/hollas/programes/TeraChem-dev/production-fanoci-merge/build/basis/cc-pvtz-nof-evtemp-5s5p5d
Using d-functions. Configuring GPUs accordingly.
0: CUBLAS initialized, available GPU memory: 9577MB

****** QM coordinates ******
H         0.0000000000         0.0000000000         0.0000000000  
O         0.0000000000         0.0000000000         0.9683790000  
H         0.9300130000         0.0000000000         1.2083680000  

Basis set:       cc-pvtz-nof-evtemp-5s5p5d
Total atoms:     3
Total charge:    0
Total electrons: 10 (5-alpha, 5-beta)
Number electrons modeled by ECPs: 0
Total orbitals:  105
Total AO shells: 36 (15 S-shells; 12 P-shells; 9 D-shells; 0 F-shells; 0 G-shells)
Spin multiplicity: 1
Nuclear repulsion energy (QM atoms): 9.126310008901 a.u.

Entering computation of MO integrals for FANO-CI.

************************************* WARNING *************************************
 8 out of 105 eigenvalues of the overlap matrix are smaller than xtol = 5.0e-04
 and will be flushed to zero. In many cases this is caused by bad geometry of the
 molecule, Cartesian basis sets, or the use of diffuse basis functions. 
 Try using a spherical basis representation 'sphericalbasis yes'. If the SCF procedure does not
 converge, increase the threshold by setting 'xtol' to 5.0e-03 or 5.0e-02 and/or
 decrease the coulomb and exchange integral screening thresholds 'threall' 
 up to 1.0e-21 or 1.0e-22. In addition, you can try to loosen the the WF 
 convergence threshold, perform several geometry optimization steps, and run the 
 calculations again with the new geometry. You can also try to switch to double
 precision instead of mixed (default) or single precision.
***********************************************************************************


                      *** Start SCF Iterations ***

 Iter     DIIS Error       Energy change         Energy        Time(s)
------------------------------------------------------------------------
         >>> Purifying P... IDMP = 4.47e-05 <<<
         >>> Purifying P... IDMP = 2.69e-09 <<<
         >>> Purifying P... IDMP = 3.33e-16 <<<
   1     5.1367250614     -75.8808907384     -75.8808907384     0.15  
   2     0.0403110798      -0.0622939412     -75.9431846795     0.12  
   3     0.0005582607      -0.0000068748     -75.9431915544     0.12  
   4     0.0003727149      -0.0000002094     -75.9431917638     0.11  
   5     0.0000440039      -0.0000001036     -75.9431918674     0.11  
   6     0.0000081885      -0.0000000055     -75.9431918728     0.12  
   7     0.0000009199      -0.0000000002     -75.9431918730     0.12  
   8     0.0000002805      -0.0000000000     -75.9431918730     0.12  
   9     0.0000000687      -0.0000000000     -75.9431918730     0.12  
  10     0.0000000131      -0.0000000000     -75.9431918730     0.12  
  11     0.0000000007      +0.0000000000     -75.9431918730     0.12  
------------------------------------------------------------------------
FINAL ENERGY: -75.9431918730 a.u.
HOMO-LUMO GAP: 17.353 eV
CENTER OF MASS: {0.052041, 0.000000, 0.927620} ANGS
DIPOLE MOMENT: {1.602283, 0.000000, -1.249655} (|D| = 2.031981) DEBYE
Writing out molden info

Running Mulliken population analysis...


  Active Space Parameters
--------------------------------------------
Number of closed orbitals:               1
Number of active orbitals:               5
Number of virtual orbitals:             91
Number of molecular orbitals:           97
Number of basis functions:             105
Number of active electrons:              6
Number of alpha electrons:               3
Number of beta electrons:                3

  Orbital      Energy  
-----------------------
      1      -20.506237
      2       -1.342837
      3       -0.708450
      4       -0.578708
      5       -0.504861
      6        0.132854
      7        0.198702
      8        0.517898

  CAS Parameters
--------------------------------------------
Number of determinants:                100
Number of singlet CSFs:                 50
Number of doublet CSFs:                  0
Number of triplet CSFs:                 45
Number of quartet CSFs:                  0
Number of quintet CSFs:                  5
Number of sextet CSFs:                   0
Number of septet CSFs:                   0
Number of singlet states:               10
Number of doublet states:                0
Number of triplet states:                6
Number of quartet states:                0
Number of quintet states:                0
Number of sextet states:                 0
Number of septet states:                 0
Using the hard-coded solver

Singlet state  1 energy:        -74.24467126736633

        0.96639434222810  X2 X3 X4
       -0.18811779058882  X2 X3 X5
        0.08216147046209  X2 X3 A4 B6
        0.08216147046209  X2 X3 B4 A6
       -0.07503247365609  A2 X3 X4 B6
       -0.07503247365609  B2 X3 X4 A6
       -0.05661187520379  X3 X4 X5
       -0.03777092743892  X2 X4 X5

Singlet state  2 energy:        -74.19738024276067

        0.69942949062720  X2 X3 A4 B5
        0.69942949062720  X2 X3 B4 A5
        0.05932297762826  X2 X3 A5 B6
        0.05932297762826  X2 X3 B5 A6
       -0.05135374325874  B2 X3 B4 A5 A6
       -0.05135374325874  A2 X3 A4 B5 B6
       -0.05045009209790  A2 X3 B4 A5 B6
       -0.05045009209790  B2 X3 A4 B5 A6
       -0.04433604732308  A2 X3 X4 B5
       -0.04433604732308  B2 X3 X4 A5

Singlet state  3 energy:        -74.11532634490700

        0.69875637383586  X2 B3 X4 A5
        0.69875637383586  X2 A3 X4 B5
       -0.05726947811279  X2 A3 A4 B5 B6
       -0.05726947811279  X2 B3 B4 A5 A6
       -0.05608923513850  B2 B3 X4 A5 A6
       -0.05608923513850  A2 A3 X4 B5 B6
        0.05253216319702  X2 B3 A4 A5 B6
        0.05253216319702  X2 A3 B4 B5 A6
       -0.04905410555497  A2 B3 X4 A5 B6
       -0.04905410555497  B2 A3 X4 B5 A6

Singlet state  4 energy:        -74.10735039490160

       -0.95841213246414  X2 X3 X5
       -0.17033841541909  X2 X3 X4
        0.15501185702660  X2 X4 X5
        0.07919676147195  B2 X3 A4 X5
        0.07919676147195  A2 X3 B4 X5
        0.07718066650656  X3 X4 X5
        0.06372313841499  B2 X3 X5 A6
        0.06372313841499  A2 X3 X5 B6

Singlet state  5 energy:        -74.03977650208184

       -0.69997194840513  X2 B3 A4 X5
       -0.69997194840513  X2 A3 B4 X5
        0.06223867148737  X2 B3 X5 A6
        0.06223867148737  X2 A3 X5 B6
        0.05210236626689  B2 B3 A4 X5 A6
        0.05210236626689  A2 A3 B4 X5 B6
        0.05175883671184  B2 A3 B4 X5 A6
        0.05175883671184  A2 B3 A4 X5 B6
       -0.02543866871211  A2 B3 X4 X5
       -0.02543866871211  B2 A3 X4 X5

Singlet state  6 energy:        -73.90207033556933

        0.97051768095451  X2 X4 X5
        0.13780819920002  X2 X3 X5
       -0.12581792894908  X3 X4 X5
       -0.06987165998181  A2 X4 X5 B6
       -0.06987165998181  B2 X4 X5 A6
       -0.06960744278974  X2 A4 X5 B6
       -0.06960744278974  X2 B4 X5 A6
        0.05694193890237  X2 X3 X4

Singlet state  7 energy:        -73.28239311094904

       -0.69841187942809  A2 X3 X4 B5
       -0.69841187942809  B2 X3 X4 A5
       -0.06034198212208  B2 X3 A4 A5 B6
       -0.06034198212208  A2 X3 B4 B5 A6
        0.05851764910228  B2 X3 B4 A5 A6
        0.05851764910228  A2 X3 A4 B5 B6
        0.05467075915945  X3 X4 A5 B6
        0.05467075915945  X3 X4 B5 A6
       -0.03969583123310  X2 X3 A4 B5
       -0.03969583123310  X2 X3 B4 A5
       -0.02135832879375  X2 X4 B5 A6
       -0.02135832879375  X2 X4 A5 B6

Singlet state  8 energy:        -73.22971732860850

        0.69451223845574  B2 X3 A4 X5
        0.69451223845574  A2 X3 B4 X5
        0.10022143934230  X2 X3 X5
        0.06216932736010  X2 X3 B4 A6
        0.06216932736010  X2 X3 A4 B6
       -0.05864057833588  X3 A4 X5 B6
       -0.05864057833588  X3 B4 X5 A6
       -0.05667030915792  B2 X3 X5 A6
       -0.05667030915792  A2 X3 X5 B6
        0.03644439140651  X2 X3 X4
        0.02753922853433  X3 X4 X5
        0.02723129010855  X2 B4 X5 A6
        0.02723129010855  X2 A4 X5 B6

Singlet state  9 energy:        -73.11651524564435

       -0.68273179379528  X2 X3 B4 A6
       -0.68273179379528  X2 X3 A4 B6
       -0.14549932636004  X2 X3 X6
        0.12557532843490  X2 X3 X4
        0.06846015110087  A2 X3 B4 X6
        0.06846015110087  B2 X3 A4 X6
        0.05535185556788  A2 X3 B4 X5
        0.05535185556788  B2 X3 A4 X5
       -0.05483146771055  X2 A4 X5 B6
       -0.05483146771055  X2 B4 X5 A6
       -0.05308730889524  X3 A4 X5 B6
       -0.05308730889524  X3 B4 X5 A6
        0.02541443559046  A2 X3 X4 B6
        0.02541443559046  B2 X3 X4 A6
       -0.02510187533097  A2 X3 X5 B6
       -0.02510187533097  B2 X3 X5 A6

Singlet state 10 energy:        -73.08619961359533

        0.65257081634822  A2 B3 X4 X5
        0.65257081634822  B2 A3 X4 X5
        0.24560146465397  X2 A3 X4 B6
        0.24560146465397  X2 B3 X4 A6
       -0.06630613046943  X2 B3 X5 A6
       -0.06630613046943  X2 A3 X5 B6
       -0.05657112958644  A2 B3 B4 X5 A6
       -0.05657112958644  B2 A3 A4 X5 B6
       -0.04544570526895  A3 X4 X5 B6
       -0.04544570526895  B3 X4 X5 A6
       -0.04214668322460  B2 A3 B4 X5 A6
       -0.04214668322460  A2 B3 A4 X5 B6
       -0.03183408237453  X2 A3 B4 X5
       -0.03183408237453  X2 B3 A4 X5
       -0.02311695675696  A2 B3 X4 X6
       -0.02311695675696  B2 A3 X4 X6
        0.02278095833856  X2 B3 A4 X6
        0.02278095833856  X2 A3 B4 X6

Triplet state  1 energy:        -74.27689163004764

       -0.70052816129768  X2 X3 A4 B5
        0.70052816129768  X2 X3 B4 A5
        0.06047075421861  X2 X3 A5 B6
       -0.06047075421861  X2 X3 B5 A6
        0.05500336039069  A2 X3 A4 B5 B6
       -0.05500336039069  B2 X3 B4 A5 A6
       -0.05014682077677  A2 X3 B4 A5 B6
        0.05014682077677  B2 X3 A4 B5 A6

Triplet state  2 energy:        -74.17501647633060

       -0.69883799614360  X2 B3 X4 A5
        0.69883799614360  X2 A3 X4 B5
        0.05716477559841  X2 B3 B4 A5 A6
       -0.05716477559841  X2 A3 A4 B5 B6
       -0.05629231721091  A2 A3 X4 B5 B6
        0.05629231721091  B2 B3 X4 A5 A6
        0.05261289714750  X2 A3 B4 B5 A6
       -0.05261289714750  X2 B3 A4 A5 B6
       -0.04870734759006  B2 A3 X4 B5 A6
        0.04870734759006  A2 B3 X4 A5 B6

Triplet state  3 energy:        -74.11778319967587

       -0.70127192689323  X2 A3 B4 X5
        0.70127192689323  X2 B3 A4 X5
        0.05356785273132  X2 A3 X5 B6
       -0.05356785273132  X2 B3 X5 A6
       -0.05244425384683  B2 B3 A4 X5 A6
        0.05244425384683  A2 A3 B4 X5 B6
       -0.05045600864112  A2 B3 A4 X5 B6
        0.05045600864112  B2 A3 B4 X5 A6

Triplet state  4 energy:        -73.54571155516710

        0.69954276558119  A2 X3 X4 B5
       -0.69954276558119  B2 X3 X4 A5
        0.06065365639436  X3 X4 A5 B6
       -0.06065365639436  X3 X4 B5 A6
        0.05913382180842  A2 X3 B4 B5 A6
       -0.05913382180842  B2 X3 A4 A5 B6
       -0.05621450707692  A2 X3 A4 B5 B6
        0.05621450707692  B2 X3 B4 A5 A6

Triplet state  5 energy:        -73.49220929967501

        0.70174340630938  A2 X3 B4 X5
       -0.70174340630938  B2 X3 A4 X5
       -0.06202109073253  A2 X3 X5 B6
        0.06202109073253  B2 X3 X5 A6
        0.05562902629922  X3 A4 X5 B6
       -0.05562902629922  X3 B4 X5 A6

Triplet state  6 energy:        -73.39020108639740

        0.70061668356332  A2 B3 X4 X5
       -0.70061668356332  B2 A3 X4 X5
        0.05680588197935  B2 A3 A4 X5 B6
       -0.05680588197935  A2 B3 B4 X5 A6
        0.05355477102943  A3 X4 X5 B6
       -0.05355477102943  B3 X4 X5 A6
       -0.04876125031210  A2 B3 A4 X5 B6
        0.04876125031210  B2 A3 B4 X5 A6
        0.02251087393874  X2 B3 X4 A6
       -0.02251087393874  X2 A3 X4 B6

  Root   Mult.   Total Energy (a.u.)   Ex. Energy (a.u.)     Ex. Energy (eV)     Ex. Energy (nm)
-------------------------------------------------------------------------------------------------
     1  triplet        -74.27689163
     2  singlet        -74.24467127          0.03222036          0.87676053       1414.11726555
     3  singlet        -74.19738024          0.07951139          2.16361457        573.04208522
     4  triplet        -74.17501648          0.10187515          2.77216352        447.24714032
     5  triplet        -74.11778320          0.15910843          4.32955996        286.36679442
     6  singlet        -74.11532634          0.16156529          4.39641437        282.01213603
     7  singlet        -74.10735039          0.16954124          4.61345098        268.74507037
     8  singlet        -74.03977650          0.23711513          6.45222985        192.15716669
     9  singlet        -73.90207034          0.37482129         10.19940468        121.56025242
    10  triplet        -73.54571156          0.73118007         19.89641887         62.31484245
    11  triplet        -73.49220930          0.78468233         21.35228907         58.06600889
    12  triplet        -73.39020109          0.88669054         24.12807333         51.38587695
    13  singlet        -73.28239311          0.99449852         27.06167711         45.81542385
    14  singlet        -73.22971733          1.04717430         28.49505784         43.51078050
    15  singlet        -73.11651525          1.16037638         31.57544274         39.26602763
    16  singlet        -73.08619961          1.19069202         32.40037292         38.26629434

Singlet state dipole moments:

  Root       Dx         Dy         Dz         |D|  (Debye)
------------------------------------------------------------
     1     1.6130     0.0000    -1.2773     2.0574
     2     1.3968     0.0000    -1.1287     1.7958
     3     2.3251     0.0000    -1.8242     2.9553
     4     1.2715    -0.0000    -1.0515     1.6500
     5     1.8319     0.0000    -1.4394     2.3298
     6     2.9251     0.0000    -2.3067     3.7252
     7     1.9927     0.0000    -1.5595     2.5304
     8     1.1817    -0.0000    -0.9426     1.5116
     9    -1.6718     0.0000     1.3522     2.1502
    10     2.4052     0.0000    -1.8901     3.0590

Triplet state dipole moments:

  Root       Dx         Dy         Dz         |D|  (Debye)
------------------------------------------------------------
     1     1.2350     0.0000    -0.9946     1.5857
     2     2.3184     0.0000    -1.8332     2.9556
     3     1.8858     0.0000    -1.5085     2.4149
     4     2.1640     0.0000    -1.6874     2.7441
     5     1.7454    -0.0000    -1.3731     2.2208
     6     2.8256     0.0000    -2.2116     3.5882

Singlet state electronic transitions:

 Transition      Tx        Ty        Tz       |T|    Osc. (a.u.) 
-----------------------------------------------------------------
   1 ->  2     0.0000   -0.1279    0.0000    0.1279    0.0005
   1 ->  3     0.0000   -0.0043   -0.0000    0.0043    0.0000
   1 ->  4    -0.0620   -0.0000    0.0471    0.0778    0.0006
   1 ->  5     0.0045    0.0000    0.0111    0.0120    0.0000
   1 ->  6    -0.0067    0.0000    0.0063    0.0092    0.0000
   1 ->  7     0.0000    0.8187    0.0000    0.8187    0.4299
   1 ->  8     0.2229   -0.0000   -0.1771    0.2847    0.0549
   1 ->  9    -0.3748   -0.0000    0.3294    0.4990    0.1873
   1 -> 10     0.2594   -0.0000    0.3250    0.4159    0.1336
   2 ->  3     0.0863   -0.0000    0.1283    0.1546    0.0013
   2 ->  4    -0.0000    0.2043   -0.0000    0.2043    0.0025
   2 ->  5    -0.0000    0.0024    0.0000    0.0024    0.0000
   2 ->  6     0.0000   -0.0521    0.0000    0.0521    0.0005
   2 ->  7     0.5322    0.0000   -0.4269    0.6822    0.2839
   2 ->  8    -0.0000   -0.6718   -0.0000    0.6718    0.2912
   2 ->  9     0.0000    0.2744    0.0000    0.2744    0.0543
   2 -> 10     0.0000    0.0022   -0.0000    0.0022    0.0000
   3 ->  4     0.0000   -0.0014   -0.0000    0.0014    0.0000
   3 ->  5    -0.0000    0.1917   -0.0000    0.1917    0.0019
   3 ->  6     0.0000   -0.0055   -0.0000    0.0055    0.0000
   3 ->  7     0.4603   -0.0000    0.5724    0.7345    0.2996
   3 ->  8    -0.0000   -0.0044   -0.0000    0.0044    0.0000
   3 ->  9    -0.0000   -0.0057    0.0000    0.0057    0.0000
   3 -> 10    -0.0000   -0.6994   -0.0000    0.6994    0.3356
   4 ->  5     0.1253    0.0000    0.1739    0.2143    0.0021
   4 ->  6     0.1179    0.0000   -0.0914    0.1491    0.0030
   4 ->  7     0.0000   -0.0778   -0.0000    0.0778    0.0033
   4 ->  8     0.6600    0.0000   -0.5288    0.8457    0.4185
   4 ->  9     0.1370    0.0000   -0.1127    0.1774    0.0208
   4 -> 10    -0.1238    0.0000   -0.1461    0.1915    0.0250
   5 ->  6    -0.0822   -0.0000   -0.1298    0.1537    0.0022
   5 ->  7     0.0000   -0.0000    0.0000    0.0000    0.0000
   5 ->  8     0.4518   -0.0000    0.5605    0.7199    0.2799
   5 ->  9     0.0710   -0.0000    0.0871    0.1124    0.0078
   5 -> 10     0.4452    0.0000   -0.3586    0.5716    0.2077
   6 ->  7     0.0000   -0.0427    0.0000    0.0427    0.0008
   6 ->  8    -0.0385    0.0000    0.0323    0.0502    0.0011
   6 ->  9     0.0043    0.0000   -0.0055    0.0070    0.0000
   6 -> 10    -0.5399    0.0000   -0.6809    0.8690    0.4108
   7 ->  8    -0.0000    0.2835   -0.0000    0.2835    0.0028
   7 ->  9     0.0000    0.0227   -0.0000    0.0227    0.0001
   7 -> 10    -0.0000    0.0073    0.0000    0.0073    0.0000
   8 ->  9     0.0884    0.0000   -0.0712    0.1135    0.0010
   8 -> 10     0.0580    0.0000    0.1001    0.1157    0.0013
   9 -> 10    -0.0198    0.0000   -0.0407    0.0453    0.0000

Triplet state electronic transitions:

 Transition      Tx        Ty        Tz       |T|    Osc. (a.u.) 
-----------------------------------------------------------------
   1 ->  2    -0.0590   -0.0000   -0.0917    0.1090    0.0008
   1 ->  3    -0.0000    0.0042    0.0000    0.0042    0.0000
   1 ->  4     0.5195    0.0000   -0.4128    0.6635    0.2146
   1 ->  5    -0.0000   -0.6369   -0.0000    0.6369    0.2122
   1 ->  6     0.0000    0.0010    0.0000    0.0010    0.0000
   2 ->  3    -0.0000    0.1752   -0.0000    0.1752    0.0012
   2 ->  4    -0.4690    0.0000   -0.5912    0.7546    0.2389
   2 ->  5    -0.0000    0.0010   -0.0000    0.0010    0.0000
   2 ->  6     0.0000    0.6374    0.0000    0.6374    0.2125
   3 ->  4    -0.0000   -0.0001   -0.0000    0.0001    0.0000
   3 ->  5     0.4677   -0.0000    0.5915    0.7541    0.2372
   3 ->  6    -0.5159   -0.0000    0.4085    0.6581    0.2100
   4 ->  5     0.0000   -0.1723    0.0000    0.1723    0.0011
   4 ->  6     0.0000   -0.0040   -0.0000    0.0040    0.0000
   5 ->  6     0.0605    0.0000    0.0924    0.1104    0.0008


Total CASCI Time
----------------------------
 Total Time:       0.73 sec
----------------------------

Total processing time: 2.10 sec 

 Job finished: Sun Apr 12 11:57:45 2020

