Startfile from command line: neutral_5spd_2henergies.inp


       ***********************************************************
       *                    TeraChem v1.93-fanoci                *
       *                 Hg Version: 7463361648cf+               *
       *                   Development Version                   *
       *                Compiled without textures                *
       *           Chemistry at the Speed of Graphics!           *
       ***********************************************************
       * This program may only be used in connection with        *
       * a valid license from PetaChem, LLC. Use of this program *
       * or results thereof indicates acceptance of all terms    *
       * and conditions stated in the license and that a valid   *
       * license agreement between the user and PetaChem, LLC    *
       * exists. PetaChem, LLC does not warrant the correctness  *
       * of results or their suitability for any purpose.        *
       * Please email bugs, suggestions, and comments to         *
       *                  help@petachem.com                      *
       *                                                         *
       ***********************************************************


       ***********************************************************
       *  Compiled by hollas       Sun Apr 12 11:40:26 CEST 2020  *
       *  Supported architectures: sm_52 sm_60 sm_70             *
       *  Cuda compilation tools, release 9.0, V9.0.176          *
       ***********************************************************


 Job started   Sun Apr 12 13:35:15 2020
 On n28 (available memory: 2576 MB)

######################################### RUNTIME INFO ##########################################
/home/hollas/programes/TeraChem-dev/production-fanoci-merge/build/bin/terachem neutral_5spd_2henergies.inp 

NVRM version: NVIDIA UNIX x86_64 Kernel Module  415.25  Wed Dec 12 10:22:08 CST 2018
GCC version:  gcc version 4.7.2 (Debian 4.7.2-5) 

	linux-vdso.so.1 =>  (0x00007fff0efca000)
	libcurl.so.4 => /usr/lib/x86_64-linux-gnu/libcurl.so.4 (0x00002b1cf7cd8000)
	libgpubox.so.1 => /home/hollas/programes/TeraChem-dev/production-fanoci-merge/build/lib/libgpubox.so.1 (0x00002b1cf7f42000)
	libtensorbox.so.1 => /home/hollas/programes/TeraChem-dev/production-fanoci-merge/build/lib/libtensorbox.so.1 (0x00002b1cf8148000)
	libintbox.so.1 => /home/hollas/programes/TeraChem-dev/production-fanoci-merge/build/lib/libintbox.so.1 (0x00002b1cf8361000)
	libthcbox.so.1 => /home/hollas/programes/TeraChem-dev/production-fanoci-merge/build/lib/libthcbox.so.1 (0x00002b1d0e94b000)
	libgridbox.so.1 => /home/hollas/programes/TeraChem-dev/production-fanoci-merge/build/lib/libgridbox.so.1 (0x00002b1d0fd22000)
	libdftbox.so.1 => /home/hollas/programes/TeraChem-dev/production-fanoci-merge/build/lib/libdftbox.so.1 (0x00002b1d1017d000)
	libcibox.so.1 => /home/hollas/programes/TeraChem-dev/production-fanoci-merge/build/lib/libcibox.so.1 (0x00002b1d10460000)
	libccbox.so.1 => /home/hollas/programes/TeraChem-dev/production-fanoci-merge/build/lib/libccbox.so.1 (0x00002b1d107fb000)
	libsandboxbox.so.1 => /home/hollas/programes/TeraChem-dev/production-fanoci-merge/build/lib/libsandboxbox.so.1 (0x00002b1d109fc000)
	libcuda.so.1 => /usr/local/programs/cuda/driver/usr/lib/x86_64-linux-gnu/libcuda.so.1 (0x00002b1d10bff000)
	libcudart.so.9.0 => /home/hollas/programes/TeraChem-dev/production-fanoci-merge/build/lib/libcudart.so.9.0 (0x00002b1d11cf2000)
	libcublas.so.9.0 => /home/hollas/programes/TeraChem-dev/production-fanoci-merge/build/lib/libcublas.so.9.0 (0x00002b1d11f5f000)
	libcufft.so.9.0 => /home/hollas/programes/TeraChem-dev/production-fanoci-merge/build/lib/libcufft.so.9.0 (0x00002b1d15bdd000)
	libcusparse.so.9.0 => /home/hollas/programes/TeraChem-dev/production-fanoci-merge/build/lib/libcusparse.so.9.0 (0x00002b1d1dc7e000)
	libcrypto.so.1.0.0 => /usr/lib/x86_64-linux-gnu/libcrypto.so.1.0.0 (0x00002b1d213e4000)
	libssl.so.1.0.0 => /usr/lib/x86_64-linux-gnu/libssl.so.1.0.0 (0x00002b1d217df000)
	libstdc++.so.6 => /usr/lib/x86_64-linux-gnu/libstdc++.so.6 (0x00002b1d21a40000)
	libm.so.6 => /lib/x86_64-linux-gnu/libm.so.6 (0x00002b1d21d47000)
	libcilkrts.so.5 => /home/hollas/programes/TeraChem-dev/production-fanoci-merge/build/lib/libcilkrts.so.5 (0x00002b1d21fca000)
	libgcc_s.so.1 => /lib/x86_64-linux-gnu/libgcc_s.so.1 (0x00002b1d22205000)
	libpthread.so.0 => /lib/x86_64-linux-gnu/libpthread.so.0 (0x00002b1d2241b000)
	libc.so.6 => /lib/x86_64-linux-gnu/libc.so.6 (0x00002b1d22638000)
	/lib64/ld-linux-x86-64.so.2 (0x00002b1cf7ab6000)
	libdl.so.2 => /lib/x86_64-linux-gnu/libdl.so.2 (0x00002b1d229c3000)
	libidn.so.11 => /usr/lib/x86_64-linux-gnu/libidn.so.11 (0x00002b1d22bc7000)
	libssh2.so.1 => /usr/lib/x86_64-linux-gnu/libssh2.so.1 (0x00002b1d22dfc000)
	liblber-2.4.so.2 => /usr/lib/x86_64-linux-gnu/liblber-2.4.so.2 (0x00002b1d23025000)
	libldap_r-2.4.so.2 => /usr/lib/x86_64-linux-gnu/libldap_r-2.4.so.2 (0x00002b1d23234000)
	librt.so.1 => /lib/x86_64-linux-gnu/librt.so.1 (0x00002b1d23486000)
	libgssapi_krb5.so.2 => /usr/lib/x86_64-linux-gnu/libgssapi_krb5.so.2 (0x00002b1d2368e000)
	librtmp.so.0 => /usr/lib/x86_64-linux-gnu/librtmp.so.0 (0x00002b1d238ce000)
	libz.so.1 => /lib/x86_64-linux-gnu/libz.so.1 (0x00002b1d23ae9000)
	libnvidia-fatbinaryloader.so.415.25 => /usr/local/programs/cuda/driver/usr/lib/x86_64-linux-gnu/libnvidia-fatbinaryloader.so.415.25 (0x00002b1d23d01000)
	libgcrypt.so.11 => /lib/x86_64-linux-gnu/libgcrypt.so.11 (0x00002b1d23f4e000)
	libresolv.so.2 => /lib/x86_64-linux-gnu/libresolv.so.2 (0x00002b1d241ce000)
	libsasl2.so.2 => /usr/lib/x86_64-linux-gnu/libsasl2.so.2 (0x00002b1d243e4000)
	libgnutls.so.26 => /usr/lib/x86_64-linux-gnu/libgnutls.so.26 (0x00002b1d245ff000)
	libkrb5.so.3 => /usr/lib/x86_64-linux-gnu/libkrb5.so.3 (0x00002b1d248c0000)
	libk5crypto.so.3 => /usr/lib/x86_64-linux-gnu/libk5crypto.so.3 (0x00002b1d24b94000)
	libcom_err.so.2 => /lib/x86_64-linux-gnu/libcom_err.so.2 (0x00002b1d24dbd000)
	libkrb5support.so.0 => /usr/lib/x86_64-linux-gnu/libkrb5support.so.0 (0x00002b1d24fc2000)
	libkeyutils.so.1 => /lib/x86_64-linux-gnu/libkeyutils.so.1 (0x00002b1d251cb000)
	libgpg-error.so.0 => /lib/x86_64-linux-gnu/libgpg-error.so.0 (0x00002b1d253d0000)
	libtasn1.so.3 => /usr/lib/x86_64-linux-gnu/libtasn1.so.3 (0x00002b1d255d3000)
	libp11-kit.so.0 => /usr/lib/x86_64-linux-gnu/libp11-kit.so.0 (0x00002b1d257e4000)
#################################################################################################

Cannot find license.dat file in the TeraChem installation directory /home/hollas/programes/TeraChem-dev/production-fanoci-merge/build


TRYING THE NETWORK LICENSE...
Connecting to license server '403-as67-01' port '8080'...
Connected!
Checking your license...

**************************************************************
  Greetings, Petr Slavicek! You have 100 licenses in total
  IN USE: 1
  AVAILABLE: 99

  ATTENTION: A NEWER TERACHEM VERSION (v.1.93) IS AVAILABLE
  TO UPGRADE, PLEASE RUN 'terachem -u' OR CONTACT PETACHEM
**************************************************************

Jobname: water1
Scratch directory: scr-fanoci-1s-mom-5spd-2henergies
Random number seed: 460841746

XYZ coordinates ../water1.xyz
Molden File Output: scr-fanoci-1s-mom-5spd-2henergies/water1.molden
Using basis set: cc-pvtz-nof-evtemp-5s5p5d
dmrgstart not found
cibox_start not found
Spin multiplicity: 1
DIIS will use up to 10 vectors.
Condition number limit for the DIIS overlap matrix is            0
WF convergence threshold: 1.00e-08
Using DIIS algorithm to converge WF
Maximum number of SCF iterations: 100
Incremental fock with rebuild every 8 iterations
Will switch to conventional Fock if diffuse functions are detected
X-matrix tolerance: 1.00e-05
PRECISION: MIXED
Single/Double precision threshold: 1.00e-03
DFT Functional requested: hf
Method: Hartree-Fock 
Wavefunction: RESTRICTED
Initial guess will be loaded from scr-fanoci-1s-neutral-5spd/c0

********************************************
***** SINGLE POINT ENERGY CALCULATIONS *****
********************************************

****  FANO-CI 2e MO INTEGRAL DRIVER ON! ****
Threshold for printing integrals is 1.00000e-09
*************WARNING***************
Unrecognized or unnecessary keywords:
These are being ignored.
   mix_guess 0
***********************************

using 1 out of 1 CUDA devices
   Device 0:  GeForce GTX TITAN X, 12212MB, CC 5.2 -- CPU THREAD 0
-------------------------------------------------------------------
Compiled with MAGMA support.  MAGMA parameters:
    Matrices larger than 5000 square will be treated with MAGMA
       (Change by setting the MagmaMinN environment variable)
    Magma will use 1 out of 1 GPUs
       (Change by setting the MagmaNGPUs environment variable)
-------------------------------------------------------------------
 CPU Memory Available: 16103.50 MegaWords 
 GPU Memory Available: 1270.60 MegaWords 
 Maximum recommended basis set size: 13300 basis functions
 (limited by GPU memory)
-------------------------------------------------------------------
Reading basis set from file /home/hollas/programes/TeraChem-dev/production-fanoci-merge/build/basis/cc-pvtz-nof-evtemp-5s5p5d
Using d-functions. Configuring GPUs accordingly.
0: CUBLAS initialized, available GPU memory: 9577MB

****** QM coordinates ******
H         0.0000000000         0.0000000000         0.0000000000  
O         0.0000000000         0.0000000000         0.9683790000  
H         0.9300130000         0.0000000000         1.2083680000  

Basis set:       cc-pvtz-nof-evtemp-5s5p5d
Total atoms:     3
Total charge:    0
Total electrons: 10 (5-alpha, 5-beta)
Number electrons modeled by ECPs: 0
Total orbitals:  105
Total AO shells: 36 (15 S-shells; 12 P-shells; 9 D-shells; 0 F-shells; 0 G-shells)
Spin multiplicity: 1
Nuclear repulsion energy (QM atoms): 9.126310008901 a.u.

Entering computation of MO integrals for FANO-CI.

************************************* WARNING *************************************
 3 out of 105 eigenvalues of the overlap matrix are smaller than xtol = 1.0e-05
 and will be flushed to zero. In many cases this is caused by bad geometry of the
 molecule, Cartesian basis sets, or the use of diffuse basis functions. 
 Try using a spherical basis representation 'sphericalbasis yes'. If the SCF procedure does not
 converge, increase the threshold by setting 'xtol' to 1.0e-04 or 1.0e-03 and/or
 decrease the coulomb and exchange integral screening thresholds 'threall' 
 up to 1.0e-21 or 1.0e-22. In addition, you can try to loosen the the WF 
 convergence threshold, perform several geometry optimization steps, and run the 
 calculations again with the new geometry. You can also try to switch to double
 precision instead of mixed (default) or single precision.
***********************************************************************************


                      *** Start SCF Iterations ***

 Iter     DIIS Error       Energy change         Energy        Time(s)
------------------------------------------------------------------------
         >>> Purifying P... IDMP = 7.22e-15 <<<
   1     0.0000001091     -76.0592453812     -76.0592453812     0.15  
   2     0.0000000022      -0.0000000000     -76.0592453812     0.06  
   3     0.0000000011      +0.0000000000     -76.0592453812     0.05  
------------------------------------------------------------------------
FINAL ENERGY: -76.0592453812 a.u.
HOMO-LUMO GAP: 17.274 eV
CENTER OF MASS: {0.052041, 0.000000, 0.927620} ANGS
DIPOLE MOMENT: {1.599749, 0.000000, -1.247593} (|D| = 2.028715) DEBYE
Writing out molden info

Running Mulliken population analysis...


  Active Space Parameters
--------------------------------------------
Number of closed orbitals:               1
Number of active orbitals:               4
Number of virtual orbitals:             97
Number of molecular orbitals:          102
Number of basis functions:             105
Number of active electrons:              6
Number of alpha electrons:               3
Number of beta electrons:                3

  Orbital      Energy  
-----------------------
      1      -20.556184
      2       -1.343351
      3       -0.707933
      4       -0.578207
      5       -0.504695
      6        0.130100
      7        0.198697

  CAS Parameters
--------------------------------------------
Number of determinants:                 16
Number of singlet CSFs:                 10
Number of doublet CSFs:                  0
Number of triplet CSFs:                  6
Number of quartet CSFs:                  0
Number of quintet CSFs:                  0
Number of sextet CSFs:                   0
Number of septet CSFs:                   0
Number of singlet states:               10
Number of doublet states:                0
Number of triplet states:                6
Number of quartet states:                0
Number of quintet states:                0
Number of sextet states:                 0
Number of septet states:                 0
Using the hard-coded solver

Singlet state  1 energy:        -74.32243316500929

        0.97303494225776  X2 X3 X4
       -0.22021103222053  X2 X3 X5
       -0.05409046118776  X3 X4 X5
       -0.03600081097769  X2 X4 X5

Singlet state  2 energy:        -74.28597086346528

        0.70531055831042  X2 X3 A4 B5
        0.70531055831042  X2 X3 B4 A5
       -0.04956380752081  A2 X3 X4 B5
       -0.04956380752081  B2 X3 X4 A5

Singlet state  3 energy:        -74.20656763060653

       -0.95599417183298  X2 X3 X5
       -0.20354206448722  X2 X3 X4
        0.15480870522661  X2 X4 X5
        0.08435049580499  A2 X3 B4 X5
        0.08435049580499  B2 X3 A4 X5
        0.07882187414956  X3 X4 X5

Singlet state  4 energy:        -74.19748606540017

        0.70704971112262  X2 A3 X4 B5
        0.70704971112262  X2 B3 X4 A5

Singlet state  5 energy:        -74.12912747478084

        0.70662555023402  X2 A3 B4 X5
        0.70662555023402  X2 B3 A4 X5
        0.02326798528859  A2 B3 X4 X5
        0.02326798528859  B2 A3 X4 X5

Singlet state  6 energy:        -73.98976519827676

       -0.98043586833622  X2 X4 X5
       -0.13646816501907  X2 X3 X5
        0.12804490915861  X3 X4 X5
       -0.06021747529739  X2 X3 X4

Singlet state  7 energy:        -73.36990294719592

        0.70536666617067  A2 X3 X4 B5
        0.70536666617067  B2 X3 X4 A5
        0.04957424304742  X2 X3 A4 B5
        0.04957424304742  X2 X3 B4 A5

Singlet state  8 energy:        -73.32270469630976

       -0.70167835593905  A2 X3 B4 X5
       -0.70167835593905  B2 X3 A4 X5
       -0.11073118465124  X2 X3 X5
       -0.04732174316644  X2 X3 X4
        0.02477403324723  X2 X4 X5

Singlet state  9 energy:        -73.17228024449206

        0.70670490471443  A2 B3 X4 X5
        0.70670490471443  B2 A3 X4 X5
       -0.02327322262819  X2 A3 B4 X5
       -0.02327322262819  X2 B3 A4 X5

Singlet state 10 energy:        -72.58050079885288

        0.98707451521577  X3 X4 X5
        0.11313602209542  X2 X4 X5
        0.08065749372034  X2 X3 X5
        0.07681997261938  X2 X3 X4

Triplet state  1 energy:        -74.36414196178347

       -0.70707055806851  X2 X3 A4 B5
        0.70707055806851  X2 X3 B4 A5

Triplet state  2 energy:        -74.25740388304436

        0.70709028422189  X2 A3 X4 B5
       -0.70709028422189  X2 B3 X4 A5

Triplet state  3 energy:        -74.20910019561893

       -0.70710212821889  X2 A3 B4 X5
        0.70710212821889  X2 B3 A4 X5

Triplet state  4 energy:        -73.63080878436878

        0.70708675392956  A2 X3 X4 B5
       -0.70708675392956  B2 X3 X4 A5

Triplet state  5 energy:        -73.58637523213670

        0.70709574491838  A2 X3 B4 X5
       -0.70709574491838  B2 X3 A4 X5

Triplet state  6 energy:        -73.48108971594768

       -0.70709139406837  A2 B3 X4 X5
        0.70709139406837  B2 A3 X4 X5

  Root   Mult.   Total Energy (a.u.)   Ex. Energy (a.u.)     Ex. Energy (eV)     Ex. Energy (nm)
-------------------------------------------------------------------------------------------------
     1  triplet        -74.36414196
     2  singlet        -74.32243317          0.04170880          1.13495392       1092.41634125
     3  singlet        -74.28597086          0.07817110          2.12714346        582.86722523
     4  triplet        -74.25740388          0.10673808          2.90449042        426.87081975
     5  triplet        -74.20910020          0.15504177          4.21890041        293.87804523
     6  singlet        -74.20656763          0.15757433          4.28781500        289.15478067
     7  singlet        -74.19748607          0.16665590          4.53493693        273.39789446
     8  singlet        -74.12912747          0.23501449          6.39506851        193.87473407
     9  singlet        -73.98976520          0.37437676         10.18730837        121.70459177
    10  triplet        -73.63080878          0.73333318         19.95500776         62.13188299
    11  triplet        -73.58637523          0.77776673         21.16410603         58.58230937
    12  triplet        -73.48108972          0.88305225         24.02907022         51.59759390
    13  singlet        -73.36990295          0.99423901         27.05461564         45.82738205
    14  singlet        -73.32270470          1.04143727         28.33894518         43.75047128
    15  singlet        -73.17228024          1.19186172         32.43220210         38.22873955
    16  singlet        -72.58050080          1.78364116         48.53533747         25.54514446

Singlet state dipole moments:

  Root       Dx         Dy         Dz         |D|  (Debye)
------------------------------------------------------------
     1     1.3160     0.0000    -1.0226     1.6666
     2     1.2763     0.0000    -1.0243     1.6365
     3     1.2970    -0.0000    -1.0680     1.6802
     4     2.0445     0.0000    -1.5850     2.5869
     5     1.6806    -0.0000    -1.3052     2.1280
     6     2.6670     0.0000    -2.0950     3.3914
     7     1.6740     0.0000    -1.2849     2.1103
     8     1.0976    -0.0000    -0.8636     1.3966
     9     2.6273     0.0000    -2.0683     3.3437
    10     2.4822     0.0000    -1.8681     3.1066

Triplet state dipole moments:

  Root       Dx         Dy         Dz         |D|  (Debye)
------------------------------------------------------------
     1     1.1023     0.0000    -0.8767     1.4084
     2     2.0360     0.0000    -1.5964     2.5872
     3     1.7650    -0.0000    -1.4071     2.2573
     4     1.8565     0.0000    -1.4212     2.3380
     5     1.5972    -0.0000    -1.2397     2.0218
     6     2.5406     0.0000    -1.9700     3.2149

Singlet state electronic transitions:

 Transition      Tx        Ty        Tz       |T|    Osc. (a.u.) 
-----------------------------------------------------------------
   1 ->  2     0.0000   -0.0825    0.0000    0.0825    0.0002
   1 ->  3    -0.0407   -0.0000    0.0287    0.0498    0.0002
   1 ->  4     0.0000   -0.0053   -0.0000    0.0053    0.0000
   1 ->  5    -0.0210   -0.0000   -0.0329    0.0391    0.0002
   1 ->  6     0.0074   -0.0000   -0.0069    0.0101    0.0000
   1 ->  7    -0.0000   -0.8493   -0.0000    0.8493    0.4580
   1 ->  8    -0.2173   -0.0000    0.1723    0.2773    0.0512
   1 ->  9     0.0637   -0.0000    0.0791    0.1015    0.0079
   1 -> 10    -0.0059   -0.0000    0.0042    0.0073    0.0001
   2 ->  3    -0.0000    0.1558   -0.0000    0.1558    0.0013
   2 ->  4     0.1272    0.0000    0.1835    0.2233    0.0029
   2 ->  5     0.0000   -0.0022   -0.0000    0.0022    0.0000
   2 ->  6    -0.0000    0.0500   -0.0000    0.0500    0.0005
   2 ->  7    -0.5614   -0.0000    0.4545    0.7223    0.3186
   2 ->  8     0.0000    0.6621    0.0000    0.6621    0.2815
   2 ->  9    -0.0000    0.0044    0.0000    0.0044    0.0000
   2 -> 10    -0.0000    0.0497    0.0000    0.0497    0.0028
   3 ->  4    -0.0000   -0.0014    0.0000    0.0014    0.0000
   3 ->  5    -0.1741    0.0000   -0.2365    0.2937    0.0045
   3 ->  6    -0.1095   -0.0000    0.0858    0.1391    0.0028
   3 ->  7     0.0000    0.1083    0.0000    0.1083    0.0065
   3 ->  8    -0.6933   -0.0000    0.5585    0.8902    0.4670
   3 ->  9    -0.1526    0.0000   -0.1853    0.2400    0.0397
   3 -> 10    -0.0573   -0.0000    0.0463    0.0736    0.0059
   4 ->  5    -0.0000   -0.1680   -0.0000    0.1680    0.0013
   4 ->  6    -0.0000    0.0068    0.0000    0.0068    0.0000
   4 ->  7    -0.5021    0.0000   -0.6246    0.8014    0.3544
   4 ->  8    -0.0000    0.0048    0.0000    0.0048    0.0000
   4 ->  9    -0.0000   -0.6447   -0.0000    0.6447    0.2841
   4 -> 10    -0.0000    0.0026    0.0000    0.0026    0.0000
   5 ->  6    -0.1234   -0.0000   -0.1876    0.2245    0.0047
   5 ->  7     0.0000   -0.0015    0.0000    0.0015    0.0000
   5 ->  8     0.4905   -0.0000    0.6094    0.7823    0.3290
   5 ->  9    -0.5367   -0.0000    0.4303    0.6879    0.3018
   5 -> 10     0.0158   -0.0000    0.0145    0.0215    0.0005
   6 ->  7     0.0000   -0.0578    0.0000    0.0578    0.0014
   6 ->  8    -0.0223    0.0000    0.0196    0.0297    0.0004
   6 ->  9     0.6137   -0.0000    0.7758    0.9892    0.5332
   6 -> 10    -0.0016   -0.0000   -0.0013    0.0021    0.0000
   7 ->  8    -0.0000    0.2469   -0.0000    0.2469    0.0019
   7 ->  9     0.0000   -0.0097   -0.0000    0.0097    0.0000
   7 -> 10    -0.0000   -0.9736   -0.0000    0.9736    0.4989
   8 ->  9    -0.1112   -0.0000   -0.1744    0.2069    0.0043
   8 -> 10     0.8207    0.0000   -0.6556    1.0504    0.5460
   9 -> 10    -0.7907    0.0000   -0.9978    1.2731    0.6395

Triplet state electronic transitions:

 Transition      Tx        Ty        Tz       |T|    Osc. (a.u.) 
-----------------------------------------------------------------
   1 ->  2    -0.0965   -0.0000   -0.1434    0.1728    0.0021
   1 ->  3    -0.0000    0.0052    0.0000    0.0052    0.0000
   1 ->  4     0.5504    0.0000   -0.4405    0.7050    0.2430
   1 ->  5    -0.0000   -0.6510   -0.0000    0.6510    0.2198
   1 ->  6    -0.0000   -0.0008    0.0000    0.0008    0.0000
   2 ->  3    -0.0000    0.1444   -0.0000    0.1444    0.0007
   2 ->  4    -0.5061    0.0000   -0.6373    0.8138    0.2767
   2 ->  5    -0.0000    0.0008   -0.0000    0.0008    0.0000
   2 ->  6    -0.0000   -0.6505   -0.0000    0.6505    0.2190
   3 ->  4     0.0000   -0.0000   -0.0000    0.0000    0.0000
   3 ->  5     0.5057   -0.0000    0.6384    0.8145    0.2754
   3 ->  6     0.5499    0.0000   -0.4388    0.7035    0.2402
   4 ->  5     0.0000   -0.1418    0.0000    0.1418    0.0006
   4 ->  6    -0.0000    0.0050    0.0000    0.0050    0.0000
   5 ->  6    -0.0949   -0.0000   -0.1405    0.1696    0.0020


Total CASCI Time
----------------------------
 Total Time:       0.52 sec
----------------------------

Total processing time: 3.13 sec 

 Job finished: Sun Apr 12 13:35:37 2020

