Startfile from command line: fanoci_1s_neutral_cvdz.inp


       ***********************************************************
       *                    TeraChem v1.93-fanoci                *
       *                 Hg Version: cf679da1a57f+               *
       *                   Development Version                   *
       *                Compiled without textures                *
       *           Chemistry at the Speed of Graphics!           *
       ***********************************************************
       * This program may only be used in connection with        *
       * a valid license from PetaChem, LLC. Use of this program *
       * or results thereof indicates acceptance of all terms    *
       * and conditions stated in the license and that a valid   *
       * license agreement between the user and PetaChem, LLC    *
       * exists. PetaChem, LLC does not warrant the correctness  *
       * of results or their suitability for any purpose.        *
       * Please email bugs, suggestions, and comments to         *
       *                  help@petachem.com                      *
       *                                                         *
       ***********************************************************


       ***********************************************************
       *  Compiled by hollas       Fri Nov 29 12:26:21 CET 2019  *
       *  Supported architectures: sm_52 sm_60 sm_70             *
       *  Cuda compilation tools, release 9.0, V9.0.176          *
       ***********************************************************


 Job started   Thu Jan 30 14:47:22 2020
 On n29 (available memory: 52644 MB)

######################################### RUNTIME INFO ##########################################
/home/hollas/programes/TeraChem-dev/production-fanoci-merge/build/bin/terachem fanoci_1s_neutral_cvdz.inp 

NVRM version: NVIDIA UNIX x86_64 Kernel Module  415.25  Wed Dec 12 10:22:08 CST 2018
GCC version:  gcc version 4.7.2 (Debian 4.7.2-5) 

	linux-vdso.so.1 =>  (0x00007fff9c3c3000)
	libcurl.so.4 => /usr/lib/x86_64-linux-gnu/libcurl.so.4 (0x00002b7e92111000)
	libgpubox.so.1 => /home/hollas/programes/TeraChem-dev/production-fanoci-merge/build/lib/libgpubox.so.1 (0x00002b7e9237b000)
	libtensorbox.so.1 => /home/hollas/programes/TeraChem-dev/production-fanoci-merge/build/lib/libtensorbox.so.1 (0x00002b7e92581000)
	libintbox.so.1 => /home/hollas/programes/TeraChem-dev/production-fanoci-merge/build/lib/libintbox.so.1 (0x00002b7e9279a000)
	libthcbox.so.1 => /home/hollas/programes/TeraChem-dev/production-fanoci-merge/build/lib/libthcbox.so.1 (0x00002b7ea8d84000)
	libgridbox.so.1 => /home/hollas/programes/TeraChem-dev/production-fanoci-merge/build/lib/libgridbox.so.1 (0x00002b7eaa15b000)
	libdftbox.so.1 => /home/hollas/programes/TeraChem-dev/production-fanoci-merge/build/lib/libdftbox.so.1 (0x00002b7eaa5b6000)
	libcibox.so.1 => /home/hollas/programes/TeraChem-dev/production-fanoci-merge/build/lib/libcibox.so.1 (0x00002b7eaa899000)
	libccbox.so.1 => /home/hollas/programes/TeraChem-dev/production-fanoci-merge/build/lib/libccbox.so.1 (0x00002b7eaac34000)
	libsandboxbox.so.1 => /home/hollas/programes/TeraChem-dev/production-fanoci-merge/build/lib/libsandboxbox.so.1 (0x00002b7eaae35000)
	libcuda.so.1 => /usr/local/programs/cuda/driver/usr/lib/x86_64-linux-gnu/libcuda.so.1 (0x00002b7eab038000)
	libcudart.so.9.0 => /home/hollas/programes/TeraChem-dev/production-fanoci-merge/build/lib/libcudart.so.9.0 (0x00002b7eac12b000)
	libcublas.so.9.0 => /home/hollas/programes/TeraChem-dev/production-fanoci-merge/build/lib/libcublas.so.9.0 (0x00002b7eac398000)
	libcufft.so.9.0 => /home/hollas/programes/TeraChem-dev/production-fanoci-merge/build/lib/libcufft.so.9.0 (0x00002b7eb0016000)
	libcusparse.so.9.0 => /home/hollas/programes/TeraChem-dev/production-fanoci-merge/build/lib/libcusparse.so.9.0 (0x00002b7eb80b7000)
	libcrypto.so.1.0.0 => /usr/lib/x86_64-linux-gnu/libcrypto.so.1.0.0 (0x00002b7ebb81d000)
	libssl.so.1.0.0 => /usr/lib/x86_64-linux-gnu/libssl.so.1.0.0 (0x00002b7ebbc18000)
	libstdc++.so.6 => /usr/lib/x86_64-linux-gnu/libstdc++.so.6 (0x00002b7ebbe79000)
	libm.so.6 => /lib/x86_64-linux-gnu/libm.so.6 (0x00002b7ebc180000)
	libcilkrts.so.5 => /home/hollas/programes/TeraChem-dev/production-fanoci-merge/build/lib/libcilkrts.so.5 (0x00002b7ebc403000)
	libgcc_s.so.1 => /lib/x86_64-linux-gnu/libgcc_s.so.1 (0x00002b7ebc63e000)
	libpthread.so.0 => /lib/x86_64-linux-gnu/libpthread.so.0 (0x00002b7ebc854000)
	libc.so.6 => /lib/x86_64-linux-gnu/libc.so.6 (0x00002b7ebca71000)
	/lib64/ld-linux-x86-64.so.2 (0x00002b7e91eef000)
	libdl.so.2 => /lib/x86_64-linux-gnu/libdl.so.2 (0x00002b7ebcdfc000)
	libidn.so.11 => /usr/lib/x86_64-linux-gnu/libidn.so.11 (0x00002b7ebd000000)
	libssh2.so.1 => /usr/lib/x86_64-linux-gnu/libssh2.so.1 (0x00002b7ebd235000)
	liblber-2.4.so.2 => /usr/lib/x86_64-linux-gnu/liblber-2.4.so.2 (0x00002b7ebd45e000)
	libldap_r-2.4.so.2 => /usr/lib/x86_64-linux-gnu/libldap_r-2.4.so.2 (0x00002b7ebd66d000)
	librt.so.1 => /lib/x86_64-linux-gnu/librt.so.1 (0x00002b7ebd8bf000)
	libgssapi_krb5.so.2 => /usr/lib/x86_64-linux-gnu/libgssapi_krb5.so.2 (0x00002b7ebdac7000)
	librtmp.so.0 => /usr/lib/x86_64-linux-gnu/librtmp.so.0 (0x00002b7ebdd07000)
	libz.so.1 => /lib/x86_64-linux-gnu/libz.so.1 (0x00002b7ebdf22000)
	libnvidia-fatbinaryloader.so.415.25 => /usr/local/programs/cuda/driver/usr/lib/x86_64-linux-gnu/libnvidia-fatbinaryloader.so.415.25 (0x00002b7ebe13a000)
	libgcrypt.so.11 => /lib/x86_64-linux-gnu/libgcrypt.so.11 (0x00002b7ebe387000)
	libresolv.so.2 => /lib/x86_64-linux-gnu/libresolv.so.2 (0x00002b7ebe607000)
	libsasl2.so.2 => /usr/lib/x86_64-linux-gnu/libsasl2.so.2 (0x00002b7ebe81d000)
	libgnutls.so.26 => /usr/lib/x86_64-linux-gnu/libgnutls.so.26 (0x00002b7ebea38000)
	libkrb5.so.3 => /usr/lib/x86_64-linux-gnu/libkrb5.so.3 (0x00002b7ebecf9000)
	libk5crypto.so.3 => /usr/lib/x86_64-linux-gnu/libk5crypto.so.3 (0x00002b7ebefcd000)
	libcom_err.so.2 => /lib/x86_64-linux-gnu/libcom_err.so.2 (0x00002b7ebf1f6000)
	libkrb5support.so.0 => /usr/lib/x86_64-linux-gnu/libkrb5support.so.0 (0x00002b7ebf3fb000)
	libkeyutils.so.1 => /lib/x86_64-linux-gnu/libkeyutils.so.1 (0x00002b7ebf604000)
	libgpg-error.so.0 => /lib/x86_64-linux-gnu/libgpg-error.so.0 (0x00002b7ebf809000)
	libtasn1.so.3 => /usr/lib/x86_64-linux-gnu/libtasn1.so.3 (0x00002b7ebfa0c000)
	libp11-kit.so.0 => /usr/lib/x86_64-linux-gnu/libp11-kit.so.0 (0x00002b7ebfc1d000)
#################################################################################################

Cannot find license.dat file in the TeraChem installation directory /home/hollas/programes/TeraChem-dev/production-fanoci-merge/build


TRYING THE NETWORK LICENSE...
Connecting to license server '403-as67-01' port '8080'...
Connected!
Checking your license...

**************************************************************
  Greetings, Petr Slavicek! You have 100 licenses in total
  IN USE: 0
  AVAILABLE: 100

  ATTENTION: A NEWER TERACHEM VERSION (v.1.93) IS AVAILABLE
  TO UPGRADE, PLEASE RUN 'terachem -u' OR CONTACT PETACHEM
**************************************************************

Jobname: water1
Scratch directory: scr-fanoci-1s-neutral-cvdz
Random number seed: 2129275890

XYZ coordinates ../water1.xyz
Molden File Output: scr-fanoci-1s-neutral-cvdz/water1.molden
Using basis set: cc-pcvdz
dmrgstart not found
cibox_start not found
Spin multiplicity: 1
DIIS will use up to 10 vectors.
Condition number limit for the DIIS overlap matrix is            0
WF convergence threshold: 1.00e-08
Using DIIS algorithm to converge WF
Maximum number of SCF iterations: 100
Incremental fock with rebuild every 8 iterations
Will switch to conventional Fock if diffuse functions are detected
X-matrix tolerance: 1.00e-05
PRECISION: DOUBLE
DFT Functional requested: hf
Method: Hartree-Fock 
Wavefunction: RESTRICTED
Initial guess generated by maximum overlap

********************************************
***** SINGLE POINT ENERGY CALCULATIONS *****
********************************************

****  FANO-CI 2e MO INTEGRAL DRIVER ON! ****
Threshold for printing integrals is 1.00000e-11

using 1 out of 1 CUDA devices
   Device 0:  GeForce GTX TITAN X, 12212MB, CC 5.2 -- CPU THREAD 0
-------------------------------------------------------------------
Compiled with MAGMA support.  MAGMA parameters:
    Matrices larger than 5000 square will be treated with MAGMA
       (Change by setting the MagmaMinN environment variable)
    Magma will use 1 out of 1 GPUs
       (Change by setting the MagmaNGPUs environment variable)
-------------------------------------------------------------------
 CPU Memory Available: 16103.50 MegaWords 
 GPU Memory Available: 1270.60 MegaWords 
 Maximum recommended basis set size: 13300 basis functions
 (limited by GPU memory)
-------------------------------------------------------------------
Reading basis set from file /home/hollas/programes/TeraChem-dev/production-fanoci-merge/build/basis/cc-pcvdz
Using d-functions. Configuring GPUs accordingly.
0: CUBLAS initialized, available GPU memory: 9577MB

****** QM coordinates ******
H         0.0000000000         0.0000000000         0.0000000000  
O         0.0000000000         0.0000000000         0.9683790000  
H         0.9300130000         0.0000000000         1.2083680000  

Basis set:       cc-pcvdz
Total atoms:     3
Total charge:    0
Total electrons: 10 (5-alpha, 5-beta)
Number electrons modeled by ECPs: 0
Total orbitals:  29
Total AO shells: 14 (8 S-shells; 5 P-shells; 1 D-shells; 0 F-shells; 0 G-shells)
Spin multiplicity: 1
Nuclear repulsion energy (QM atoms): 9.126310008901 a.u.

Entering computation of MO integrals for FANO-CI.

                      *** Start SCF Iterations ***

 Iter     DIIS Error       Energy change         Energy        Time(s)
------------------------------------------------------------------------
         >>> Purifying P... IDMP = 3.66e-15 <<<
   1     0.7978517532     -75.5452127419     -75.5452127419     0.04  
   2     0.1674627918      -0.4237575563     -75.9689702981     0.03  
   3     0.0786195467      -0.0507750613     -76.0197453595     0.03  
   4     0.0136787455      -0.0068085277     -76.0265538871     0.03  
   5     0.0040273255      -0.0005133051     -76.0270671922     0.03  
   6     0.0010497946      -0.0000452526     -76.0271124449     0.03  
   7     0.0001540281      -0.0000039664     -76.0271164112     0.03  
   8     0.0000402228      -0.0000000492     -76.0271164604     0.03  
   9     0.0000094401      -0.0000000040     -76.0271164644     0.03  
  10     0.0000006701      -0.0000000002     -76.0271164646     0.03  
  11     0.0000001522      -0.0000000000     -76.0271164646     0.03  
  12     0.0000000238      -0.0000000000     -76.0271164646     0.03  
  13     0.0000000088      +0.0000000000     -76.0271164646     0.03  
------------------------------------------------------------------------
FINAL ENERGY: -76.0271164646 a.u.
HOMO-LUMO GAP: 18.327 eV
CENTER OF MASS: {0.052041, 0.000000, 0.927620} ANGS
DIPOLE MOMENT: {1.631175, 0.000000, -1.270886} (|D| = 2.067821) DEBYE
Writing out molden info

Running Mulliken population analysis...


  Active Space Parameters
--------------------------------------------
Number of closed orbitals:               0
Number of active orbitals:               6
Number of virtual orbitals:             23
Number of molecular orbitals:           29
Number of basis functions:              29
Number of active electrons:             10
Number of alpha electrons:               5
Number of beta electrons:                5

  Orbital      Energy  
-----------------------
      1      -20.551578
      2       -1.333536
      3       -0.696149
      4       -0.566114
      5       -0.493524
      6        0.179985
      7        0.254875
      8        0.783302

  CAS Parameters
--------------------------------------------
Number of determinants:                 36
Number of singlet CSFs:                 21
Number of doublet CSFs:                  0
Number of triplet CSFs:                 15
Number of quartet CSFs:                  0
Number of quintet CSFs:                  0
Number of sextet CSFs:                   0
Number of septet CSFs:                   0
Number of singlet states:                0
Number of doublet states:                0
Number of triplet states:                0
Number of quartet states:                0
Number of quintet states:                0
Number of sextet states:                 0
Number of septet states:                 0
Using the explicit solver

Entering FANO-CI integral generation routine!
/***** FINISHED INTEGRALS BETWEEN OCCUPIED ORBITALS ******/
Number of frozen virtual orbitals: 0.
Computing 2e MOints up to virtual orbital 29.
Computing 2e MOints for virtual orbital 6.
Computing 2e MOints for virtual orbital 7.
Computing 2e MOints for virtual orbital 8.
Computing 2e MOints for virtual orbital 9.
Computing 2e MOints for virtual orbital 10.
Computing 2e MOints for virtual orbital 11.
Computing 2e MOints for virtual orbital 12.
Computing 2e MOints for virtual orbital 13.
Computing 2e MOints for virtual orbital 14.
Computing 2e MOints for virtual orbital 15.
Computing 2e MOints for virtual orbital 16.
Computing 2e MOints for virtual orbital 17.
Computing 2e MOints for virtual orbital 18.
Computing 2e MOints for virtual orbital 19.
Computing 2e MOints for virtual orbital 20.
Computing 2e MOints for virtual orbital 21.
Computing 2e MOints for virtual orbital 22.
Computing 2e MOints for virtual orbital 23.
Computing 2e MOints for virtual orbital 24.
Computing 2e MOints for virtual orbital 25.
Computing 2e MOints for virtual orbital 26.
Computing 2e MOints for virtual orbital 27.
Computing 2e MOints for virtual orbital 28.
Computing 2e MOints for virtual orbital 29.
Printing MO integrals between occupied orbitals.
Succesfully build integrals. Exiting CASCI...

Total CASCI Time
----------------------------
 Total Time:       0.90 sec
----------------------------

Total processing time: 1.35 sec 

 Job finished: Thu Jan 30 14:47:29 2020

