Startfile from command line: fanoci_1s_neutral_3spd.inp


       ***********************************************************
       *                    TeraChem v1.93-fanoci                *
       *                 Hg Version: cf679da1a57f+               *
       *                   Development Version                   *
       *                Compiled without textures                *
       *           Chemistry at the Speed of Graphics!           *
       ***********************************************************
       * This program may only be used in connection with        *
       * a valid license from PetaChem, LLC. Use of this program *
       * or results thereof indicates acceptance of all terms    *
       * and conditions stated in the license and that a valid   *
       * license agreement between the user and PetaChem, LLC    *
       * exists. PetaChem, LLC does not warrant the correctness  *
       * of results or their suitability for any purpose.        *
       * Please email bugs, suggestions, and comments to         *
       *                  help@petachem.com                      *
       *                                                         *
       ***********************************************************


       ***********************************************************
       *  Compiled by hollas       Fri Nov 29 12:26:21 CET 2019  *
       *  Supported architectures: sm_52 sm_60 sm_70             *
       *  Cuda compilation tools, release 9.0, V9.0.176          *
       ***********************************************************


 Job started   Thu Jan 30 15:40:37 2020
 On n29 (available memory: 52083 MB)

######################################### RUNTIME INFO ##########################################
/home/hollas/programes/TeraChem-dev/production-fanoci-merge/build/bin/terachem fanoci_1s_neutral_3spd.inp 

NVRM version: NVIDIA UNIX x86_64 Kernel Module  415.25  Wed Dec 12 10:22:08 CST 2018
GCC version:  gcc version 4.7.2 (Debian 4.7.2-5) 

	linux-vdso.so.1 =>  (0x00007fff9ebff000)
	libcurl.so.4 => /usr/lib/x86_64-linux-gnu/libcurl.so.4 (0x00002b72c1c80000)
	libgpubox.so.1 => /home/hollas/programes/TeraChem-dev/production-fanoci-merge/build/lib/libgpubox.so.1 (0x00002b72c1eea000)
	libtensorbox.so.1 => /home/hollas/programes/TeraChem-dev/production-fanoci-merge/build/lib/libtensorbox.so.1 (0x00002b72c20f0000)
	libintbox.so.1 => /home/hollas/programes/TeraChem-dev/production-fanoci-merge/build/lib/libintbox.so.1 (0x00002b72c2309000)
	libthcbox.so.1 => /home/hollas/programes/TeraChem-dev/production-fanoci-merge/build/lib/libthcbox.so.1 (0x00002b72d88f3000)
	libgridbox.so.1 => /home/hollas/programes/TeraChem-dev/production-fanoci-merge/build/lib/libgridbox.so.1 (0x00002b72d9cca000)
	libdftbox.so.1 => /home/hollas/programes/TeraChem-dev/production-fanoci-merge/build/lib/libdftbox.so.1 (0x00002b72da125000)
	libcibox.so.1 => /home/hollas/programes/TeraChem-dev/production-fanoci-merge/build/lib/libcibox.so.1 (0x00002b72da408000)
	libccbox.so.1 => /home/hollas/programes/TeraChem-dev/production-fanoci-merge/build/lib/libccbox.so.1 (0x00002b72da7a3000)
	libsandboxbox.so.1 => /home/hollas/programes/TeraChem-dev/production-fanoci-merge/build/lib/libsandboxbox.so.1 (0x00002b72da9a4000)
	libcuda.so.1 => /usr/local/programs/cuda/driver/usr/lib/x86_64-linux-gnu/libcuda.so.1 (0x00002b72daba7000)
	libcudart.so.9.0 => /home/hollas/programes/TeraChem-dev/production-fanoci-merge/build/lib/libcudart.so.9.0 (0x00002b72dbc9a000)
	libcublas.so.9.0 => /home/hollas/programes/TeraChem-dev/production-fanoci-merge/build/lib/libcublas.so.9.0 (0x00002b72dbf07000)
	libcufft.so.9.0 => /home/hollas/programes/TeraChem-dev/production-fanoci-merge/build/lib/libcufft.so.9.0 (0x00002b72dfb85000)
	libcusparse.so.9.0 => /home/hollas/programes/TeraChem-dev/production-fanoci-merge/build/lib/libcusparse.so.9.0 (0x00002b72e7c26000)
	libcrypto.so.1.0.0 => /usr/lib/x86_64-linux-gnu/libcrypto.so.1.0.0 (0x00002b72eb38c000)
	libssl.so.1.0.0 => /usr/lib/x86_64-linux-gnu/libssl.so.1.0.0 (0x00002b72eb787000)
	libstdc++.so.6 => /usr/lib/x86_64-linux-gnu/libstdc++.so.6 (0x00002b72eb9e8000)
	libm.so.6 => /lib/x86_64-linux-gnu/libm.so.6 (0x00002b72ebcef000)
	libcilkrts.so.5 => /home/hollas/programes/TeraChem-dev/production-fanoci-merge/build/lib/libcilkrts.so.5 (0x00002b72ebf72000)
	libgcc_s.so.1 => /lib/x86_64-linux-gnu/libgcc_s.so.1 (0x00002b72ec1ad000)
	libpthread.so.0 => /lib/x86_64-linux-gnu/libpthread.so.0 (0x00002b72ec3c3000)
	libc.so.6 => /lib/x86_64-linux-gnu/libc.so.6 (0x00002b72ec5e0000)
	/lib64/ld-linux-x86-64.so.2 (0x00002b72c1a5e000)
	libdl.so.2 => /lib/x86_64-linux-gnu/libdl.so.2 (0x00002b72ec96b000)
	libidn.so.11 => /usr/lib/x86_64-linux-gnu/libidn.so.11 (0x00002b72ecb6f000)
	libssh2.so.1 => /usr/lib/x86_64-linux-gnu/libssh2.so.1 (0x00002b72ecda4000)
	liblber-2.4.so.2 => /usr/lib/x86_64-linux-gnu/liblber-2.4.so.2 (0x00002b72ecfcd000)
	libldap_r-2.4.so.2 => /usr/lib/x86_64-linux-gnu/libldap_r-2.4.so.2 (0x00002b72ed1dc000)
	librt.so.1 => /lib/x86_64-linux-gnu/librt.so.1 (0x00002b72ed42e000)
	libgssapi_krb5.so.2 => /usr/lib/x86_64-linux-gnu/libgssapi_krb5.so.2 (0x00002b72ed636000)
	librtmp.so.0 => /usr/lib/x86_64-linux-gnu/librtmp.so.0 (0x00002b72ed876000)
	libz.so.1 => /lib/x86_64-linux-gnu/libz.so.1 (0x00002b72eda91000)
	libnvidia-fatbinaryloader.so.415.25 => /usr/local/programs/cuda/driver/usr/lib/x86_64-linux-gnu/libnvidia-fatbinaryloader.so.415.25 (0x00002b72edca9000)
	libgcrypt.so.11 => /lib/x86_64-linux-gnu/libgcrypt.so.11 (0x00002b72edef6000)
	libresolv.so.2 => /lib/x86_64-linux-gnu/libresolv.so.2 (0x00002b72ee176000)
	libsasl2.so.2 => /usr/lib/x86_64-linux-gnu/libsasl2.so.2 (0x00002b72ee38c000)
	libgnutls.so.26 => /usr/lib/x86_64-linux-gnu/libgnutls.so.26 (0x00002b72ee5a7000)
	libkrb5.so.3 => /usr/lib/x86_64-linux-gnu/libkrb5.so.3 (0x00002b72ee868000)
	libk5crypto.so.3 => /usr/lib/x86_64-linux-gnu/libk5crypto.so.3 (0x00002b72eeb3c000)
	libcom_err.so.2 => /lib/x86_64-linux-gnu/libcom_err.so.2 (0x00002b72eed65000)
	libkrb5support.so.0 => /usr/lib/x86_64-linux-gnu/libkrb5support.so.0 (0x00002b72eef6a000)
	libkeyutils.so.1 => /lib/x86_64-linux-gnu/libkeyutils.so.1 (0x00002b72ef173000)
	libgpg-error.so.0 => /lib/x86_64-linux-gnu/libgpg-error.so.0 (0x00002b72ef378000)
	libtasn1.so.3 => /usr/lib/x86_64-linux-gnu/libtasn1.so.3 (0x00002b72ef57b000)
	libp11-kit.so.0 => /usr/lib/x86_64-linux-gnu/libp11-kit.so.0 (0x00002b72ef78c000)
#################################################################################################

Cannot find license.dat file in the TeraChem installation directory /home/hollas/programes/TeraChem-dev/production-fanoci-merge/build


TRYING THE NETWORK LICENSE...
Connecting to license server '403-as67-01' port '8080'...
Connected!
Checking your license...

**************************************************************
  Greetings, Petr Slavicek! You have 100 licenses in total
  IN USE: 0
  AVAILABLE: 100

  ATTENTION: A NEWER TERACHEM VERSION (v.1.93) IS AVAILABLE
  TO UPGRADE, PLEASE RUN 'terachem -u' OR CONTACT PETACHEM
**************************************************************

Jobname: water1
Scratch directory: scr-fanoci-1s-neutral-3spd
Random number seed: 253144237

XYZ coordinates ../water1.xyz
Molden File Output: scr-fanoci-1s-neutral-3spd/water1.molden
Using basis set: cc-pcvdz-evtemp-3s3p3d
dmrgstart not found
cibox_start not found
Spin multiplicity: 1
DIIS will use up to 10 vectors.
Condition number limit for the DIIS overlap matrix is            0
WF convergence threshold: 1.00e-08
Using DIIS algorithm to converge WF
Maximum number of SCF iterations: 100
Incremental fock with rebuild every 8 iterations
Will switch to conventional Fock if diffuse functions are detected
X-matrix tolerance: 1.00e-05
PRECISION: MIXED
Single/Double precision threshold: 1.00e-03
DFT Functional requested: hf
Method: Hartree-Fock 
Wavefunction: RESTRICTED
Initial guess generated by maximum overlap

********************************************
***** SINGLE POINT ENERGY CALCULATIONS *****
********************************************

****  FANO-CI 2e MO INTEGRAL DRIVER ON! ****
Threshold for printing integrals is 1.00000e-11

using 1 out of 1 CUDA devices
   Device 0:  GeForce GTX TITAN X, 12212MB, CC 5.2 -- CPU THREAD 0
-------------------------------------------------------------------
Compiled with MAGMA support.  MAGMA parameters:
    Matrices larger than 5000 square will be treated with MAGMA
       (Change by setting the MagmaMinN environment variable)
    Magma will use 1 out of 1 GPUs
       (Change by setting the MagmaNGPUs environment variable)
-------------------------------------------------------------------
 CPU Memory Available: 16103.50 MegaWords 
 GPU Memory Available: 1270.60 MegaWords 
 Maximum recommended basis set size: 13300 basis functions
 (limited by GPU memory)
-------------------------------------------------------------------
Reading basis set from file /home/hollas/programes/TeraChem-dev/production-fanoci-merge/build/basis/cc-pcvdz-evtemp-3s3p3d
Using d-functions. Configuring GPUs accordingly.
0: CUBLAS initialized, available GPU memory: 9577MB

****** QM coordinates ******
H         0.0000000000         0.0000000000         0.0000000000  
O         0.0000000000         0.0000000000         0.9683790000  
H         0.9300130000         0.0000000000         1.2083680000  

Basis set:       cc-pcvdz-evtemp-3s3p3d
Total atoms:     3
Total charge:    0
Total electrons: 10 (5-alpha, 5-beta)
Number electrons modeled by ECPs: 0
Total orbitals:  59
Total AO shells: 23 (11 S-shells; 8 P-shells; 4 D-shells; 0 F-shells; 0 G-shells)
Spin multiplicity: 1
Nuclear repulsion energy (QM atoms): 9.126310008901 a.u.

WARNING!!! bad MO diagonal overlap: 1.540145e+01: 0
  15.401450 263.824239  83.456026 263.740135  83.434574
 263.82423983713.76628511897.67605483709.93539111890.056223
  83.45602611897.67605410824.87253111882.19714010825.739488
 263.74013583709.93539111882.19714083706.28623411874.578431
  83.43457411890.05622310825.73948811874.57843110827.548569
Entering computation of MO integrals for FANO-CI.

************************************* WARNING *************************************
 2 out of 59 eigenvalues of the overlap matrix are smaller than xtol = 1.0e-05
 and will be flushed to zero. In many cases this is caused by bad geometry of the
 molecule, Cartesian basis sets, or the use of diffuse basis functions. 
 Try using a spherical basis representation 'sphericalbasis yes'. If the SCF procedure does not
 converge, increase the threshold by setting 'xtol' to 1.0e-04 or 1.0e-03 and/or
 decrease the coulomb and exchange integral screening thresholds 'threall' 
 up to 1.0e-21 or 1.0e-22. In addition, you can try to loosen the the WF 
 convergence threshold, perform several geometry optimization steps, and run the 
 calculations again with the new geometry. You can also try to switch to double
 precision instead of mixed (default) or single precision.
***********************************************************************************


                      *** Start SCF Iterations ***

 Iter     DIIS Error       Energy change         Energy        Time(s)
------------------------------------------------------------------------
         >>> Purifying P... IDMP = 1.05e-06 <<<
         >>> Purifying P... IDMP = 2.78e-12 <<<
         >>> Purifying P... IDMP = 1.67e-16 <<<
   1    61.1600570560     +67.0678482542      67.0678482542     0.07  
   2     1.1758228579    -142.3813362572     -75.3134880030     0.06  
   3     0.2077214389      -0.6389036171     -75.9523916201     0.06  
   4     0.1259782490      -0.0693805613     -76.0217721814     0.05  
   5     0.0144704676      -0.0152679303     -76.0370401117     0.05  
   6     0.0048662187      -0.0007372915     -76.0377774031     0.05  
   7     0.0006785829      -0.0000668897     -76.0378442929     0.05  
   8     0.0002100993      -0.0000027388     -76.0378470316     0.05  
   9     0.0000565490      -0.0000001528     -76.0378471844     0.05  
  10     0.0000130998      -0.0000000102     -76.0378471947     0.04  
  11     0.0000019524      -0.0000000005     -76.0378471952     0.04  
  12     0.0000004351      -0.0000000000     -76.0378471952     0.04  
  13     0.0000001075      -0.0000000000     -76.0378471952     0.04  
  14     0.0000000141      +0.0000000000     -76.0378471952     0.03  
  15     0.0000000017      -0.0000000000     -76.0378471952     0.03  
------------------------------------------------------------------------
FINAL ENERGY: -76.0378471952 a.u.
HOMO-LUMO GAP: 18.193 eV
CENTER OF MASS: {0.052041, 0.000000, 0.927620} ANGS
DIPOLE MOMENT: {1.615302, -0.000000, -1.258156} (|D| = 2.047475) DEBYE
Writing out molden info

Running Mulliken population analysis...


  Active Space Parameters
--------------------------------------------
Number of closed orbitals:               0
Number of active orbitals:               6
Number of virtual orbitals:             51
Number of molecular orbitals:           57
Number of basis functions:              59
Number of active electrons:             10
Number of alpha electrons:               5
Number of beta electrons:                5

  Orbital      Energy  
-----------------------
      1      -20.540701
      2       -1.332463
      3       -0.696528
      4       -0.566780
      5       -0.494207
      6        0.174368
      7        0.252808
      8        0.773999

  CAS Parameters
--------------------------------------------
Number of determinants:                 36
Number of singlet CSFs:                 21
Number of doublet CSFs:                  0
Number of triplet CSFs:                 15
Number of quartet CSFs:                  0
Number of quintet CSFs:                  0
Number of sextet CSFs:                   0
Number of septet CSFs:                   0
Number of singlet states:                0
Number of doublet states:                0
Number of triplet states:                0
Number of quartet states:                0
Number of quintet states:                0
Number of sextet states:                 0
Number of septet states:                 0
Using the explicit solver

Entering FANO-CI integral generation routine!
/***** FINISHED INTEGRALS BETWEEN OCCUPIED ORBITALS ******/
Number of frozen virtual orbitals: 0.
Computing 2e MOints up to virtual orbital 57.
Computing 2e MOints for virtual orbital 6.
Computing 2e MOints for virtual orbital 7.
Computing 2e MOints for virtual orbital 8.
Computing 2e MOints for virtual orbital 9.
Computing 2e MOints for virtual orbital 10.
Computing 2e MOints for virtual orbital 11.
Computing 2e MOints for virtual orbital 12.
Computing 2e MOints for virtual orbital 13.
Computing 2e MOints for virtual orbital 14.
Computing 2e MOints for virtual orbital 15.
Computing 2e MOints for virtual orbital 16.
Computing 2e MOints for virtual orbital 17.
Computing 2e MOints for virtual orbital 18.
Computing 2e MOints for virtual orbital 19.
Computing 2e MOints for virtual orbital 20.
Computing 2e MOints for virtual orbital 21.
Computing 2e MOints for virtual orbital 22.
Computing 2e MOints for virtual orbital 23.
Computing 2e MOints for virtual orbital 24.
Computing 2e MOints for virtual orbital 25.
Computing 2e MOints for virtual orbital 26.
Computing 2e MOints for virtual orbital 27.
Computing 2e MOints for virtual orbital 28.
Computing 2e MOints for virtual orbital 29.
Computing 2e MOints for virtual orbital 30.
Computing 2e MOints for virtual orbital 31.
Computing 2e MOints for virtual orbital 32.
Computing 2e MOints for virtual orbital 33.
Computing 2e MOints for virtual orbital 34.
Computing 2e MOints for virtual orbital 35.
Computing 2e MOints for virtual orbital 36.
Computing 2e MOints for virtual orbital 37.
Computing 2e MOints for virtual orbital 38.
Computing 2e MOints for virtual orbital 39.
Computing 2e MOints for virtual orbital 40.
Computing 2e MOints for virtual orbital 41.
Computing 2e MOints for virtual orbital 42.
Computing 2e MOints for virtual orbital 43.
Computing 2e MOints for virtual orbital 44.
Computing 2e MOints for virtual orbital 45.
Computing 2e MOints for virtual orbital 46.
Computing 2e MOints for virtual orbital 47.
Computing 2e MOints for virtual orbital 48.
Computing 2e MOints for virtual orbital 49.
Computing 2e MOints for virtual orbital 50.
Computing 2e MOints for virtual orbital 51.
Computing 2e MOints for virtual orbital 52.
Computing 2e MOints for virtual orbital 53.
Computing 2e MOints for virtual orbital 54.
Computing 2e MOints for virtual orbital 55.
Computing 2e MOints for virtual orbital 56.
Computing 2e MOints for virtual orbital 57.
Printing MO integrals between occupied orbitals.
Succesfully build integrals. Exiting CASCI...

Total CASCI Time
----------------------------
 Total Time:       3.48 sec
----------------------------

Total processing time: 4.22 sec 

 Job finished: Thu Jan 30 15:40:46 2020

