Startfile from command line: aes_1s_mom_vdz.1.inp


       ***********************************************************
       *                    TeraChem v1.93-fanoci                *
       *                 Hg Version: 94d63ba48a25+               *
       *                   Development Version                   *
       *                Compiled without textures                *
       *           Chemistry at the Speed of Graphics!           *
       ***********************************************************
       * This program may only be used in connection with        *
       * a valid license from PetaChem, LLC. Use of this program *
       * or results thereof indicates acceptance of all terms    *
       * and conditions stated in the license and that a valid   *
       * license agreement between the user and PetaChem, LLC    *
       * exists. PetaChem, LLC does not warrant the correctness  *
       * of results or their suitability for any purpose.        *
       * Please email bugs, suggestions, and comments to         *
       *                  help@petachem.com                      *
       *                                                         *
       ***********************************************************


       ***********************************************************
       *  Compiled by hollas       Mon Jun  1 15:15:53 CEST 2020  *
       *  Supported architectures: sm_52 sm_60 sm_70             *
       *  Cuda compilation tools, release 9.0, V9.0.176          *
       ***********************************************************


 Job started   Fri Jul 10 23:38:45 2020
 On n29 (available memory: 97855 MB)

######################################### RUNTIME INFO ##########################################
/home/hollas/programes/TeraChem-dev/production-fanoci-merge/build/bin/terachem aes_1s_mom_vdz.1.inp 

NVRM version: NVIDIA UNIX x86_64 Kernel Module  415.25  Wed Dec 12 10:22:08 CST 2018
GCC version:  gcc version 4.7.2 (Debian 4.7.2-5) 

	linux-vdso.so.1 =>  (0x00007fff6dd63000)
	libcurl.so.4 => /usr/lib/x86_64-linux-gnu/libcurl.so.4 (0x00002b59883c4000)
	libgpubox.so.1 => /home/hollas/programes/TeraChem-dev/production-fanoci-merge/build/lib/libgpubox.so.1 (0x00002b598862e000)
	libtensorbox.so.1 => /home/hollas/programes/TeraChem-dev/production-fanoci-merge/build/lib/libtensorbox.so.1 (0x00002b5988834000)
	libintbox.so.1 => /home/hollas/programes/TeraChem-dev/production-fanoci-merge/build/lib/libintbox.so.1 (0x00002b5988a4d000)
	libthcbox.so.1 => /home/hollas/programes/TeraChem-dev/production-fanoci-merge/build/lib/libthcbox.so.1 (0x00002b599f037000)
	libgridbox.so.1 => /home/hollas/programes/TeraChem-dev/production-fanoci-merge/build/lib/libgridbox.so.1 (0x00002b59a040e000)
	libdftbox.so.1 => /home/hollas/programes/TeraChem-dev/production-fanoci-merge/build/lib/libdftbox.so.1 (0x00002b59a0869000)
	libcibox.so.1 => /home/hollas/programes/TeraChem-dev/production-fanoci-merge/build/lib/libcibox.so.1 (0x00002b59a0b4c000)
	libccbox.so.1 => /home/hollas/programes/TeraChem-dev/production-fanoci-merge/build/lib/libccbox.so.1 (0x00002b59a0ee7000)
	libsandboxbox.so.1 => /home/hollas/programes/TeraChem-dev/production-fanoci-merge/build/lib/libsandboxbox.so.1 (0x00002b59a10e8000)
	libcuda.so.1 => /usr/local/programs/cuda/driver/usr/lib/x86_64-linux-gnu/libcuda.so.1 (0x00002b59a12eb000)
	libcudart.so.9.0 => /home/hollas/programes/TeraChem-dev/production-fanoci-merge/build/lib/libcudart.so.9.0 (0x00002b59a23de000)
	libcublas.so.9.0 => /home/hollas/programes/TeraChem-dev/production-fanoci-merge/build/lib/libcublas.so.9.0 (0x00002b59a264b000)
	libcufft.so.9.0 => /home/hollas/programes/TeraChem-dev/production-fanoci-merge/build/lib/libcufft.so.9.0 (0x00002b59a62c9000)
	libcusparse.so.9.0 => /home/hollas/programes/TeraChem-dev/production-fanoci-merge/build/lib/libcusparse.so.9.0 (0x00002b59ae36a000)
	libcrypto.so.1.0.0 => /usr/lib/x86_64-linux-gnu/libcrypto.so.1.0.0 (0x00002b59b1ad0000)
	libssl.so.1.0.0 => /usr/lib/x86_64-linux-gnu/libssl.so.1.0.0 (0x00002b59b1ecb000)
	libstdc++.so.6 => /usr/lib/x86_64-linux-gnu/libstdc++.so.6 (0x00002b59b212c000)
	libm.so.6 => /lib/x86_64-linux-gnu/libm.so.6 (0x00002b59b2433000)
	libcilkrts.so.5 => /home/hollas/programes/TeraChem-dev/production-fanoci-merge/build/lib/libcilkrts.so.5 (0x00002b59b26b6000)
	libgcc_s.so.1 => /lib/x86_64-linux-gnu/libgcc_s.so.1 (0x00002b59b28f1000)
	libpthread.so.0 => /lib/x86_64-linux-gnu/libpthread.so.0 (0x00002b59b2b07000)
	libc.so.6 => /lib/x86_64-linux-gnu/libc.so.6 (0x00002b59b2d24000)
	/lib64/ld-linux-x86-64.so.2 (0x00002b59881a2000)
	libdl.so.2 => /lib/x86_64-linux-gnu/libdl.so.2 (0x00002b59b30af000)
	libidn.so.11 => /usr/lib/x86_64-linux-gnu/libidn.so.11 (0x00002b59b32b3000)
	libssh2.so.1 => /usr/lib/x86_64-linux-gnu/libssh2.so.1 (0x00002b59b34e8000)
	liblber-2.4.so.2 => /usr/lib/x86_64-linux-gnu/liblber-2.4.so.2 (0x00002b59b3711000)
	libldap_r-2.4.so.2 => /usr/lib/x86_64-linux-gnu/libldap_r-2.4.so.2 (0x00002b59b3920000)
	librt.so.1 => /lib/x86_64-linux-gnu/librt.so.1 (0x00002b59b3b72000)
	libgssapi_krb5.so.2 => /usr/lib/x86_64-linux-gnu/libgssapi_krb5.so.2 (0x00002b59b3d7a000)
	librtmp.so.0 => /usr/lib/x86_64-linux-gnu/librtmp.so.0 (0x00002b59b3fba000)
	libz.so.1 => /lib/x86_64-linux-gnu/libz.so.1 (0x00002b59b41d5000)
	libnvidia-fatbinaryloader.so.415.25 => /usr/local/programs/cuda/driver/usr/lib/x86_64-linux-gnu/libnvidia-fatbinaryloader.so.415.25 (0x00002b59b43ed000)
	libgcrypt.so.11 => /lib/x86_64-linux-gnu/libgcrypt.so.11 (0x00002b59b463a000)
	libresolv.so.2 => /lib/x86_64-linux-gnu/libresolv.so.2 (0x00002b59b48ba000)
	libsasl2.so.2 => /usr/lib/x86_64-linux-gnu/libsasl2.so.2 (0x00002b59b4ad0000)
	libgnutls.so.26 => /usr/lib/x86_64-linux-gnu/libgnutls.so.26 (0x00002b59b4ceb000)
	libkrb5.so.3 => /usr/lib/x86_64-linux-gnu/libkrb5.so.3 (0x00002b59b4fac000)
	libk5crypto.so.3 => /usr/lib/x86_64-linux-gnu/libk5crypto.so.3 (0x00002b59b5280000)
	libcom_err.so.2 => /lib/x86_64-linux-gnu/libcom_err.so.2 (0x00002b59b54a9000)
	libkrb5support.so.0 => /usr/lib/x86_64-linux-gnu/libkrb5support.so.0 (0x00002b59b56ae000)
	libkeyutils.so.1 => /lib/x86_64-linux-gnu/libkeyutils.so.1 (0x00002b59b58b7000)
	libgpg-error.so.0 => /lib/x86_64-linux-gnu/libgpg-error.so.0 (0x00002b59b5abc000)
	libtasn1.so.3 => /usr/lib/x86_64-linux-gnu/libtasn1.so.3 (0x00002b59b5cbf000)
	libp11-kit.so.0 => /usr/lib/x86_64-linux-gnu/libp11-kit.so.0 (0x00002b59b5ed0000)
#################################################################################################

Cannot find license.dat file in the TeraChem installation directory /home/hollas/programes/TeraChem-dev/production-fanoci-merge/build


TRYING THE NETWORK LICENSE...
Connecting to license server '403-as67-01' port '8080'...
Connected!
Checking your license...

**************************************************************
  Greetings, Petr Slavicek! You have 100 licenses in total
  IN USE: 0
  AVAILABLE: 100
**************************************************************

Jobname: h2o_mini_wpbe056_631gs
Scratch directory: scr-aes-1s-mom-vdz
Random number seed: 1466677130

XYZ coordinates h2o_mini_wpbe056_631gs.xyz
Molden File Output: scr-aes-1s-mom-vdz/h2o_mini_wpbe056_631gs.molden
Using basis set: cc-pvdz
dmrgstart not found
cibox_start not found
Spin multiplicity: 2
DIIS will use up to 10 vectors.
Condition number limit for the DIIS overlap matrix is            0
WF convergence threshold: 1.00e-07
Using DIIS algorithm to converge WF
Maximum number of SCF iterations: 100
Incremental fock with rebuild every 8 iterations
Will switch to conventional Fock if diffuse functions are detected
X-matrix tolerance: 1.00e-04
PRECISION: DOUBLE
DFT Functional requested: hf
Method: Hartree-Fock 
Wavefunction: RESTRICTED OPEN SHELL
Initial guess for alpha spin will be loaded from scr-aes-1s-neutral-vdz/c0
Initial guess for beta spin will be loaded from scr-aes-1s-neutral-vdz/c0
Number of excitations from initial orbital occupancy: 1 
Maximum Overlap Method ON since SCF iteration 0!

********************************************
********************************************

using 1 out of 1 CUDA devices
   Device 0:  GeForce GTX TITAN X, 12212MB, CC 5.2 -- CPU THREAD 0
-------------------------------------------------------------------
Compiled with MAGMA support.  MAGMA parameters:
    Matrices larger than 5000 square will be treated with MAGMA
       (Change by setting the MagmaMinN environment variable)
    Magma will use 1 out of 1 GPUs
       (Change by setting the MagmaNGPUs environment variable)
-------------------------------------------------------------------
 CPU Memory Available: 16103.50 MegaWords 
 GPU Memory Available: 1270.55 MegaWords 
 Maximum recommended basis set size: 13300 basis functions
 (limited by GPU memory)
-------------------------------------------------------------------
Reading basis set from file /home/hollas/programes/TeraChem-dev/production-fanoci-merge/build/basis/cc-pvdz
Using d-functions. Configuring GPUs accordingly.
0: CUBLAS initialized, available GPU memory: 9576MB

****** QM coordinates ******
O         0.0033747666         0.0000000000         0.9622937239  
H        -0.0010345966         0.0000000000         0.0056306252  
H         0.9276728300         0.0000000000         1.2088226509  

Basis set:       cc-pvdz
Total atoms:     3
Total charge:    1
Total electrons: 9 (5-alpha, 4-beta)
Number electrons modeled by ECPs: 0
Total orbitals:  25
Total AO shells: 12 (7 S-shells; 4 P-shells; 1 D-shells; 0 F-shells; 0 G-shells)
Spin multiplicity: 2
Nuclear repulsion energy (QM atoms): 9.198741444572 a.u.

Reordering initial orbitals for MOM.

                      *** Start SCF Iterations ***

 Iter     DIIS Error       Energy change         Energy        Time(s)
------------------------------------------------------------------------
Skip purify step
Total MOM overlap 3.870881   / 4 
Smallest overlap in the occupied space = 0.955228 
   1     0.7254588378     -55.4758037352     -55.4758037352     0.06  
Total MOM overlap 3.987122   / 4 
Smallest overlap in the occupied space = 0.995361 
   2     0.3296100756      -0.5226505712     -55.9984543064     0.06  
Total MOM overlap 3.999987   / 4 
Smallest overlap in the occupied space = 0.999994 
   3     0.0140011108      -0.1426361923     -56.1410904986     0.06  
Total MOM overlap 3.999999   / 4 
Smallest overlap in the occupied space = 1.000000 
   4     0.0023295798      -0.0001338485     -56.1412243471     0.06  
Total MOM overlap 4.000000   / 4 
Smallest overlap in the occupied space = 1.000000 
   5     0.0003916505      -0.0000058063     -56.1412301535     0.05  
Total MOM overlap 4.000000   / 4 
Smallest overlap in the occupied space = 1.000000 
   6     0.0000771768      -0.0000003860     -56.1412305395     0.05  
Total MOM overlap 4.000000   / 4 
Smallest overlap in the occupied space = 1.000000 
   7     0.0000134007      -0.0000000157     -56.1412305552     0.05  
Total MOM overlap 4.000000   / 4 
Smallest overlap in the occupied space = 1.000000 
   8     0.0000013794      -0.0000000004     -56.1412305556     0.05  
Total MOM overlap 4.000000   / 4 
Smallest overlap in the occupied space = 1.000000 
   9     0.0000002058      -0.0000000000     -56.1412305556     0.05  
  10     0.0000000261      -0.0000000000     -56.1412305556     0.05  
------------------------------------------------------------------------
FINAL ENERGY: -56.1412305556 a.u.
HOMO-LUMO GAP: alpha: 583.488 eV
               beta:  -556.875 eV 
CENTER OF MASS: {0.054849, 0.000000, 0.922556} ANGS
DIPOLE MOMENT: {2.307838, -0.000000, -1.781696} (|D| = 2.915572) DEBYE
SPIN SZ:         0.500000
SPIN S-SQUARED: 0.750000 (exact: 0.75)
Writing out molden info

Running Mulliken population analysis...

Sorting orbitals by energy.

Writing out molden info

  Active Space Parameters
--------------------------------------------
Number of closed orbitals:               1
Number of active orbitals:               4
Number of virtual orbitals:             20
Number of molecular orbitals:           25
Number of basis functions:              25
Number of active electrons:              6
Number of alpha electrons:               3
Number of beta electrons:                3

  Orbital      Energy  
-----------------------
      1      -21.610337
      2       -1.974492
      3       -1.303739
      4       -1.198160
      5       -1.145564
      6       -0.167562
      7       -0.093186

  CAS Parameters
--------------------------------------------
Number of determinants:                 16
Number of singlet CSFs:                 10
Number of doublet CSFs:                  0
Number of triplet CSFs:                  6
Number of quartet CSFs:                  0
Number of quintet CSFs:                  0
Number of sextet CSFs:                   0
Number of septet CSFs:                   0
Number of singlet states:               10
Number of doublet states:                0
Number of triplet states:                6
Number of quartet states:                0
Number of quintet states:                0
Number of sextet states:                 0
Number of septet states:                 0
Using the hard-coded solver

Running AES calculation with 2h Population Analysis!
Core MO = 0
Core atom = 0
Nocc 5

Mulliken Population: Atom 0 MO 0 0.99950
Mulliken Population: Atom 0 MO 1 1.64210
Mulliken Population: Atom 0 MO 2 1.47759
Mulliken Population: Atom 0 MO 3 1.80830
Mulliken Population: Atom 0 MO 4 1.96563

Finished writing MO integrals to scr-aes-1s-mom-vdz/moint.all.txt
Singlet state  1 energy:        -74.55878536036180

       -0.97689250931104  X2 X3 X4
        0.19377378707028  X2 X3 X5
        0.06872539016969  X3 X4 X5
        0.03718258860915  X2 X4 X5
        0.03183567451711  A2 X3 B4 X5
        0.03183567451711  B2 X3 A4 X5

Singlet state  2 energy:        -74.49686064360256

        0.70710547253552  X2 X3 A4 B5
        0.70710547253552  X2 X3 B4 A5

Singlet state  3 energy:        -74.37584221204618

        0.97204965631568  X2 X3 X5
        0.17982375548234  X2 X3 X4
       -0.10465639030789  X2 X4 X5
       -0.10001700604431  X3 X4 X5
       -0.03022019281578  A2 X3 B4 X5
       -0.03022019281578  B2 X3 A4 X5

Singlet state  4 energy:        -74.35121007839940

        0.70710678091917  X2 A3 X4 B5
        0.70710678091917  X2 B3 X4 A5

Singlet state  5 energy:        -74.26995599219028

        0.70542957232442  X2 A3 B4 X5
        0.70542957232442  X2 B3 A4 X5
        0.04867357087941  A2 B3 X4 X5
        0.04867357087941  B2 A3 X4 X5

Singlet state  6 energy:        -74.07157739895604

        0.98381266571453  X2 X4 X5
       -0.15089413772243  X3 X4 X5
        0.08132413454634  X2 X3 X5
        0.04149854238026  X2 X3 X4
       -0.02244828687657  A2 X3 B4 X5
       -0.02244828687657  B2 X3 A4 X5

Singlet state  7 energy:        -73.56839362314864

       -0.70710547279412  A2 X3 X4 B5
       -0.70710547279412  B2 X3 X4 A5

Singlet state  8 energy:        -73.52303970133966

       -0.69700113083203  A2 X3 B4 X5
       -0.69700113083203  B2 X3 A4 X5
       -0.13876303499374  X3 X4 X5
       -0.06690467326208  X2 X3 X4
       -0.05020448566157  X2 X3 X5
       -0.04611874885282  X2 X4 X5

Singlet state  9 energy:        -73.28317022009799

       -0.70542957230543  A2 B3 X4 X5
       -0.70542957230543  B2 A3 X4 X5
        0.04867357131348  X2 A3 B4 X5
        0.04867357131348  X2 B3 A4 X5

Singlet state 10 energy:        -72.73663980142433

        0.97121017191645  X3 X4 X5
        0.13285402417629  X2 X4 X5
       -0.10843766028511  A2 X3 B4 X5
       -0.10843766028511  B2 X3 A4 X5
        0.09185357377939  X2 X3 X5
        0.08453447668671  X2 X3 X4

Triplet state  1 energy:        -74.60404724554844

       -0.70484573234843  X2 X3 A4 B5
        0.70484573234843  X2 X3 B4 A5
       -0.05650214651192  A2 X3 X4 B5
        0.05650214651192  B2 X3 X4 A5

Triplet state  2 energy:        -74.43142629836399

        0.70710678041887  X2 A3 X4 B5
       -0.70710678041887  X2 B3 X4 A5

Triplet state  3 energy:        -74.36046646900593

       -0.70461146152457  X2 A3 B4 X5
        0.70461146152457  X2 B3 A4 X5
        0.05935223865584  A2 B3 X4 X5
       -0.05935223865584  B2 A3 X4 X5

Triplet state  4 energy:        -73.86945491221843

       -0.70484573306196  A2 X3 X4 B5
        0.70484573306196  B2 X3 X4 A5
        0.05650214622872  X2 X3 A4 B5
       -0.05650214622872  X2 X3 B4 A5

Triplet state  5 energy:        -73.80076128722835

        0.70710678022134  A2 X3 B4 X5
       -0.70710678022134  B2 X3 A4 X5

Triplet state  6 energy:        -73.62531933298935

       -0.70461146060813  A2 B3 X4 X5
        0.70461146060813  B2 A3 X4 X5
       -0.05935223895878  X2 A3 B4 X5
        0.05935223895878  X2 B3 A4 X5

  Root   Mult.   Total Energy (a.u.)   Ex. Energy (a.u.)     Ex. Energy (eV)     Ex. Energy (nm)
-------------------------------------------------------------------------------------------------
     1  triplet        -74.60404725
     2  singlet        -74.55878536          0.04526189          1.23163836       1006.66092413
     3  singlet        -74.49686064          0.10718660          2.91669536        425.08457534
     4  triplet        -74.43142630          0.17262095          4.69725419        263.95041803
     5  singlet        -74.37584221          0.22820503          6.20977388        199.65979922
     6  triplet        -74.36046647          0.24358078          6.62816907        187.05651495
     7  singlet        -74.35121008          0.25283717          6.88004823        180.20835973
     8  singlet        -74.26995599          0.33409125          9.09108405        136.38001807
     9  singlet        -74.07157740          0.53246985         14.48923933         85.56986177
    10  triplet        -73.86945491          0.73459233         19.98927113         62.02538347
    11  triplet        -73.80076129          0.80328596         21.85851946         56.72123445
    12  triplet        -73.62531933          0.97872791         26.63253715         46.55366480
    13  singlet        -73.56839362          1.03565362         28.18156427         43.99479728
    14  singlet        -73.52303970          1.08100754         29.41570707         42.14898537
    15  singlet        -73.28317022          1.32087703         35.94288667         34.49478664
    16  singlet        -72.73663980          1.86740744         50.81473358         24.39926611

Singlet state dipole moments:

  Root       Dx         Dy         Dz         |D|  (Debye)
------------------------------------------------------------
     1     2.1573    -0.0000    -1.6655     2.7254
     2     1.9040    -0.0000    -1.4699     2.4054
     3     1.7665    -0.0000    -1.3639     2.2318
     4     2.6798    -0.0000    -2.0689     3.3855
     5     2.1983    -0.0000    -1.6972     2.7772
     6     3.1236    -0.0000    -2.4115     3.9462
     7     2.6849    -0.0000    -2.0727     3.3919
     8     1.7409    -0.0000    -1.3440     2.1993
     9     3.3180    -0.0000    -2.5617     4.1918
    10     3.6898    -0.0000    -2.8481     4.6612

Triplet state dipole moments:

  Root       Dx         Dy         Dz         |D|  (Debye)
------------------------------------------------------------
     1     1.7089    -0.0000    -1.3194     2.1590
     2     2.6798    -0.0000    -2.0689     3.3855
     3     2.1634    -0.0000    -1.6703     2.7332
     4     2.8800     0.0000    -2.2232     3.6383
     5     2.3729    -0.0000    -1.8318     2.9977
     6     3.3530    -0.0000    -2.5884     4.2359

Singlet state electronic transitions:

 Transition      Tx        Ty        Tz       |T|    Osc. (a.u.) 
-----------------------------------------------------------------
   1 ->  2    -0.0000    0.1165    0.0000    0.1165    0.0006
   1 ->  3    -0.0702   -0.0000    0.0542    0.0887    0.0010
   1 ->  4     0.0000   -0.0000    0.0000    0.0000    0.0000
   1 ->  5     0.0103    0.0000    0.0133    0.0168    0.0001
   1 ->  6     0.0133    0.0000   -0.0103    0.0168    0.0001
   1 ->  7     0.0000   -0.7284   -0.0000    0.7284    0.3503
   1 ->  8     0.1779    0.0000   -0.1373    0.2247    0.0349
   1 ->  9    -0.0620   -0.0000   -0.0804    0.1015    0.0088
   1 -> 10     0.0166   -0.0000   -0.0128    0.0210    0.0005
   2 ->  3     0.0000   -0.1868   -0.0000    0.1868    0.0028
   2 ->  4    -0.0419    0.0000   -0.0543    0.0686    0.0005
   2 ->  5    -0.0000    0.0000   -0.0000    0.0000    0.0000
   2 ->  6     0.0000   -0.0046   -0.0000    0.0046    0.0000
   2 ->  7     0.4831    0.0000   -0.3729    0.6103    0.2305
   2 ->  8    -0.0000    0.5843    0.0000    0.5843    0.2216
   2 ->  9    -0.0000    0.0000   -0.0000    0.0000    0.0000
   2 -> 10    -0.0000    0.0569   -0.0000    0.0569    0.0038
   3 ->  4     0.0000   -0.0000   -0.0000    0.0000    0.0000
   3 ->  5    -0.0771   -0.0000   -0.0999    0.1262    0.0011
   3 ->  6    -0.0347   -0.0000    0.0268    0.0438    0.0004
   3 ->  7    -0.0000    0.0593   -0.0000    0.0593    0.0019
   3 ->  8     0.6027    0.0000   -0.4653    0.7614    0.3296
   3 ->  9     0.1178    0.0000    0.1525    0.1927    0.0271
   3 -> 10     0.0591    0.0000   -0.0456    0.0747    0.0061
   4 ->  5     0.0000   -0.1687   -0.0000    0.1687    0.0015
   4 ->  6    -0.0000    0.0000   -0.0000    0.0000    0.0000
   4 ->  7    -0.4302    0.0000   -0.5573    0.7041    0.2587
   4 ->  8    -0.0000   -0.0000    0.0000    0.0000    0.0000
   4 ->  9    -0.0000    0.5612    0.0000    0.5612    0.2243
   4 -> 10    -0.0000   -0.0000   -0.0000    0.0000    0.0000
   5 ->  6    -0.0404   -0.0000   -0.0524    0.0661    0.0006
   5 ->  7    -0.0000   -0.0000   -0.0000    0.0000    0.0000
   5 ->  8    -0.4226    0.0000   -0.5473    0.6915    0.2381
   5 ->  9     0.4565    0.0000   -0.3525    0.5768    0.2188
   5 -> 10    -0.0322   -0.0000   -0.0417    0.0527    0.0028
   6 ->  7    -0.0000   -0.0925   -0.0000    0.0925    0.0029
   6 ->  8    -0.0567   -0.0000    0.0438    0.0716    0.0019
   6 ->  9    -0.5122    0.0000   -0.6635    0.8382    0.3692
   6 -> 10     0.0073   -0.0000   -0.0056    0.0092    0.0001
   7 ->  8     0.0000   -0.2952   -0.0000    0.2952    0.0026
   7 ->  9    -0.0000    0.0000   -0.0000    0.0000    0.0000
   7 -> 10    -0.0000    0.8333    0.0000    0.8333    0.3851
   8 ->  9     0.0431    0.0000    0.0557    0.0704    0.0008
   8 -> 10     0.6532    0.0000   -0.5043    0.8252    0.3570
   9 -> 10    -0.6820    0.0000   -0.8835    1.1161    0.4539

Triplet state electronic transitions:

 Transition      Tx        Ty        Tz       |T|    Osc. (a.u.) 
-----------------------------------------------------------------
   1 ->  2     0.0066    0.0000    0.0085    0.0108    0.0000
   1 ->  3     0.0000   -0.0000    0.0000    0.0000    0.0000
   1 ->  4    -0.4516   -0.0000    0.3486    0.5704    0.1594
   1 ->  5     0.0000   -0.5593   -0.0000    0.5593    0.1675
   1 ->  6    -0.0000    0.0000    0.0000    0.0000    0.0000
   2 ->  3    -0.0000    0.1772    0.0000    0.1772    0.0015
   2 ->  4    -0.4322    0.0000   -0.5599    0.7073    0.1874
   2 ->  5     0.0000   -0.0000    0.0000    0.0000    0.0000
   2 ->  6     0.0000   -0.5586   -0.0000    0.5586    0.1677
   3 ->  4    -0.0000   -0.0000    0.0000    0.0000    0.0000
   3 ->  5    -0.4322    0.0000   -0.5599    0.7074    0.1867
   3 ->  6     0.4497    0.0000   -0.3471    0.5681    0.1582
   4 ->  5    -0.0000    0.1750    0.0000    0.1750    0.0014
   4 ->  6    -0.0000    0.0000   -0.0000    0.0000    0.0000
   5 ->  6     0.0048    0.0000    0.0063    0.0079    0.0000

Auger electron intensities based on 2hole analysis:

State   Mult   I(Mulliken)
--------------------------
   1     1     1.00000
   2     1     1.85556
   3     1     0.85372
   4     1     1.54460
   5     1     1.40602
   6     1     0.57555
   7     1     1.69573
   8     1     1.52844
   9     1     1.26864
  10     1     0.72365
  11     3     0.00987
  12     3     0.09309
  13     3     0.04252
  14     3     0.04071
  15     3     0.01080
  16     3     0.01081

Total CASCI Time
----------------------------
 Total Time:       0.14 sec
----------------------------

Total processing time: 0.82 sec 

 Job finished: Fri Jul 10 23:38:51 2020

