Startfile from command line: h2o_mini_wpbe056_631gs.inp


       ***********************************************************
       *                    TeraChem v1.9-2019.12-dev            *
       *                 Hg Version: 037285e329b7+               *
       *                   Development Version                   *
       *                Compiled without textures                *
       *           Chemistry at the Speed of Graphics!           *
       ***********************************************************
       * This program may only be used in connection with        *
       * a valid license from PetaChem, LLC. Use of this program *
       * or results thereof indicates acceptance of all terms    *
       * and conditions stated in the license and that a valid   *
       * license agreement between the user and PetaChem, LLC    *
       * exists. PetaChem, LLC does not warrant the correctness  *
       * of results or their suitability for any purpose.        *
       * Please email bugs, suggestions, and comments to         *
       *                  help@petachem.com                      *
       *                                                         *
       ***********************************************************


       ***********************************************************
       *  Compiled by hollas       Mon Dec  9 12:21:49 CET 2019  *
       *  Supported architectures: sm_52 sm_60                   *
       *  Cuda compilation tools, release 9.0, V9.0.176          *
       ***********************************************************


 Job started   Fri Jul 10 20:50:15 2020
 On n29 (available memory: 97857 MB)

######################################### RUNTIME INFO ##########################################
/usr/local/programs/custom/terachem/terachem-1.9dev/build_2019.12_037285e329b7/bin/terachem h2o_mini_wpbe056_631gs.inp 

NVRM version: NVIDIA UNIX x86_64 Kernel Module  415.25  Wed Dec 12 10:22:08 CST 2018
GCC version:  gcc version 4.7.2 (Debian 4.7.2-5) 

	linux-vdso.so.1 =>  (0x00007fff1a1ff000)
	libcurl.so.4 => /usr/lib/x86_64-linux-gnu/libcurl.so.4 (0x00002b7bcd93a000)
	libOpenMM.so => /usr/local/programs/custom/anaconda/anaconda-4.1.1/arch/x86_64/pkgs/openmm-7.0.1-py35_0/lib/libOpenMM.so (0x00002b7bcdba4000)
	libgpubox.so.1 => /usr/local/programs/custom/terachem/terachem-1.9dev/build_2019.12_037285e329b7/lib/libgpubox.so.1 (0x00002b7bce365000)
	libtensorbox.so.1 => /usr/local/programs/custom/terachem/terachem-1.9dev/build_2019.12_037285e329b7/lib/libtensorbox.so.1 (0x00002b7bce578000)
	libmoleculebox.so.1 => /usr/local/programs/custom/terachem/terachem-1.9dev/build_2019.12_037285e329b7/lib/libmoleculebox.so.1 (0x00002b7bce789000)
	libintbox.so.1 => /usr/local/programs/custom/terachem/terachem-1.9dev/build_2019.12_037285e329b7/lib/libintbox.so.1 (0x00002b7bce99a000)
	libthcbox.so.1 => /usr/local/programs/custom/terachem/terachem-1.9dev/build_2019.12_037285e329b7/lib/libthcbox.so.1 (0x00002b7bdd01b000)
	libgridbox.so.1 => /usr/local/programs/custom/terachem/terachem-1.9dev/build_2019.12_037285e329b7/lib/libgridbox.so.1 (0x00002b7bddddb000)
	libdftbox.so.1 => /usr/local/programs/custom/terachem/terachem-1.9dev/build_2019.12_037285e329b7/lib/libdftbox.so.1 (0x00002b7bde188000)
	libcibox.so.1 => /usr/local/programs/custom/terachem/terachem-1.9dev/build_2019.12_037285e329b7/lib/libcibox.so.1 (0x00002b7bde478000)
	libccbox.so.1 => /usr/local/programs/custom/terachem/terachem-1.9dev/build_2019.12_037285e329b7/lib/libccbox.so.1 (0x00002b7bde944000)
	libsandboxbox.so.1 => /usr/local/programs/custom/terachem/terachem-1.9dev/build_2019.12_037285e329b7/lib/libsandboxbox.so.1 (0x00002b7bdec30000)
	libsqmbox.so.1 => /usr/local/programs/custom/terachem/terachem-1.9dev/build_2019.12_037285e329b7/lib/libsqmbox.so.1 (0x00002b7bdee33000)
	libcuda.so.1 => /usr/local/programs/cuda/driver/usr/lib/x86_64-linux-gnu/libcuda.so.1 (0x00002b7bdf410000)
	libcudart.so.9.0 => /usr/local/programs/custom/terachem/terachem-1.9dev/build_2019.12_037285e329b7/lib/libcudart.so.9.0 (0x00002b7be0503000)
	libcublas.so.9.0 => /usr/local/programs/custom/terachem/terachem-1.9dev/build_2019.12_037285e329b7/lib/libcublas.so.9.0 (0x00002b7be0771000)
	libcufft.so.9.0 => /usr/local/programs/custom/terachem/terachem-1.9dev/build_2019.12_037285e329b7/lib/libcufft.so.9.0 (0x00002b7be43ee000)
	libcusparse.so.9.0 => /usr/local/programs/custom/terachem/terachem-1.9dev/build_2019.12_037285e329b7/lib/libcusparse.so.9.0 (0x00002b7bec490000)
	libcrypto.so.1.0.0 => /usr/lib/x86_64-linux-gnu/libcrypto.so.1.0.0 (0x00002b7befbf6000)
	libssl.so.1.0.0 => /usr/lib/x86_64-linux-gnu/libssl.so.1.0.0 (0x00002b7befff0000)
	libstdc++.so.6 => /usr/lib/x86_64-linux-gnu/libstdc++.so.6 (0x00002b7bf0251000)
	libm.so.6 => /lib/x86_64-linux-gnu/libm.so.6 (0x00002b7bf0559000)
	libcilkrts.so.5 => /usr/local/programs/custom/terachem/terachem-1.9dev/build_2019.12_037285e329b7/lib/libcilkrts.so.5 (0x00002b7bf07db000)
	libgcc_s.so.1 => /lib/x86_64-linux-gnu/libgcc_s.so.1 (0x00002b7bf0a16000)
	libpthread.so.0 => /lib/x86_64-linux-gnu/libpthread.so.0 (0x00002b7bf0c2d000)
	libc.so.6 => /lib/x86_64-linux-gnu/libc.so.6 (0x00002b7bf0e49000)
	/lib64/ld-linux-x86-64.so.2 (0x00002b7bcd718000)
	libdl.so.2 => /lib/x86_64-linux-gnu/libdl.so.2 (0x00002b7bf11d4000)
	libidn.so.11 => /usr/lib/x86_64-linux-gnu/libidn.so.11 (0x00002b7bf13d9000)
	libssh2.so.1 => /usr/lib/x86_64-linux-gnu/libssh2.so.1 (0x00002b7bf160d000)
	liblber-2.4.so.2 => /usr/lib/x86_64-linux-gnu/liblber-2.4.so.2 (0x00002b7bf1836000)
	libldap_r-2.4.so.2 => /usr/lib/x86_64-linux-gnu/libldap_r-2.4.so.2 (0x00002b7bf1a46000)
	librt.so.1 => /lib/x86_64-linux-gnu/librt.so.1 (0x00002b7bf1c97000)
	libgssapi_krb5.so.2 => /usr/lib/x86_64-linux-gnu/libgssapi_krb5.so.2 (0x00002b7bf1e9f000)
	librtmp.so.0 => /usr/lib/x86_64-linux-gnu/librtmp.so.0 (0x00002b7bf20e0000)
	libz.so.1 => /lib/x86_64-linux-gnu/libz.so.1 (0x00002b7bf22fa000)
	libnvidia-fatbinaryloader.so.415.25 => /usr/local/programs/cuda/driver/usr/lib/x86_64-linux-gnu/libnvidia-fatbinaryloader.so.415.25 (0x00002b7bf2512000)
	libgcrypt.so.11 => /lib/x86_64-linux-gnu/libgcrypt.so.11 (0x00002b7bf2760000)
	libresolv.so.2 => /lib/x86_64-linux-gnu/libresolv.so.2 (0x00002b7bf29df000)
	libsasl2.so.2 => /usr/lib/x86_64-linux-gnu/libsasl2.so.2 (0x00002b7bf2bf5000)
	libgnutls.so.26 => /usr/lib/x86_64-linux-gnu/libgnutls.so.26 (0x00002b7bf2e11000)
	libkrb5.so.3 => /usr/lib/x86_64-linux-gnu/libkrb5.so.3 (0x00002b7bf30d1000)
	libk5crypto.so.3 => /usr/lib/x86_64-linux-gnu/libk5crypto.so.3 (0x00002b7bf33a5000)
	libcom_err.so.2 => /lib/x86_64-linux-gnu/libcom_err.so.2 (0x00002b7bf35cf000)
	libkrb5support.so.0 => /usr/lib/x86_64-linux-gnu/libkrb5support.so.0 (0x00002b7bf37d3000)
	libkeyutils.so.1 => /lib/x86_64-linux-gnu/libkeyutils.so.1 (0x00002b7bf39dc000)
	libgpg-error.so.0 => /lib/x86_64-linux-gnu/libgpg-error.so.0 (0x00002b7bf3be1000)
	libtasn1.so.3 => /usr/lib/x86_64-linux-gnu/libtasn1.so.3 (0x00002b7bf3de4000)
	libp11-kit.so.0 => /usr/lib/x86_64-linux-gnu/libp11-kit.so.0 (0x00002b7bf3ff5000)
#################################################################################################

Cannot find license.dat file in the TeraChem installation directory /usr/local/programs/custom/terachem/terachem-1.9dev/build_2019.12_037285e329b7


TRYING THE NETWORK LICENSE...
Connecting to license server '403-as67-01' port '8080'...
Connected!
Checking your license...

**************************************************************
  Greetings, Petr Slavicek! You have 100 licenses in total
  IN USE: 0
  AVAILABLE: 100
**************************************************************

Jobname: water1
Scratch directory: ./scratch001
Random number seed: 1937015456

XYZ coordinates water1.xyz
Molden File Output: ./scratch001/water1.molden
Using basis set: 6-31gs
dmrgstart not found
cibox_start not found
Spin multiplicity: 1
DIIS will use up to 10 vectors.
WF convergence threshold: 3.00e-05
Using DIIS (in Converger class) to converge WF with ADIIS+DIIS as backup
ADIIS will switch to DIIS when the DIIS error drops below 1.00e-03
Maximum number of SCF iterations: 100
Incremental fock with rebuild every 8 iterations
Will switch to conventional Fock if diffuse functions are detected
X-matrix tolerance: 1.00e-04
PRECISION: DYNAMIC
DFT Functional requested: wpbe
Method: wPBE
  wPBE exchange functional:   1.0 
  LR Hartree-Fock exchange:   1.0 
  Range Correction Scaling:   0.560 
  PBE correlation functional: 1.0 
Wavefunction: RESTRICTED
DFT grid type: 1
Using dynamic DFT grids.
Initial guess generated by maximum overlap

********************************************
******* RUNNING GEOMETRY OPTMIZATION *******
********************************************

Geometry optimization parameters:
Max number of optimization cycles: 1000
Convergence threshold (Max grad component): 4.50e-04
Convergence threshold (energy change): 1.00e-06
Maximum of RMSD change allowed between steps is 0.500000
using L-BFGS method
Optimization checkpoint file will be dumped every 10 cycles
Atomic displacement in finite-difference Hessian (Bohr) 0.003000
Each step will be scaled by 1.00
Maximum step size in internal coordinates 0.50
Minimization SCF guess will be regenerated every 10 steps
Job started from scratch
SCF:   Initial guess is taken from previous step

using 1 out of 1 CUDA devices
   Device 0:  GeForce GTX TITAN X, 12212MB, CC 5.2 -- CPU THREAD 0
-------------------------------------------------------------------
Compiled with MAGMA support.  MAGMA parameters:
    Matrices larger than 5000 square will be treated with MAGMA
       (Change by setting the MagmaMinN environment variable)
    Magma will use 1 out of 1 GPUs
       (Change by setting the MagmaNGPUs environment variable)
-------------------------------------------------------------------
 CPU Memory Available: 16103.50 MegaWords 
 GPU Memory Available: 1270.60 MegaWords 
 Maximum recommended basis set size: 13300 basis functions
 (limited by GPU memory)
-------------------------------------------------------------------
Using d-functions. Configuring GPUs accordingly.
0: CUBLAS initialized, available GPU memory: 9577MB

****** QM coordinates ******
O         0.0000000000         0.0000000000         0.9683790000  
H         0.0000000000         0.0000000000         0.0000000000  
H         0.9300130000         0.0000000000         1.2083680000  

Basis set:       6-31gs
Total atoms:     3
Total charge:    0
Total electrons: 10 (5-alpha, 5-beta)
Number electrons modeled by ECPs: 0
Total orbitals:  19
Total AO shells: 10 (7 S-shells; 2 P-shells; 1 D-shells; 0 F-shells; 0 G-shells)
Spin multiplicity: 1
Nuclear repulsion energy (QM atoms): 9.126310008901 a.u.


No optimization coordinates found in the configuration file
Determining the type of coordinates based on the number of individual fragments...
Analyzing structure...
Found 3 atoms, 2 bonds
Building HDLC residues...
Found 1 HDLC residues
done.
Optimization will be performed in DLC coordinates

-------------------------------------------------------
0 additional frames found in water1.xyz
-------------------------------------------------------
***********************************************************************
**                                                                   **
**                              DL-FIND                              **
**                       Geometry Optimisation                       **
**               written by Johannes Kaestner, in 2006               **
**               Copyright:  STFC Daresbury Laboratory               **
**                           Revision:  406 $                        **
**                                                                   **
***********************************************************************
Residue member list:
    0 :     1    1    1

Generating new HDLC for    1 residues

Located a new residue for HDLC
   Residue number is    1
   Number of atoms it contains     3
   Atoms:      1     2     3
   Generating HDLC for residue    1

     The system has     3 degrees of freedom, and     3 non-zero eigenvalues

 call dlf_formstep_init...
 needhessian =  F

DL-FIND Report:
===============
Optimisation algorithm: L-BFGS
Number of steps in L-BFGS memory ...............          9
 
Trust radius based on energy
Maximum step length ............................  5.000E-01
 
Coordinate system: Delocalised internal coordinates (DLC)
 
Number of atoms ................................          3
Number of input geometries .....................          2
Variables to be optimised ......................          3
Restart information is written every ...........         10 steps
This run has not been restarted.
Maximum number of steps ........................       1000
Maximum number of energy evaluations ...........     100000
 
Setting up the DFT grid...
time to set the grid = 0.00 s
DFT grid points: 3162 (1054 points/atom)
Setting up the DFT grid...
time to set the grid = 0.00 s
DFT grid points: 8783 (2927 points/atom)

                      *** Start SCF Iterations ***

 Iter     DIIS Error       Energy change      Electrons        XC Energy           Energy        Time(s)
----------------------------------------------------------------------------------------------------------
         >>> Purifying P... IDMP = 2.11e-15 <<<
THRESPDP set to 1.00e+00
                >>> SWITCHING TO GRID 1 <<<
   1     0.6081121340     -75.9362897902     9.9999837163    -6.3033172955     -75.9362897902     0.06  
                >>> SWITCHING TO GRID 0 <<<
   2     0.3562759490      -0.3437603797     9.9999505260    -6.8747672396     -76.2800501699     0.04  
   3     0.0689185824      -0.0862890785     9.9999387644    -6.5802877086     -76.3663392484     0.04  
   4     0.0109816223      -0.0071656109     9.9999448802    -6.6381315367     -76.3735048593     0.04  
   5     0.0025556462      -0.0002941807     9.9999448227    -6.6370923581     -76.3737990400     0.04  
                >>> SWITCHING TO GRID 1 <<<
   6     0.0006613626      -0.0001260297     9.9999877027    -6.6388020822     -76.3739250697     0.06  
   7     0.0000601648      -0.0000010990     9.9999876502    -6.6388086991     -76.3739261688     0.06  
THRESPDP set to 9.02e-02
   8     0.0000178036      +0.0000004999     9.9999875544    -6.6387738920     -76.3739256689     0.06  
   9     0.0000042772      +0.0000000310     9.9999875029    -6.6387757913     -76.3739256378     0.06  
----------------------------------------------------------------------------------------------------------
FINAL ENERGY: -76.3739256378 a.u.
HOMO-LUMO GAP: 17.486 eV
CENTER OF MASS: {0.052041, 0.000000, 0.927620} ANGS
DIPOLE MOMENT: {1.745033, -0.000019, -1.359029} (|D| = 2.211809) DEBYE

Running Mulliken population analysis...

GPU Memory: 9475 Mb
 Energy calculation finished, energy: -7.637392564E+01

Converting Cartesians to HDLC
Testing convergence  in cycle    1
  Max grad  9.6857E-03 Target: 4.5000E-04 converged?   no
  RMS grad  7.2428E-03 Target: 3.0000E-04 converged?   no
 Predicted step length 2.0000E-02
 Trust radius          1.0000E-01

Converting HDLC to Cartesians
RMSD coordinate change for step 1 is  5.186e-03
Setting up the DFT grid...
time to set the grid = 0.00 s
DFT grid points: 3163 (1054 points/atom)
Setting up the DFT grid...
time to set the grid = 0.00 s
DFT grid points: 8783 (2927 points/atom)

                      *** Start SCF Iterations ***

 Iter     DIIS Error       Energy change      Electrons        XC Energy           Energy        Time(s)
----------------------------------------------------------------------------------------------------------
         >>> Purifying P... IDMP = 4.60e-03 <<<
         >>> Purifying P... IDMP = 2.41e-05 <<<
         >>> Purifying P... IDMP = 6.72e-10 <<<
         >>> Purifying P... IDMP = 2.22e-16 <<<
THRESPDP set to 9.02e-02
                >>> SWITCHING TO GRID 1 <<<
   1     0.0052713056     -76.3740356324     9.9999856245    -6.6413875873     -76.3740356324     0.06  
   2     0.0029703137      -0.0000279725     9.9999856617    -6.6456457542     -76.3740636050     0.05  
   3     0.0007670415      -0.0000052427     9.9999856851    -6.6433486822     -76.3740688477     0.05  
   4     0.0001227464      -0.0000008595     9.9999857243    -6.6439408743     -76.3740697072     0.05  
   5     0.0000316111      -0.0000000167     9.9999856627    -6.6438961074     -76.3740697239     0.05  
   6     0.0000044242      -0.0000000167     9.9999856925    -6.6438922040     -76.3740697406     0.05  
----------------------------------------------------------------------------------------------------------
FINAL ENERGY: -76.3740697406 a.u.
HOMO-LUMO GAP: 17.549 eV
CENTER OF MASS: {0.052913, 0.000000, 0.924349} ANGS
DIPOLE MOMENT: {1.744150, -0.000000, -1.347652} (|D| = 2.204138) DEBYE

Running Mulliken population analysis...

GPU Memory: 9475 Mb
 Energy calculation finished, energy: -7.637406974E+01

Converting Cartesians to HDLC
 Wolfe conditions fulfilled, increasing trust radius
Testing convergence  in cycle    2
    Energy  1.4410E-04 Target: 1.0000E-06 converged?   no
  Max step  1.5442E-02 Target: 1.8000E-03 converged?   no
  RMS step  1.1547E-02 Target: 1.2000E-03 converged?   no
  Max grad  2.1962E-03 Target: 4.5000E-04 converged?   no
  RMS grad  1.3468E-03 Target: 3.0000E-04 converged?   no
 Predicted step length 4.9331E-03
 Trust radius          2.0000E-01

Converting HDLC to Cartesians
RMSD coordinate change for step 2 is  1.119e-03
Setting up the DFT grid...
time to set the grid = 0.00 s
DFT grid points: 3163 (1054 points/atom)
Setting up the DFT grid...
time to set the grid = 0.00 s
DFT grid points: 8783 (2927 points/atom)

                      *** Start SCF Iterations ***

 Iter     DIIS Error       Energy change      Electrons        XC Energy           Energy        Time(s)
----------------------------------------------------------------------------------------------------------
         >>> Purifying P... IDMP = 1.43e-03 <<<
         >>> Purifying P... IDMP = 2.12e-06 <<<
         >>> Purifying P... IDMP = 4.67e-12 <<<
         >>> Purifying P... IDMP = 2.78e-16 <<<
THRESPDP set to 9.02e-02
                >>> SWITCHING TO GRID 1 <<<
   1     0.0010221399     -76.3740756824     9.9999854501    -6.6443481320     -76.3740756824     0.06  
   2     0.0005607046      -0.0000013569     9.9999854822    -6.6451056553     -76.3740770394     0.05  
   3     0.0001884201      -0.0000002124     9.9999855402    -6.6446507107     -76.3740772518     0.05  
   4     0.0000193620      -0.0000000396     9.9999855096    -6.6447839928     -76.3740772914     0.05  
----------------------------------------------------------------------------------------------------------
FINAL ENERGY: -76.3740772914 a.u.
HOMO-LUMO GAP: 17.560 eV
CENTER OF MASS: {0.053633, 0.000000, 0.923404} ANGS
DIPOLE MOMENT: {1.741295, -0.000000, -1.343771} (|D| = 2.199507) DEBYE

Running Mulliken population analysis...

GPU Memory: 9475 Mb
 Energy calculation finished, energy: -7.637407729E+01

Converting Cartesians to HDLC
 Wolfe conditions fulfilled, increasing trust radius
Testing convergence  in cycle    3
    Energy  7.5508E-06 Target: 1.0000E-06 converged?   no
  Max step  4.6453E-03 Target: 1.8000E-03 converged?   no
  RMS step  2.8481E-03 Target: 1.2000E-03 converged?   no
  Max grad  1.0403E-03 Target: 4.5000E-04 converged?   no
  RMS grad  7.0389E-04 Target: 3.0000E-04 converged?   no
 Predicted step length 4.6226E-03
 Trust radius          4.0000E-01

Converting HDLC to Cartesians
RMSD coordinate change for step 3 is  1.385e-03
Setting up the DFT grid...
time to set the grid = 0.00 s
DFT grid points: 3163 (1054 points/atom)
Setting up the DFT grid...
time to set the grid = 0.00 s
DFT grid points: 8782 (2927 points/atom)

                      *** Start SCF Iterations ***

 Iter     DIIS Error       Energy change      Electrons        XC Energy           Energy        Time(s)
----------------------------------------------------------------------------------------------------------
         >>> Purifying P... IDMP = 1.39e-03 <<<
         >>> Purifying P... IDMP = 2.08e-06 <<<
         >>> Purifying P... IDMP = 4.79e-12 <<<
         >>> Purifying P... IDMP = 1.11e-16 <<<
THRESPDP set to 9.02e-02
                >>> SWITCHING TO GRID 1 <<<
   1     0.0006728532     -76.3740798510     9.9999855618    -6.6449023623     -76.3740798510     0.06  
   2     0.0002103193      -0.0000007460     9.9999855071    -6.6451019233     -76.3740805970     0.05  
   3     0.0001225354      -0.0000000656     9.9999855276    -6.6449057238     -76.3740806626     0.05  
   4     0.0000205823      -0.0000000113     9.9999855419    -6.6450075410     -76.3740806740     0.05  
----------------------------------------------------------------------------------------------------------
FINAL ENERGY: -76.3740806740 a.u.
HOMO-LUMO GAP: 17.561 eV
CENTER OF MASS: {0.054454, 0.000000, 0.922739} ANGS
DIPOLE MOMENT: {1.737677, 0.000000, -1.340878} (|D| = 2.194874) DEBYE

Running Mulliken population analysis...

GPU Memory: 9475 Mb
 Energy calculation finished, energy: -7.637408067E+01

Converting Cartesians to HDLC
 Wolfe conditions fulfilled, increasing trust radius
Testing convergence  in cycle    4
    Energy  3.3826E-06 Target: 1.0000E-06 converged?   no
  Max step  3.3941E-03 Target: 1.8000E-03 converged?   no
  RMS step  2.6689E-03 Target: 1.2000E-03 converged?   no
  Max grad  5.8347E-04 Target: 4.5000E-04 converged?   no
  RMS grad  3.6399E-04 Target: 3.0000E-04 converged?   no
 Predicted step length 2.4012E-03
 Trust radius          5.0000E-01

Converting HDLC to Cartesians
RMSD coordinate change for step 4 is  8.440e-04
Setting up the DFT grid...
time to set the grid = 0.00 s
DFT grid points: 3163 (1054 points/atom)
Setting up the DFT grid...
time to set the grid = 0.00 s
DFT grid points: 8781 (2927 points/atom)

                      *** Start SCF Iterations ***

 Iter     DIIS Error       Energy change      Electrons        XC Energy           Energy        Time(s)
----------------------------------------------------------------------------------------------------------
         >>> Purifying P... IDMP = 6.29e-04 <<<
         >>> Purifying P... IDMP = 4.55e-07 <<<
         >>> Purifying P... IDMP = 4.65e-16 <<<
THRESPDP set to 9.02e-02
                >>> SWITCHING TO GRID 1 <<<
   1     0.0002888048     -76.3740813925     9.9999856360    -6.6449236154     -76.3740813925     0.06  
   2     0.0000912300      -0.0000001892     9.9999856332    -6.6447755467     -76.3740815817     0.05  
   3     0.0000546540      -0.0000000018     9.9999856291    -6.6448632894     -76.3740815835     0.05  
   4     0.0000146492      +0.0000000051     9.9999855921    -6.6448179761     -76.3740815784     0.05  
----------------------------------------------------------------------------------------------------------
FINAL ENERGY: -76.3740815784 a.u.
HOMO-LUMO GAP: 17.559 eV
CENTER OF MASS: {0.054829, 0.000000, 0.922547} ANGS
DIPOLE MOMENT: {1.735882, 0.000000, -1.339928} (|D| = 2.192873) DEBYE

Running Mulliken population analysis...

GPU Memory: 9475 Mb
 Energy calculation finished, energy: -7.637408158E+01

Converting Cartesians to HDLC
 Wolfe conditions fulfilled, increasing trust radius
Testing convergence  in cycle    5
    Energy  9.0441E-07 Target: 1.0000E-06 converged?  yes
  Max step  2.1733E-03 Target: 1.8000E-03 converged?   no
  RMS step  1.3863E-03 Target: 1.2000E-03 converged?   no
  Max grad  2.6685E-05 Target: 4.5000E-04 converged?  yes
  RMS grad  2.1611E-05 Target: 3.0000E-04 converged?  yes
 Predicted step length 1.1529E-04
 Trust radius          5.0000E-01

Converting HDLC to Cartesians
RMSD coordinate change for step 5 is  2.795e-05
Setting up the DFT grid...
time to set the grid = 0.00 s
DFT grid points: 3163 (1054 points/atom)
Setting up the DFT grid...
time to set the grid = 0.00 s
DFT grid points: 8781 (2927 points/atom)

                      *** Start SCF Iterations ***

 Iter     DIIS Error       Energy change      Electrons        XC Energy           Energy        Time(s)
----------------------------------------------------------------------------------------------------------
         >>> Purifying P... IDMP = 2.65e-05 <<<
         >>> Purifying P... IDMP = 7.61e-10 <<<
         >>> Purifying P... IDMP = 1.11e-16 <<<
THRESPDP set to 9.02e-02
                >>> SWITCHING TO GRID 1 <<<
   1     0.0000256268     -76.3740814225     9.9999855167    -6.6448283988     -76.3740814225     0.06  
   2     0.0000197240      +0.0000002525     9.9999855348    -6.6448568660     -76.3740811700     0.05  
   3     0.0000053769      -0.0000002131     9.9999856506    -6.6448410728     -76.3740813831     0.05  
----------------------------------------------------------------------------------------------------------
FINAL ENERGY: -76.3740813831 a.u.
HOMO-LUMO GAP: 17.559 eV
CENTER OF MASS: {0.054849, 0.000000, 0.922556} ANGS
DIPOLE MOMENT: {1.735828, 0.000000, -1.340003} (|D| = 2.192877) DEBYE

Running Mulliken population analysis...

GPU Memory: 9475 Mb
 Energy calculation finished, energy: -7.637408138E+01

Converting Cartesians to HDLC
Testing convergence  in cycle    6
    Energy  1.9529E-07 Target: 1.0000E-06 converged?  yes
  Max step  9.3318E-05 Target: 1.8000E-03 converged?  yes
  RMS step  6.6562E-05 Target: 1.2000E-03 converged?  yes
  Max grad  2.9188E-05 Target: 4.5000E-04 converged?  yes
  RMS grad  1.7735E-05 Target: 3.0000E-04 converged?  yes
Converged!
 converged
Destroying all HDLC residues


DL-FIND Report:
===============
Optimisation algorithm: L-BFGS
Number of steps in L-BFGS memory ...............          9
 
Trust radius based on energy
Maximum step length ............................  5.000E-01
 
Coordinate system: Delocalised internal coordinates (DLC)
 
Number of atoms ................................          3
Number of input geometries .....................          2
Variables to be optimised ......................          3
Restart information is written every ...........         10 steps
This run has not been restarted.
Number of energy evaluations on this processor .          6
Number of steps ................................          6
Number of accepted steps / line searches .......          6
 

Timing report
=============
Module                                      CPU time            Wall clock time
Total .................................     2.250 (100.00%)     2.000 (100.00%) seconds
Energy and Gradient ...................     2.230 ( 99.11%)     2.000 (100.00%) seconds
Step direction ........................     0.000 (  0.00%)     0.000 (  0.00%) seconds
Coordinate transformation .............     0.010 (  0.44%)     0.000 (  0.00%) seconds
Checkpoint file I/O ...................     0.000 (  0.00%)     0.000 (  0.00%) seconds
XYZ-file I/O ..........................     0.000 (  0.00%)     0.000 (  0.00%) seconds
Maximum memory usage ........................... 4.1602E+00 kB
Writing out molden info
Total processing time: 2.27 sec 

 Job finished: Fri Jul 10 20:50:23 2020

