Startfile from command line: fanoci_2h_acvtz.inp


       ***********************************************************
       *                    TeraChem v1.93-fanoci                *
       *                 Hg Version: cf679da1a57f+               *
       *                   Development Version                   *
       *                Compiled without textures                *
       *           Chemistry at the Speed of Graphics!           *
       ***********************************************************
       * This program may only be used in connection with        *
       * a valid license from PetaChem, LLC. Use of this program *
       * or results thereof indicates acceptance of all terms    *
       * and conditions stated in the license and that a valid   *
       * license agreement between the user and PetaChem, LLC    *
       * exists. PetaChem, LLC does not warrant the correctness  *
       * of results or their suitability for any purpose.        *
       * Please email bugs, suggestions, and comments to         *
       *                  help@petachem.com                      *
       *                                                         *
       ***********************************************************


       ***********************************************************
       *  Compiled by hollas       Fri Nov 29 12:26:21 CET 2019  *
       *  Supported architectures: sm_52 sm_60 sm_70             *
       *  Cuda compilation tools, release 9.0, V9.0.176          *
       ***********************************************************


 Job started   Thu Mar 26 20:58:58 2020
 On n28 (available memory: 45619 MB)

######################################### RUNTIME INFO ##########################################
/home/hollas/programes/TeraChem-dev/production-fanoci-merge/build/bin/terachem fanoci_2h_acvtz.inp 

NVRM version: NVIDIA UNIX x86_64 Kernel Module  415.25  Wed Dec 12 10:22:08 CST 2018
GCC version:  gcc version 4.7.2 (Debian 4.7.2-5) 

	linux-vdso.so.1 =>  (0x00007fff17091000)
	libcurl.so.4 => /usr/lib/x86_64-linux-gnu/libcurl.so.4 (0x00002b71c5384000)
	libgpubox.so.1 => /home/hollas/programes/TeraChem-dev/production-fanoci-merge/build/lib/libgpubox.so.1 (0x00002b71c55ee000)
	libtensorbox.so.1 => /home/hollas/programes/TeraChem-dev/production-fanoci-merge/build/lib/libtensorbox.so.1 (0x00002b71c57f4000)
	libintbox.so.1 => /home/hollas/programes/TeraChem-dev/production-fanoci-merge/build/lib/libintbox.so.1 (0x00002b71c5a0d000)
	libthcbox.so.1 => /home/hollas/programes/TeraChem-dev/production-fanoci-merge/build/lib/libthcbox.so.1 (0x00002b71dbff7000)
	libgridbox.so.1 => /home/hollas/programes/TeraChem-dev/production-fanoci-merge/build/lib/libgridbox.so.1 (0x00002b71dd3ce000)
	libdftbox.so.1 => /home/hollas/programes/TeraChem-dev/production-fanoci-merge/build/lib/libdftbox.so.1 (0x00002b71dd829000)
	libcibox.so.1 => /home/hollas/programes/TeraChem-dev/production-fanoci-merge/build/lib/libcibox.so.1 (0x00002b71ddb0c000)
	libccbox.so.1 => /home/hollas/programes/TeraChem-dev/production-fanoci-merge/build/lib/libccbox.so.1 (0x00002b71ddea7000)
	libsandboxbox.so.1 => /home/hollas/programes/TeraChem-dev/production-fanoci-merge/build/lib/libsandboxbox.so.1 (0x00002b71de0a8000)
	libcuda.so.1 => /usr/local/programs/cuda/driver/usr/lib/x86_64-linux-gnu/libcuda.so.1 (0x00002b71de2ab000)
	libcudart.so.9.0 => /home/hollas/programes/TeraChem-dev/production-fanoci-merge/build/lib/libcudart.so.9.0 (0x00002b71df39e000)
	libcublas.so.9.0 => /home/hollas/programes/TeraChem-dev/production-fanoci-merge/build/lib/libcublas.so.9.0 (0x00002b71df60b000)
	libcufft.so.9.0 => /home/hollas/programes/TeraChem-dev/production-fanoci-merge/build/lib/libcufft.so.9.0 (0x00002b71e3289000)
	libcusparse.so.9.0 => /home/hollas/programes/TeraChem-dev/production-fanoci-merge/build/lib/libcusparse.so.9.0 (0x00002b71eb32a000)
	libcrypto.so.1.0.0 => /usr/lib/x86_64-linux-gnu/libcrypto.so.1.0.0 (0x00002b71eea90000)
	libssl.so.1.0.0 => /usr/lib/x86_64-linux-gnu/libssl.so.1.0.0 (0x00002b71eee8b000)
	libstdc++.so.6 => /usr/lib/x86_64-linux-gnu/libstdc++.so.6 (0x00002b71ef0ec000)
	libm.so.6 => /lib/x86_64-linux-gnu/libm.so.6 (0x00002b71ef3f3000)
	libcilkrts.so.5 => /home/hollas/programes/TeraChem-dev/production-fanoci-merge/build/lib/libcilkrts.so.5 (0x00002b71ef676000)
	libgcc_s.so.1 => /lib/x86_64-linux-gnu/libgcc_s.so.1 (0x00002b71ef8b1000)
	libpthread.so.0 => /lib/x86_64-linux-gnu/libpthread.so.0 (0x00002b71efac7000)
	libc.so.6 => /lib/x86_64-linux-gnu/libc.so.6 (0x00002b71efce4000)
	/lib64/ld-linux-x86-64.so.2 (0x00002b71c5162000)
	libdl.so.2 => /lib/x86_64-linux-gnu/libdl.so.2 (0x00002b71f006f000)
	libidn.so.11 => /usr/lib/x86_64-linux-gnu/libidn.so.11 (0x00002b71f0273000)
	libssh2.so.1 => /usr/lib/x86_64-linux-gnu/libssh2.so.1 (0x00002b71f04a8000)
	liblber-2.4.so.2 => /usr/lib/x86_64-linux-gnu/liblber-2.4.so.2 (0x00002b71f06d1000)
	libldap_r-2.4.so.2 => /usr/lib/x86_64-linux-gnu/libldap_r-2.4.so.2 (0x00002b71f08e0000)
	librt.so.1 => /lib/x86_64-linux-gnu/librt.so.1 (0x00002b71f0b32000)
	libgssapi_krb5.so.2 => /usr/lib/x86_64-linux-gnu/libgssapi_krb5.so.2 (0x00002b71f0d3a000)
	librtmp.so.0 => /usr/lib/x86_64-linux-gnu/librtmp.so.0 (0x00002b71f0f7a000)
	libz.so.1 => /lib/x86_64-linux-gnu/libz.so.1 (0x00002b71f1195000)
	libnvidia-fatbinaryloader.so.415.25 => /usr/local/programs/cuda/driver/usr/lib/x86_64-linux-gnu/libnvidia-fatbinaryloader.so.415.25 (0x00002b71f13ad000)
	libgcrypt.so.11 => /lib/x86_64-linux-gnu/libgcrypt.so.11 (0x00002b71f15fa000)
	libresolv.so.2 => /lib/x86_64-linux-gnu/libresolv.so.2 (0x00002b71f187a000)
	libsasl2.so.2 => /usr/lib/x86_64-linux-gnu/libsasl2.so.2 (0x00002b71f1a90000)
	libgnutls.so.26 => /usr/lib/x86_64-linux-gnu/libgnutls.so.26 (0x00002b71f1cab000)
	libkrb5.so.3 => /usr/lib/x86_64-linux-gnu/libkrb5.so.3 (0x00002b71f1f6c000)
	libk5crypto.so.3 => /usr/lib/x86_64-linux-gnu/libk5crypto.so.3 (0x00002b71f2240000)
	libcom_err.so.2 => /lib/x86_64-linux-gnu/libcom_err.so.2 (0x00002b71f2469000)
	libkrb5support.so.0 => /usr/lib/x86_64-linux-gnu/libkrb5support.so.0 (0x00002b71f266e000)
	libkeyutils.so.1 => /lib/x86_64-linux-gnu/libkeyutils.so.1 (0x00002b71f2877000)
	libgpg-error.so.0 => /lib/x86_64-linux-gnu/libgpg-error.so.0 (0x00002b71f2a7c000)
	libtasn1.so.3 => /usr/lib/x86_64-linux-gnu/libtasn1.so.3 (0x00002b71f2c7f000)
	libp11-kit.so.0 => /usr/lib/x86_64-linux-gnu/libp11-kit.so.0 (0x00002b71f2e90000)
#################################################################################################

Cannot find license.dat file in the TeraChem installation directory /home/hollas/programes/TeraChem-dev/production-fanoci-merge/build


TRYING THE NETWORK LICENSE...
Connecting to license server '403-as67-01' port '8080'...
Connected!
Checking your license...

**************************************************************
  Greetings, Petr Slavicek! You have 100 licenses in total
  IN USE: 0
  AVAILABLE: 100

  ATTENTION: A NEWER TERACHEM VERSION (v.1.93) IS AVAILABLE
  TO UPGRADE, PLEASE RUN 'terachem -u' OR CONTACT PETACHEM
**************************************************************

Jobname: water1
Scratch directory: scr-fanoci-2h-acvtz
Random number seed: 1912376310

XYZ coordinates ../water1.xyz
Molden File Output: scr-fanoci-2h-acvtz/water1.molden
Using basis set: aug-cc-pcvtz-nof
dmrgstart not found
cibox_start not found
Spin multiplicity: 1
DIIS will use up to 10 vectors.
Condition number limit for the DIIS overlap matrix is            0
WF convergence threshold: 1.00e-08
Using DIIS algorithm to converge WF
Maximum number of SCF iterations: 100
Incremental fock with rebuild every 8 iterations
Will switch to conventional Fock if diffuse functions are detected
X-matrix tolerance: 1.00e-05
PRECISION: DOUBLE
DFT Functional requested: hf
Method: Hartree-Fock 
Wavefunction: RESTRICTED
Initial guess generated by maximum overlap

********************************************
***** SINGLE POINT ENERGY CALCULATIONS *****
********************************************

using 1 out of 1 CUDA devices
   Device 0:  GeForce GTX TITAN X, 12212MB, CC 5.2 -- CPU THREAD 0
-------------------------------------------------------------------
Compiled with MAGMA support.  MAGMA parameters:
    Matrices larger than 5000 square will be treated with MAGMA
       (Change by setting the MagmaMinN environment variable)
    Magma will use 1 out of 1 GPUs
       (Change by setting the MagmaNGPUs environment variable)
-------------------------------------------------------------------
 CPU Memory Available: 16103.50 MegaWords 
 GPU Memory Available: 1270.55 MegaWords 
 Maximum recommended basis set size: 13300 basis functions
 (limited by GPU memory)
-------------------------------------------------------------------
Reading basis set from file /home/hollas/programes/TeraChem-dev/production-fanoci-merge/build/basis/aug-cc-pcvtz-nof
Using d-functions. Configuring GPUs accordingly.
0: CUBLAS initialized, available GPU memory: 9576MB

****** QM coordinates ******
H         0.0000000000         0.0000000000         0.0000000000  
O         0.0000000000         0.0000000000         0.9683790000  
H         0.9300130000         0.0000000000         1.2083680000  

Basis set:       aug-cc-pcvtz-nof
Total atoms:     3
Total charge:    2
Total electrons: 8 (4-alpha, 4-beta)
Number electrons modeled by ECPs: 0
Total orbitals:  99
Total AO shells: 35 (15 S-shells; 12 P-shells; 8 D-shells; 0 F-shells; 0 G-shells)
Spin multiplicity: 1
Nuclear repulsion energy (QM atoms): 9.126310008901 a.u.

WARNING!!! bad MO diagonal overlap: 1.562174e+03: 0
1562.1735433415.0592972483.8499353415.0480942481.497529
3415.05929770279.67780613211.33349170281.33383113197.506308
2483.84993513211.33349112560.80061113212.31516012540.503560
3415.04809470281.33383113212.31516070282.99078013198.487631
2481.49752913197.50630812540.50356013198.48763112522.112730

                      *** Start SCF Iterations ***

 Iter     DIIS Error       Energy change         Energy        Time(s)
------------------------------------------------------------------------
         >>> Purifying P... IDMP = 1.87e-08 <<<
         >>> Purifying P... IDMP = 5.44e-15 <<<
   1    13.7094650541      -4.9927453282      -4.9927453282     0.18  
   2     1.7384354348     -66.8240623808     -71.8168077090     0.15  
   3     0.3548772393      -2.4555321773     -74.2723398863     0.14  
   4     0.0614561016      -0.3153865875     -74.5877264738     0.13  
   5     0.0209249982      -0.0112451203     -74.5989715942     0.13  
   6     0.0186624071      -0.0056895918     -74.6046611860     0.13  
   7     0.0125293678      -0.0118952043     -74.6165563903     0.13  
   8     0.0058312439      -0.0065971780     -74.6231535684     0.13  
   9     0.0016298459      -0.0015482273     -74.6247017957     0.13  
  10     0.0011639671      -0.0001157346     -74.6248175303     0.13  
  11     0.0006780246      -0.0000076280     -74.6248251583     0.13  
  12     0.0002677661      -0.0000030995     -74.6248282578     0.14  
  13     0.0000629292      -0.0000008012     -74.6248290590     0.13  
  14     0.0000050122      -0.0000000118     -74.6248290707     0.13  
  15     0.0000012528      -0.0000000001     -74.6248290709     0.13  
  16     0.0000006381      -0.0000000000     -74.6248290709     0.13  
  17     0.0000000962      -0.0000000000     -74.6248290709     0.13  
  18     0.0000000043      -0.0000000000     -74.6248290709     0.13  
------------------------------------------------------------------------
FINAL ENERGY: -74.6248290709 a.u.
HOMO-LUMO GAP: 19.012 eV
CENTER OF MASS: {0.052041, 0.000000, 0.927620} ANGS
DIPOLE MOMENT: {2.254440, -0.000000, -1.778122} (|D| = 2.871275) DEBYE
Writing out molden info

Running Mulliken population analysis...

Total processing time: 2.49 sec 

 Job finished: Thu Mar 26 20:59:06 2020

