Startfile from command line: fanoci_1s_neutral_acvtz.inp


       ***********************************************************
       *                    TeraChem v1.93-fanoci                *
       *                 Hg Version: cf679da1a57f+               *
       *                   Development Version                   *
       *                Compiled without textures                *
       *           Chemistry at the Speed of Graphics!           *
       ***********************************************************
       * This program may only be used in connection with        *
       * a valid license from PetaChem, LLC. Use of this program *
       * or results thereof indicates acceptance of all terms    *
       * and conditions stated in the license and that a valid   *
       * license agreement between the user and PetaChem, LLC    *
       * exists. PetaChem, LLC does not warrant the correctness  *
       * of results or their suitability for any purpose.        *
       * Please email bugs, suggestions, and comments to         *
       *                  help@petachem.com                      *
       *                                                         *
       ***********************************************************


       ***********************************************************
       *  Compiled by hollas       Fri Nov 29 12:26:21 CET 2019  *
       *  Supported architectures: sm_52 sm_60 sm_70             *
       *  Cuda compilation tools, release 9.0, V9.0.176          *
       ***********************************************************


 Job started   Thu Jan 30 21:00:22 2020
 On n29 (available memory: 52026 MB)

######################################### RUNTIME INFO ##########################################
/home/hollas/programes/TeraChem-dev/production-fanoci-merge/build/bin/terachem fanoci_1s_neutral_acvtz.inp 

NVRM version: NVIDIA UNIX x86_64 Kernel Module  415.25  Wed Dec 12 10:22:08 CST 2018
GCC version:  gcc version 4.7.2 (Debian 4.7.2-5) 

	linux-vdso.so.1 =>  (0x00007fff03345000)
	libcurl.so.4 => /usr/lib/x86_64-linux-gnu/libcurl.so.4 (0x00002b63795a4000)
	libgpubox.so.1 => /home/hollas/programes/TeraChem-dev/production-fanoci-merge/build/lib/libgpubox.so.1 (0x00002b637980e000)
	libtensorbox.so.1 => /home/hollas/programes/TeraChem-dev/production-fanoci-merge/build/lib/libtensorbox.so.1 (0x00002b6379a14000)
	libintbox.so.1 => /home/hollas/programes/TeraChem-dev/production-fanoci-merge/build/lib/libintbox.so.1 (0x00002b6379c2d000)
	libthcbox.so.1 => /home/hollas/programes/TeraChem-dev/production-fanoci-merge/build/lib/libthcbox.so.1 (0x00002b6390217000)
	libgridbox.so.1 => /home/hollas/programes/TeraChem-dev/production-fanoci-merge/build/lib/libgridbox.so.1 (0x00002b63915ee000)
	libdftbox.so.1 => /home/hollas/programes/TeraChem-dev/production-fanoci-merge/build/lib/libdftbox.so.1 (0x00002b6391a49000)
	libcibox.so.1 => /home/hollas/programes/TeraChem-dev/production-fanoci-merge/build/lib/libcibox.so.1 (0x00002b6391d2c000)
	libccbox.so.1 => /home/hollas/programes/TeraChem-dev/production-fanoci-merge/build/lib/libccbox.so.1 (0x00002b63920c7000)
	libsandboxbox.so.1 => /home/hollas/programes/TeraChem-dev/production-fanoci-merge/build/lib/libsandboxbox.so.1 (0x00002b63922c8000)
	libcuda.so.1 => /usr/local/programs/cuda/driver/usr/lib/x86_64-linux-gnu/libcuda.so.1 (0x00002b63924cb000)
	libcudart.so.9.0 => /home/hollas/programes/TeraChem-dev/production-fanoci-merge/build/lib/libcudart.so.9.0 (0x00002b63935be000)
	libcublas.so.9.0 => /home/hollas/programes/TeraChem-dev/production-fanoci-merge/build/lib/libcublas.so.9.0 (0x00002b639382b000)
	libcufft.so.9.0 => /home/hollas/programes/TeraChem-dev/production-fanoci-merge/build/lib/libcufft.so.9.0 (0x00002b63974a9000)
	libcusparse.so.9.0 => /home/hollas/programes/TeraChem-dev/production-fanoci-merge/build/lib/libcusparse.so.9.0 (0x00002b639f54a000)
	libcrypto.so.1.0.0 => /usr/lib/x86_64-linux-gnu/libcrypto.so.1.0.0 (0x00002b63a2cb0000)
	libssl.so.1.0.0 => /usr/lib/x86_64-linux-gnu/libssl.so.1.0.0 (0x00002b63a30ab000)
	libstdc++.so.6 => /usr/lib/x86_64-linux-gnu/libstdc++.so.6 (0x00002b63a330c000)
	libm.so.6 => /lib/x86_64-linux-gnu/libm.so.6 (0x00002b63a3613000)
	libcilkrts.so.5 => /home/hollas/programes/TeraChem-dev/production-fanoci-merge/build/lib/libcilkrts.so.5 (0x00002b63a3896000)
	libgcc_s.so.1 => /lib/x86_64-linux-gnu/libgcc_s.so.1 (0x00002b63a3ad1000)
	libpthread.so.0 => /lib/x86_64-linux-gnu/libpthread.so.0 (0x00002b63a3ce7000)
	libc.so.6 => /lib/x86_64-linux-gnu/libc.so.6 (0x00002b63a3f04000)
	/lib64/ld-linux-x86-64.so.2 (0x00002b6379382000)
	libdl.so.2 => /lib/x86_64-linux-gnu/libdl.so.2 (0x00002b63a428f000)
	libidn.so.11 => /usr/lib/x86_64-linux-gnu/libidn.so.11 (0x00002b63a4493000)
	libssh2.so.1 => /usr/lib/x86_64-linux-gnu/libssh2.so.1 (0x00002b63a46c8000)
	liblber-2.4.so.2 => /usr/lib/x86_64-linux-gnu/liblber-2.4.so.2 (0x00002b63a48f1000)
	libldap_r-2.4.so.2 => /usr/lib/x86_64-linux-gnu/libldap_r-2.4.so.2 (0x00002b63a4b00000)
	librt.so.1 => /lib/x86_64-linux-gnu/librt.so.1 (0x00002b63a4d52000)
	libgssapi_krb5.so.2 => /usr/lib/x86_64-linux-gnu/libgssapi_krb5.so.2 (0x00002b63a4f5a000)
	librtmp.so.0 => /usr/lib/x86_64-linux-gnu/librtmp.so.0 (0x00002b63a519a000)
	libz.so.1 => /lib/x86_64-linux-gnu/libz.so.1 (0x00002b63a53b5000)
	libnvidia-fatbinaryloader.so.415.25 => /usr/local/programs/cuda/driver/usr/lib/x86_64-linux-gnu/libnvidia-fatbinaryloader.so.415.25 (0x00002b63a55cd000)
	libgcrypt.so.11 => /lib/x86_64-linux-gnu/libgcrypt.so.11 (0x00002b63a581a000)
	libresolv.so.2 => /lib/x86_64-linux-gnu/libresolv.so.2 (0x00002b63a5a9a000)
	libsasl2.so.2 => /usr/lib/x86_64-linux-gnu/libsasl2.so.2 (0x00002b63a5cb0000)
	libgnutls.so.26 => /usr/lib/x86_64-linux-gnu/libgnutls.so.26 (0x00002b63a5ecb000)
	libkrb5.so.3 => /usr/lib/x86_64-linux-gnu/libkrb5.so.3 (0x00002b63a618c000)
	libk5crypto.so.3 => /usr/lib/x86_64-linux-gnu/libk5crypto.so.3 (0x00002b63a6460000)
	libcom_err.so.2 => /lib/x86_64-linux-gnu/libcom_err.so.2 (0x00002b63a6689000)
	libkrb5support.so.0 => /usr/lib/x86_64-linux-gnu/libkrb5support.so.0 (0x00002b63a688e000)
	libkeyutils.so.1 => /lib/x86_64-linux-gnu/libkeyutils.so.1 (0x00002b63a6a97000)
	libgpg-error.so.0 => /lib/x86_64-linux-gnu/libgpg-error.so.0 (0x00002b63a6c9c000)
	libtasn1.so.3 => /usr/lib/x86_64-linux-gnu/libtasn1.so.3 (0x00002b63a6e9f000)
	libp11-kit.so.0 => /usr/lib/x86_64-linux-gnu/libp11-kit.so.0 (0x00002b63a70b0000)
#################################################################################################

Cannot find license.dat file in the TeraChem installation directory /home/hollas/programes/TeraChem-dev/production-fanoci-merge/build


TRYING THE NETWORK LICENSE...
Connecting to license server '403-as67-01' port '8080'...
Connected!
Checking your license...

**************************************************************
  Greetings, Petr Slavicek! You have 100 licenses in total
  IN USE: 1
  AVAILABLE: 99

  ATTENTION: A NEWER TERACHEM VERSION (v.1.93) IS AVAILABLE
  TO UPGRADE, PLEASE RUN 'terachem -u' OR CONTACT PETACHEM
**************************************************************

Jobname: water1
Scratch directory: scr-fanoci-1s-neutral-acvtz
Random number seed: 821517202

XYZ coordinates ../water1.xyz
Molden File Output: scr-fanoci-1s-neutral-acvtz/water1.molden
Using basis set: aug-cc-pcvtz-nof
dmrgstart not found
cibox_start not found
Spin multiplicity: 1
DIIS will use up to 10 vectors.
Condition number limit for the DIIS overlap matrix is            0
WF convergence threshold: 1.00e-08
Using DIIS algorithm to converge WF
Maximum number of SCF iterations: 100
Incremental fock with rebuild every 8 iterations
Will switch to conventional Fock if diffuse functions are detected
X-matrix tolerance: 1.00e-05
PRECISION: DOUBLE
DFT Functional requested: hf
Method: Hartree-Fock 
Wavefunction: RESTRICTED
Initial guess generated by maximum overlap

********************************************
***** SINGLE POINT ENERGY CALCULATIONS *****
********************************************

****  FANO-CI 2e MO INTEGRAL DRIVER ON! ****
Threshold for printing integrals is 1.00000e-11

using 1 out of 1 CUDA devices
   Device 0:  GeForce GTX TITAN X, 12212MB, CC 5.2 -- CPU THREAD 0
-------------------------------------------------------------------
Compiled with MAGMA support.  MAGMA parameters:
    Matrices larger than 5000 square will be treated with MAGMA
       (Change by setting the MagmaMinN environment variable)
    Magma will use 1 out of 1 GPUs
       (Change by setting the MagmaNGPUs environment variable)
-------------------------------------------------------------------
 CPU Memory Available: 16103.50 MegaWords 
 GPU Memory Available: 1270.60 MegaWords 
 Maximum recommended basis set size: 13300 basis functions
 (limited by GPU memory)
-------------------------------------------------------------------
Reading basis set from file /home/hollas/programes/TeraChem-dev/production-fanoci-merge/build/basis/aug-cc-pcvtz-nof
Using d-functions. Configuring GPUs accordingly.
0: CUBLAS initialized, available GPU memory: 9577MB

****** QM coordinates ******
H         0.0000000000         0.0000000000         0.0000000000  
O         0.0000000000         0.0000000000         0.9683790000  
H         0.9300130000         0.0000000000         1.2083680000  

Basis set:       aug-cc-pcvtz-nof
Total atoms:     3
Total charge:    0
Total electrons: 10 (5-alpha, 5-beta)
Number electrons modeled by ECPs: 0
Total orbitals:  99
Total AO shells: 35 (15 S-shells; 12 P-shells; 8 D-shells; 0 F-shells; 0 G-shells)
Spin multiplicity: 1
Nuclear repulsion energy (QM atoms): 9.126310008901 a.u.

WARNING!!! bad MO diagonal overlap: 1.562174e+03: 0
1562.1735433415.0592972483.8499353415.0480942481.497529
3415.05929770279.67780613211.33349170281.33383113197.506308
2483.84993513211.33349112560.80061113212.31516012540.503560
3415.04809470281.33383113212.31516070282.99078013198.487631
2481.49752913197.50630812540.50356013198.48763112522.112730
Entering computation of MO integrals for FANO-CI.

                      *** Start SCF Iterations ***

 Iter     DIIS Error       Energy change         Energy        Time(s)
------------------------------------------------------------------------
         >>> Purifying P... IDMP = 6.64e-09 <<<
         >>> Purifying P... IDMP = 5.55e-16 <<<
   1    13.5517511786      -3.5504808433      -3.5504808433     0.18  
   2     2.1996472378     -66.0500825590     -69.6005634024     0.15  
   3     1.7949193683      +1.8308058669     -67.7697575355     0.14  
   4     0.7769500990      -6.3932860765     -74.1630436119     0.13  
   5     0.3396816506      -1.5593210595     -75.7223646714     0.13  
   6     0.0599886277      -0.3262260948     -76.0485907663     0.13  
   7     0.0078560787      -0.0112127359     -76.0598035022     0.14  
   8     0.0046423229      -0.0001877286     -76.0599912307     0.14  
   9     0.0013792822      -0.0000347215     -76.0600259522     0.13  
  10     0.0000528764      -0.0000025869     -76.0600285391     0.13  
  11     0.0000205626      -0.0000000214     -76.0600285605     0.13  
  12     0.0000039883      -0.0000000018     -76.0600285623     0.13  
  13     0.0000008389      -0.0000000001     -76.0600285624     0.13  
  14     0.0000001293      -0.0000000000     -76.0600285624     0.13  
  15     0.0000000347      -0.0000000000     -76.0600285624     0.13  
  16     0.0000000085      -0.0000000000     -76.0600285624     0.13  
------------------------------------------------------------------------
FINAL ENERGY: -76.0600285624 a.u.
HOMO-LUMO GAP: 14.647 eV
CENTER OF MASS: {0.052041, 0.000000, 0.927620} ANGS
DIPOLE MOMENT: {1.567073, -0.000000, -1.222993} (|D| = 1.987820) DEBYE
Writing out molden info

Running Mulliken population analysis...


  Active Space Parameters
--------------------------------------------
Number of closed orbitals:               0
Number of active orbitals:               6
Number of virtual orbitals:             93
Number of molecular orbitals:           99
Number of basis functions:              99
Number of active electrons:             10
Number of alpha electrons:               5
Number of beta electrons:                5

  Orbital      Energy  
-----------------------
      1      -20.567423
      2       -1.350000
      3       -0.714208
      4       -0.583951
      5       -0.509159
      6        0.029124
      7        0.047655
      8        0.128046

  CAS Parameters
--------------------------------------------
Number of determinants:                 36
Number of singlet CSFs:                 21
Number of doublet CSFs:                  0
Number of triplet CSFs:                 15
Number of quartet CSFs:                  0
Number of quintet CSFs:                  0
Number of sextet CSFs:                   0
Number of septet CSFs:                   0
Number of singlet states:                0
Number of doublet states:                0
Number of triplet states:                0
Number of quartet states:                0
Number of quintet states:                0
Number of sextet states:                 0
Number of septet states:                 0
Using the explicit solver

Entering FANO-CI integral generation routine!
/***** FINISHED INTEGRALS BETWEEN OCCUPIED ORBITALS ******/
Number of frozen virtual orbitals: 0.
Computing 2e MOints up to virtual orbital 99.
Computing 2e MOints for virtual orbital 6.
Computing 2e MOints for virtual orbital 7.
Computing 2e MOints for virtual orbital 8.
Computing 2e MOints for virtual orbital 9.
Computing 2e MOints for virtual orbital 10.
Computing 2e MOints for virtual orbital 11.
Computing 2e MOints for virtual orbital 12.
Computing 2e MOints for virtual orbital 13.
Computing 2e MOints for virtual orbital 14.
Computing 2e MOints for virtual orbital 15.
Computing 2e MOints for virtual orbital 16.
Computing 2e MOints for virtual orbital 17.
Computing 2e MOints for virtual orbital 18.
Computing 2e MOints for virtual orbital 19.
Computing 2e MOints for virtual orbital 20.
Computing 2e MOints for virtual orbital 21.
Computing 2e MOints for virtual orbital 22.
Computing 2e MOints for virtual orbital 23.
Computing 2e MOints for virtual orbital 24.
Computing 2e MOints for virtual orbital 25.
Computing 2e MOints for virtual orbital 26.
Computing 2e MOints for virtual orbital 27.
Computing 2e MOints for virtual orbital 28.
Computing 2e MOints for virtual orbital 29.
Computing 2e MOints for virtual orbital 30.
Computing 2e MOints for virtual orbital 31.
Computing 2e MOints for virtual orbital 32.
Computing 2e MOints for virtual orbital 33.
Computing 2e MOints for virtual orbital 34.
Computing 2e MOints for virtual orbital 35.
Computing 2e MOints for virtual orbital 36.
Computing 2e MOints for virtual orbital 37.
Computing 2e MOints for virtual orbital 38.
Computing 2e MOints for virtual orbital 39.
Computing 2e MOints for virtual orbital 40.
Computing 2e MOints for virtual orbital 41.
Computing 2e MOints for virtual orbital 42.
Computing 2e MOints for virtual orbital 43.
Computing 2e MOints for virtual orbital 44.
Computing 2e MOints for virtual orbital 45.
Computing 2e MOints for virtual orbital 46.
Computing 2e MOints for virtual orbital 47.
Computing 2e MOints for virtual orbital 48.
Computing 2e MOints for virtual orbital 49.
Computing 2e MOints for virtual orbital 50.
Computing 2e MOints for virtual orbital 51.
Computing 2e MOints for virtual orbital 52.
Computing 2e MOints for virtual orbital 53.
Computing 2e MOints for virtual orbital 54.
Computing 2e MOints for virtual orbital 55.
Computing 2e MOints for virtual orbital 56.
Computing 2e MOints for virtual orbital 57.
Computing 2e MOints for virtual orbital 58.
Computing 2e MOints for virtual orbital 59.
Computing 2e MOints for virtual orbital 60.
Computing 2e MOints for virtual orbital 61.
Computing 2e MOints for virtual orbital 62.
Computing 2e MOints for virtual orbital 63.
Computing 2e MOints for virtual orbital 64.
Computing 2e MOints for virtual orbital 65.
Computing 2e MOints for virtual orbital 66.
Computing 2e MOints for virtual orbital 67.
Computing 2e MOints for virtual orbital 68.
Computing 2e MOints for virtual orbital 69.
Computing 2e MOints for virtual orbital 70.
Computing 2e MOints for virtual orbital 71.
Computing 2e MOints for virtual orbital 72.
Computing 2e MOints for virtual orbital 73.
Computing 2e MOints for virtual orbital 74.
Computing 2e MOints for virtual orbital 75.
Computing 2e MOints for virtual orbital 76.
Computing 2e MOints for virtual orbital 77.
Computing 2e MOints for virtual orbital 78.
Computing 2e MOints for virtual orbital 79.
Computing 2e MOints for virtual orbital 80.
Computing 2e MOints for virtual orbital 81.
Computing 2e MOints for virtual orbital 82.
Computing 2e MOints for virtual orbital 83.
Computing 2e MOints for virtual orbital 84.
Computing 2e MOints for virtual orbital 85.
Computing 2e MOints for virtual orbital 86.
Computing 2e MOints for virtual orbital 87.
Computing 2e MOints for virtual orbital 88.
Computing 2e MOints for virtual orbital 89.
Computing 2e MOints for virtual orbital 90.
Computing 2e MOints for virtual orbital 91.
Computing 2e MOints for virtual orbital 92.
Computing 2e MOints for virtual orbital 93.
Computing 2e MOints for virtual orbital 94.
Computing 2e MOints for virtual orbital 95.
Computing 2e MOints for virtual orbital 96.
Computing 2e MOints for virtual orbital 97.
Computing 2e MOints for virtual orbital 98.
Computing 2e MOints for virtual orbital 99.
Printing MO integrals between occupied orbitals.
Succesfully build integrals. Exiting CASCI...

Total CASCI Time
----------------------------
 Total Time:      10.89 sec
----------------------------

Total processing time: 13.11 sec 

 Job finished: Thu Jan 30 21:00:41 2020

