Startfile from command line: fanoci_1s_mom_vtz.inp


       ***********************************************************
       *                    TeraChem v1.93-fanoci                *
       *                 Hg Version: fe47aa4a7a38+               *
       *                   Development Version                   *
       *                Compiled without textures                *
       *           Chemistry at the Speed of Graphics!           *
       ***********************************************************
       * This program may only be used in connection with        *
       * a valid license from PetaChem, LLC. Use of this program *
       * or results thereof indicates acceptance of all terms    *
       * and conditions stated in the license and that a valid   *
       * license agreement between the user and PetaChem, LLC    *
       * exists. PetaChem, LLC does not warrant the correctness  *
       * of results or their suitability for any purpose.        *
       * Please email bugs, suggestions, and comments to         *
       *                  help@petachem.com                      *
       *                                                         *
       ***********************************************************


       ***********************************************************
       *  Compiled by hollas       Sat Apr 18 20:53:43 CEST 2020  *
       *  Supported architectures: sm_52 sm_60 sm_70             *
       *  Cuda compilation tools, release 9.0, V9.0.176          *
       ***********************************************************


 Job started   Sat Apr 18 21:03:43 2020
 On n32 (available memory: 26699 MB)

######################################### RUNTIME INFO ##########################################
/home/hollas/programes/TeraChem-dev/production-fanoci-merge/build/bin/terachem fanoci_1s_mom_vtz.inp 

NVRM version: NVIDIA UNIX x86_64 Kernel Module  415.25  Wed Dec 12 10:22:08 CST 2018
GCC version:  gcc version 4.7.2 (Debian 4.7.2-5) 

	linux-vdso.so.1 =>  (0x00007ffdd3ffc000)
	libcurl.so.4 => /usr/lib/x86_64-linux-gnu/libcurl.so.4 (0x00002b42e6c02000)
	libgpubox.so.1 => /home/hollas/programes/TeraChem-dev/production-fanoci-merge/build/lib/libgpubox.so.1 (0x00002b42e6e6b000)
	libtensorbox.so.1 => /home/hollas/programes/TeraChem-dev/production-fanoci-merge/build/lib/libtensorbox.so.1 (0x00002b42e7071000)
	libintbox.so.1 => /home/hollas/programes/TeraChem-dev/production-fanoci-merge/build/lib/libintbox.so.1 (0x00002b42e728a000)
	libthcbox.so.1 => /home/hollas/programes/TeraChem-dev/production-fanoci-merge/build/lib/libthcbox.so.1 (0x00002b42fd873000)
	libgridbox.so.1 => /home/hollas/programes/TeraChem-dev/production-fanoci-merge/build/lib/libgridbox.so.1 (0x00002b42fec4a000)
	libdftbox.so.1 => /home/hollas/programes/TeraChem-dev/production-fanoci-merge/build/lib/libdftbox.so.1 (0x00002b42ff0a5000)
	libcibox.so.1 => /home/hollas/programes/TeraChem-dev/production-fanoci-merge/build/lib/libcibox.so.1 (0x00002b42ff387000)
	libccbox.so.1 => /home/hollas/programes/TeraChem-dev/production-fanoci-merge/build/lib/libccbox.so.1 (0x00002b42ff722000)
	libsandboxbox.so.1 => /home/hollas/programes/TeraChem-dev/production-fanoci-merge/build/lib/libsandboxbox.so.1 (0x00002b42ff923000)
	libcuda.so.1 => /usr/local/programs/cuda/driver/usr/lib/x86_64-linux-gnu/libcuda.so.1 (0x00002b42ffb25000)
	libcudart.so.9.0 => /home/hollas/programes/TeraChem-dev/production-fanoci-merge/build/lib/libcudart.so.9.0 (0x00002b4300c18000)
	libcublas.so.9.0 => /home/hollas/programes/TeraChem-dev/production-fanoci-merge/build/lib/libcublas.so.9.0 (0x00002b4300e85000)
	libcufft.so.9.0 => /home/hollas/programes/TeraChem-dev/production-fanoci-merge/build/lib/libcufft.so.9.0 (0x00002b4304b02000)
	libcusparse.so.9.0 => /home/hollas/programes/TeraChem-dev/production-fanoci-merge/build/lib/libcusparse.so.9.0 (0x00002b430cba3000)
	libcrypto.so.1.0.0 => /usr/lib/x86_64-linux-gnu/libcrypto.so.1.0.0 (0x00002b4310309000)
	libssl.so.1.0.0 => /usr/lib/x86_64-linux-gnu/libssl.so.1.0.0 (0x00002b4310703000)
	libstdc++.so.6 => /usr/lib/x86_64-linux-gnu/libstdc++.so.6 (0x00002b4310964000)
	libm.so.6 => /lib/x86_64-linux-gnu/libm.so.6 (0x00002b4310c6b000)
	libcilkrts.so.5 => /home/hollas/programes/TeraChem-dev/production-fanoci-merge/build/lib/libcilkrts.so.5 (0x00002b4310eed000)
	libgcc_s.so.1 => /lib/x86_64-linux-gnu/libgcc_s.so.1 (0x00002b4311128000)
	libpthread.so.0 => /lib/x86_64-linux-gnu/libpthread.so.0 (0x00002b431133e000)
	libc.so.6 => /lib/x86_64-linux-gnu/libc.so.6 (0x00002b431155a000)
	/lib64/ld-linux-x86-64.so.2 (0x00002b42e69e0000)
	libdl.so.2 => /lib/x86_64-linux-gnu/libdl.so.2 (0x00002b43118e7000)
	libidn.so.11 => /usr/lib/x86_64-linux-gnu/libidn.so.11 (0x00002b4311aeb000)
	libssh2.so.1 => /usr/lib/x86_64-linux-gnu/libssh2.so.1 (0x00002b4311d1f000)
	liblber-2.4.so.2 => /usr/lib/x86_64-linux-gnu/liblber-2.4.so.2 (0x00002b4311f48000)
	libldap_r-2.4.so.2 => /usr/lib/x86_64-linux-gnu/libldap_r-2.4.so.2 (0x00002b4312157000)
	librt.so.1 => /lib/x86_64-linux-gnu/librt.so.1 (0x00002b43123a8000)
	libgssapi_krb5.so.2 => /usr/lib/x86_64-linux-gnu/libgssapi_krb5.so.2 (0x00002b43125b0000)
	librtmp.so.0 => /usr/lib/x86_64-linux-gnu/librtmp.so.0 (0x00002b43127f0000)
	libz.so.1 => /lib/x86_64-linux-gnu/libz.so.1 (0x00002b4312a0a000)
	libnvidia-fatbinaryloader.so.415.25 => /usr/local/programs/cuda/driver/usr/lib/x86_64-linux-gnu/libnvidia-fatbinaryloader.so.415.25 (0x00002b4312c21000)
	libgcrypt.so.11 => /lib/x86_64-linux-gnu/libgcrypt.so.11 (0x00002b4312e6e000)
	libresolv.so.2 => /lib/x86_64-linux-gnu/libresolv.so.2 (0x00002b43130ed000)
	libsasl2.so.2 => /usr/lib/x86_64-linux-gnu/libsasl2.so.2 (0x00002b4313303000)
	libgnutls.so.26 => /usr/lib/x86_64-linux-gnu/libgnutls.so.26 (0x00002b431351e000)
	libkrb5.so.3 => /usr/lib/x86_64-linux-gnu/libkrb5.so.3 (0x00002b43137de000)
	libk5crypto.so.3 => /usr/lib/x86_64-linux-gnu/libk5crypto.so.3 (0x00002b4313ab2000)
	libcom_err.so.2 => /lib/x86_64-linux-gnu/libcom_err.so.2 (0x00002b4313cdb000)
	libkrb5support.so.0 => /usr/lib/x86_64-linux-gnu/libkrb5support.so.0 (0x00002b4313edf000)
	libkeyutils.so.1 => /lib/x86_64-linux-gnu/libkeyutils.so.1 (0x00002b43140e8000)
	libgpg-error.so.0 => /lib/x86_64-linux-gnu/libgpg-error.so.0 (0x00002b43142ec000)
	libtasn1.so.3 => /usr/lib/x86_64-linux-gnu/libtasn1.so.3 (0x00002b43144ef000)
	libp11-kit.so.0 => /usr/lib/x86_64-linux-gnu/libp11-kit.so.0 (0x00002b4314700000)
#################################################################################################

Cannot find license.dat file in the TeraChem installation directory /home/hollas/programes/TeraChem-dev/production-fanoci-merge/build


TRYING THE NETWORK LICENSE...
Connecting to license server '403-as67-01' port '8080'...
Connected!
Checking your license...

**************************************************************
  Greetings, Petr Slavicek! You have 100 licenses in total
  IN USE: 1
  AVAILABLE: 99

  ATTENTION: A NEWER TERACHEM VERSION (v.1.93) IS AVAILABLE
  TO UPGRADE, PLEASE RUN 'terachem -u' OR CONTACT PETACHEM
**************************************************************

Jobname: water1
Scratch directory: scr-fanoci-1s-mom-vtz
Random number seed: 274283926

XYZ coordinates ../water1.xyz
Molden File Output: scr-fanoci-1s-mom-vtz/water1.molden
Using basis set: cc-pvtz-nof
dmrgstart not found
cibox_start not found
Spin multiplicity: 2
DIIS will use up to 10 vectors.
Condition number limit for the DIIS overlap matrix is            0
WF convergence threshold: 1.00e-08
Using DIIS algorithm to converge WF
Maximum number of SCF iterations: 100
Incremental fock with rebuild every 8 iterations
Will switch to conventional Fock if diffuse functions are detected
X-matrix tolerance: 1.00e-05
PRECISION: DOUBLE
DFT Functional requested: hf
Method: Hartree-Fock 
Wavefunction: RESTRICTED OPEN SHELL
Initial guess for alpha spin will be loaded from scr-fanoci-1s-neutral-vtz/c0
Initial guess for beta spin will be loaded from scr-fanoci-1s-neutral-vtz/c0
Number of excitations in initial orbital occupancy: 1 
Maximum Overlap Method ON since SCF iteration 0!

********************************************
********************************************

using 1 out of 2 CUDA devices
   Device 0:     GeForce RTX 2070,  7952MB, CC 7.5 -- CPU THREAD 0
   Device 1:     GeForce RTX 2070, 7952MB, CC 7.5 -- IDLE
-------------------------------------------------------------------
Compiled with MAGMA support.  MAGMA parameters:
    Matrices larger than 5000 square will be treated with MAGMA
       (Change by setting the MagmaMinN environment variable)
    Magma will use 1 out of 1 GPUs
       (Change by setting the MagmaNGPUs environment variable)
-------------------------------------------------------------------
 CPU Memory Available: 5868.88 MegaWords 
 GPU Memory Available: 738.04 MegaWords 
 Maximum recommended basis set size: 10200 basis functions
 (limited by GPU memory)
-------------------------------------------------------------------
Reading basis set from file /home/hollas/programes/TeraChem-dev/production-fanoci-merge/build/basis/cc-pvtz-nof
Using d-functions. Configuring GPUs accordingly.
0: CUBLAS initialized, available GPU memory: 5646MB

****** QM coordinates ******
O         0.0000000000         0.0000000000         0.9683790000  
H         0.0000000000         0.0000000000         0.0000000000  
H         0.9300130000         0.0000000000         1.2083680000  

Basis set:       cc-pvtz-nof
Total atoms:     3
Total charge:    1
Total electrons: 9 (5-alpha, 4-beta)
Number electrons modeled by ECPs: 0
Total orbitals:  55
Total AO shells: 21 (10 S-shells; 7 P-shells; 4 D-shells; 0 F-shells; 0 G-shells)
Spin multiplicity: 2
Nuclear repulsion energy (QM atoms): 9.126310008901 a.u.

Reordering initial orbitals for MOM.

                      *** Start SCF Iterations ***

 Iter     DIIS Error       Energy change         Energy        Time(s)
------------------------------------------------------------------------
Skip purify step
Total MOM overlap 3.857793   / 4 
Smallest overlap in the occupied space = 0.952864 
   1     0.8173525710     -55.4998550114     -55.4998550114     0.07  
Total MOM overlap 3.982384   / 4 
Smallest overlap in the occupied space = 0.993730 
   2     0.4624149313      -0.5019642985     -56.0018193099     0.07  
Total MOM overlap 3.999982   / 4 
Smallest overlap in the occupied space = 0.999994 
   3     0.0127131051      -0.2302143874     -56.2320336973     0.07  
Total MOM overlap 3.999999   / 4 
Smallest overlap in the occupied space = 1.000000 
   4     0.0019465263      -0.0001636443     -56.2321973415     0.06  
Total MOM overlap 4.000000   / 4 
Smallest overlap in the occupied space = 1.000000 
   5     0.0005304533      -0.0000080692     -56.2322054108     0.06  
Total MOM overlap 4.000000   / 4 
Smallest overlap in the occupied space = 1.000000 
   6     0.0000908589      -0.0000005574     -56.2322059682     0.06  
Total MOM overlap 4.000000   / 4 
Smallest overlap in the occupied space = 1.000000 
   7     0.0000219917      -0.0000000271     -56.2322059953     0.06  
Total MOM overlap 4.000000   / 4 
Smallest overlap in the occupied space = 1.000000 
   8     0.0000034564      -0.0000000011     -56.2322059963     0.06  
Total MOM overlap 4.000000   / 4 
Smallest overlap in the occupied space = 1.000000 
   9     0.0000006164      -0.0000000000     -56.2322059963     0.06  
Total MOM overlap 4.000000   / 4 
Smallest overlap in the occupied space = 1.000000 
  10     0.0000000772      -0.0000000000     -56.2322059963     0.05  
Total MOM overlap 4.000000   / 4 
Smallest overlap in the occupied space = 1.000000 
  11     0.0000000249      +0.0000000000     -56.2322059963     0.05  
  12     0.0000000024      +0.0000000000     -56.2322059963     0.05  
------------------------------------------------------------------------
FINAL ENERGY: -56.2322059963 a.u.
HOMO-LUMO GAP: alpha: 579.717 eV
               beta:  -553.540 eV 
CENTER OF MASS: {0.052041, 0.000000, 0.927620} ANGS
DIPOLE MOMENT: {2.287802, -0.000000, -1.803246} (|D| = 2.913028) DEBYE
SPIN SZ:         0.500000
SPIN S-SQUARED: 0.750000 (exact: 0.75)
Writing out molden info

Running Mulliken population analysis...

Sorting orbitals by energy.

Writing out molden info

  Active Space Parameters
--------------------------------------------
Number of closed orbitals:               1
Number of active orbitals:               4
Number of virtual orbitals:             50
Number of molecular orbitals:           55
Number of basis functions:              55
Number of active electrons:              6
Number of alpha electrons:               3
Number of beta electrons:                3

  Orbital      Energy  
-----------------------
      1      -21.486688
      2       -1.964318
      3       -1.296181
      4       -1.196287
      5       -1.144454
      6       -0.182475
      7       -0.108970

  CAS Parameters
--------------------------------------------
Number of determinants:                 16
Number of singlet CSFs:                 10
Number of doublet CSFs:                  0
Number of triplet CSFs:                  6
Number of quartet CSFs:                  0
Number of quintet CSFs:                  0
Number of sextet CSFs:                   0
Number of septet CSFs:                   0
Number of singlet states:               10
Number of doublet states:                0
Number of triplet states:                6
Number of quartet states:                0
Number of quintet states:                0
Number of sextet states:                 0
Number of septet states:                 0
Using the hard-coded solver

Running AES calculation with Mulliken Population Analysis
Core atom = 0
Core MO = 0

Mulliken Population: Atom 0 MO 0 1.00411
Mulliken Population: Atom 0 MO 1 1.70784
Mulliken Population: Atom 0 MO 2 1.39544
Mulliken Population: Atom 0 MO 3 1.74959
Mulliken Population: Atom 0 MO 4 1.93880

Singlet state  1 energy:        -74.52591025415731

        0.97840366691670  X2 X3 X4
       -0.18625032581312  X2 X3 X5
       -0.06857685067088  X3 X4 X5
       -0.03665919353578  X2 X4 X5
        0.03152107726690  A2 X3 B4 X5
        0.03152107726690  B2 X3 A4 X5

Singlet state  2 energy:        -74.46232215944474

        0.70710178473363  X2 X3 A4 B5
        0.70710178473363  X2 X3 B4 A5

Singlet state  3 energy:        -74.33984814064081

        0.97341266165004  X2 X3 X5
        0.17267691778908  X2 X3 X4
       -0.10770364296752  X2 X4 X5
       -0.09788446310496  X3 X4 X5
        0.02690289627944  A2 X3 B4 X5
        0.02690289627944  B2 X3 A4 X5

Singlet state  4 energy:        -74.32023226185375

        0.70710176297841  X2 A3 X4 B5
        0.70710176297841  X2 B3 X4 A5

Singlet state  5 energy:        -74.23395927116088

        0.70532680020603  X2 A3 B4 X5
        0.70532680020603  X2 B3 A4 X5
       -0.04978707198062  A2 B3 X4 X5
       -0.04978707198062  B2 A3 X4 X5

Singlet state  6 energy:        -74.04075059044706

        0.98376725228232  X2 X4 X5
       -0.14922188827022  X3 X4 X5
        0.08538255307696  X2 X3 X5
        0.04128123240415  X2 X3 X4
        0.02112284107627  A2 X3 B4 X5
        0.02112284107627  B2 X3 A4 X5

Singlet state  7 energy:        -73.53765257900999

        0.70710663966458  A2 X3 X4 B5
        0.70710663966458  B2 X3 X4 A5

Singlet state  8 energy:        -73.48881798393798

       -0.69715052934243  A2 X3 B4 X5
       -0.69715052934243  B2 X3 A4 X5
        0.13993704610399  X3 X4 X5
        0.06515183112169  X2 X3 X4
        0.04597433595891  X2 X3 X5
        0.04445320915065  X2 X4 X5

Singlet state  9 energy:        -73.25358022560886

        0.70532839279545  A2 B3 X4 X5
        0.70532839279545  B2 A3 X4 X5
        0.04979332154325  X2 A3 B4 X5
        0.04979332154325  X2 B3 A4 X5

Singlet state 10 energy:        -72.70507022571321

        0.97152372322156  X3 X4 X5
        0.13126157999112  X2 X4 X5
        0.10858232950433  A2 X3 B4 X5
        0.10858232950433  B2 X3 A4 X5
        0.09141352108909  X2 X3 X5
        0.08341469446784  X2 X3 X4

Triplet state  1 energy:        -74.56706486802123

       -0.70477896352862  X2 X3 A4 B5
        0.70477896352862  X2 X3 B4 A5
        0.05717156385634  A2 X3 X4 B5
       -0.05717156385634  B2 X3 X4 A5

Triplet state  2 energy:        -74.39860103246870

        0.70709343565597  X2 A3 X4 B5
       -0.70709343565597  X2 B3 X4 A5

Triplet state  3 energy:        -74.32481087896394

        0.70454191332932  X2 A3 B4 X5
       -0.70454191332932  X2 B3 A4 X5
        0.06016520191794  A2 B3 X4 X5
       -0.06016520191794  B2 A3 X4 X5

Triplet state  4 energy:        -73.83463317656931

        0.70479151660239  A2 X3 X4 B5
       -0.70479151660239  B2 X3 X4 A5
        0.05716703356657  X2 X3 A4 B5
       -0.05716703356657  X2 X3 B4 A5

Triplet state  5 energy:        -73.76307490793214

        0.70708996683312  A2 X3 B4 X5
       -0.70708996683312  B2 X3 A4 X5

Triplet state  6 energy:        -73.59191909941437

        0.70452581629676  A2 B3 X4 X5
       -0.70452581629676  B2 A3 X4 X5
       -0.06017006072686  X2 A3 B4 X5
        0.06017006072686  X2 B3 A4 X5

  Root   Mult.   Total Energy (a.u.)   Ex. Energy (a.u.)     Ex. Energy (eV)     Ex. Energy (nm)
-------------------------------------------------------------------------------------------------
     1  triplet        -74.56706487
     2  singlet        -74.52591025          0.04115461          1.11987384       1107.12668379
     3  singlet        -74.46232216          0.10474271          2.85019365        435.00279675
     4  triplet        -74.39860103          0.16846384          4.58413345        270.46381213
     5  singlet        -74.33984814          0.22721673          6.18288071        200.52824321
     6  triplet        -74.32481088          0.24225399          6.59206535        188.08099444
     7  singlet        -74.32023226          0.24683261          6.71665584        184.59218933
     8  singlet        -74.23395927          0.33310560          9.06426298        136.78356533
     9  singlet        -74.04075059          0.52631428         14.32173781         86.57065391
    10  triplet        -73.83463318          0.73243169         19.93047708         62.20835568
    11  triplet        -73.76307491          0.80398996         21.87767632         56.67156735
    12  triplet        -73.59191910          0.97514577         26.53506206         46.72467711
    13  singlet        -73.53765258          1.02941229         28.01172897         44.26153802
    14  singlet        -73.48881798          1.07824688         29.34058570         42.25690038
    15  singlet        -73.25358023          1.31348464         35.74172973         34.68892570
    16  singlet        -72.70507023          1.86199464         50.66744377         24.47019456

Singlet state dipole moments:

  Root       Dx         Dy         Dz         |D|  (Debye)
------------------------------------------------------------
     1     2.1814     0.0000    -1.7173     2.7763
     2     1.9289    -0.0000    -1.5245     2.4586
     3     1.7880    -0.0000    -1.4218     2.2844
     4     2.6573    -0.0000    -2.0984     3.3860
     5     2.1852    -0.0000    -1.7300     2.7871
     6     3.0607    -0.0000    -2.4218     3.9030
     7     2.6909     0.0000    -2.1019     3.4145
     8     1.7636    -0.0000    -1.3834     2.2414
     9     3.2650    -0.0000    -2.5886     4.1667
    10     3.6827    -0.0000    -2.8378     4.6493

Triplet state dipole moments:

  Root       Dx         Dy         Dz         |D|  (Debye)
------------------------------------------------------------
     1     1.7383    -0.0000    -1.3748     2.2163
     2     2.6541    -0.0000    -2.1026     3.3860
     3     2.1464    -0.0000    -1.7100     2.7443
     4     2.8847    -0.0000    -2.2474     3.6568
     5     2.3866    -0.0000    -1.8625     3.0273
     6     3.3122    -0.0000    -2.5979     4.2095

Singlet state electronic transitions:

 Transition      Tx        Ty        Tz       |T|    Osc. (a.u.) 
-----------------------------------------------------------------
   1 ->  2    -0.0000    0.1111    0.0000    0.1111    0.0005
   1 ->  3     0.0672    0.0000   -0.0523    0.0851    0.0009
   1 ->  4     0.0000   -0.0028    0.0000    0.0028    0.0000
   1 ->  5    -0.0134   -0.0000   -0.0144    0.0196    0.0001
   1 ->  6    -0.0113   -0.0000    0.0097    0.0149    0.0001
   1 ->  7    -0.0000   -0.7315    0.0000    0.7315    0.3525
   1 ->  8     0.1722   -0.0000   -0.1342    0.2183    0.0330
   1 ->  9     0.0617    0.0000    0.0793    0.1005    0.0086
   1 -> 10    -0.0152    0.0000    0.0114    0.0190    0.0004
   2 ->  3    -0.0000    0.1755    0.0000    0.1755    0.0025
   2 ->  4    -0.0330    0.0000   -0.0495    0.0595    0.0003
   2 ->  5     0.0000   -0.0025   -0.0000    0.0025    0.0000
   2 ->  6     0.0000    0.0046   -0.0000    0.0046    0.0000
   2 ->  7     0.4796   -0.0000   -0.3764    0.6097    0.2291
   2 ->  8     0.0000    0.5839   -0.0000    0.5839    0.2213
   2 ->  9    -0.0000   -0.0019    0.0000    0.0019    0.0000
   2 -> 10    -0.0000   -0.0575    0.0000    0.0575    0.0039
   3 ->  4     0.0000    0.0006    0.0000    0.0006    0.0000
   3 ->  5    -0.0663   -0.0000   -0.0924    0.1137    0.0009
   3 ->  6    -0.0334   -0.0000    0.0274    0.0432    0.0004
   3 ->  7     0.0000   -0.0559   -0.0000    0.0559    0.0017
   3 ->  8    -0.5992   -0.0000    0.4719    0.7628    0.3301
   3 ->  9     0.1219    0.0000    0.1508    0.1939    0.0272
   3 -> 10     0.0592    0.0000   -0.0473    0.0758    0.0063
   4 ->  5    -0.0000    0.1617   -0.0000    0.1617    0.0015
   4 ->  6    -0.0000   -0.0031    0.0000    0.0031    0.0000
   4 ->  7    -0.4317   -0.0000   -0.5519    0.7007    0.2561
   4 ->  8    -0.0000   -0.0021   -0.0000    0.0021    0.0000
   4 ->  9     0.0000   -0.5627    0.0000    0.5627    0.2252
   4 -> 10     0.0000    0.0016    0.0000    0.0016    0.0000
   5 ->  6    -0.0278    0.0000   -0.0449    0.0528    0.0004
   5 ->  7    -0.0000    0.0007   -0.0000    0.0007    0.0000
   5 ->  8     0.4279   -0.0000    0.5416    0.6902    0.2366
   5 ->  9     0.4534   -0.0000   -0.3575    0.5774    0.2179
   5 -> 10    -0.0312   -0.0000   -0.0372    0.0485    0.0024
   6 ->  7    -0.0000    0.0911   -0.0000    0.0911    0.0028
   6 ->  8     0.0503    0.0000   -0.0413    0.0651    0.0016
   6 ->  9    -0.5130   -0.0000   -0.6582    0.8345    0.3655
   6 -> 10     0.0065   -0.0000   -0.0031    0.0072    0.0000
   7 ->  8     0.0000   -0.2859   -0.0000    0.2859    0.0027
   7 ->  9     0.0000   -0.0055    0.0000    0.0055    0.0000
   7 -> 10     0.0000   -0.8358   -0.0000    0.8358    0.3877
   8 ->  9    -0.0517    0.0000   -0.0553    0.0758    0.0009
   8 -> 10    -0.6526   -0.0000    0.5096    0.8281    0.3583
   9 -> 10    -0.6794    0.0000   -0.8752    1.1080    0.4489

Triplet state electronic transitions:

 Transition      Tx        Ty        Tz       |T|    Osc. (a.u.) 
-----------------------------------------------------------------
   1 ->  2    -0.0016   -0.0000    0.0049    0.0051    0.0000
   1 ->  3     0.0000   -0.0029   -0.0000    0.0029    0.0000
   1 ->  4    -0.4503   -0.0000    0.3521    0.5716    0.1595
   1 ->  5     0.0000   -0.5610    0.0000    0.5610    0.1687
   1 ->  6     0.0000   -0.0004   -0.0000    0.0004    0.0000
   2 ->  3     0.0000    0.1700    0.0000    0.1700    0.0014
   2 ->  4    -0.4319    0.0000   -0.5549    0.7032    0.1859
   2 ->  5    -0.0000   -0.0004   -0.0000    0.0004    0.0000
   2 ->  6     0.0000    0.5603    0.0000    0.5603    0.1688
   3 ->  4    -0.0000   -0.0000    0.0000    0.0000    0.0000
   3 ->  5    -0.4315   -0.0000   -0.5552    0.7032    0.1852
   3 ->  6    -0.4487   -0.0000    0.3502    0.5692    0.1583
   4 ->  5    -0.0000    0.1676   -0.0000    0.1676    0.0013
   4 ->  6    -0.0000   -0.0027    0.0000    0.0027    0.0000
   5 ->  6     0.0032   -0.0000   -0.0023    0.0039    0.0000

State 0 Mult 1  0.54876
State 1 Mult 1  1.00000
State 2 Mult 1  0.45160
State 3 Mult 1  0.81719
State 4 Mult 1  0.72695
State 5 Mult 1  0.29164
State 6 Mult 1  0.97749
State 7 Mult 1  0.86641
State 8 Mult 1  0.70800
State 9 Mult 1  0.43800
State 10 Mult 3  0.00792
State 11 Mult 3  0.06510
State 12 Mult 3  0.02761
State 13 Mult 3  0.01174
State 14 Mult 3  0.00039
State 15 Mult 3  0.02157

Total CASCI Time
----------------------------
 Total Time:       0.19 sec
----------------------------

Total processing time: 0.97 sec 

 Job finished: Sat Apr 18 21:03:53 2020

