Startfile from command line: fanoci_1s_neutral_vtz.inp


       ***********************************************************
       *                    TeraChem v1.93-fanoci                *
       *                 Hg Version: fe47aa4a7a38+               *
       *                   Development Version                   *
       *                Compiled without textures                *
       *           Chemistry at the Speed of Graphics!           *
       ***********************************************************
       * This program may only be used in connection with        *
       * a valid license from PetaChem, LLC. Use of this program *
       * or results thereof indicates acceptance of all terms    *
       * and conditions stated in the license and that a valid   *
       * license agreement between the user and PetaChem, LLC    *
       * exists. PetaChem, LLC does not warrant the correctness  *
       * of results or their suitability for any purpose.        *
       * Please email bugs, suggestions, and comments to         *
       *                  help@petachem.com                      *
       *                                                         *
       ***********************************************************


       ***********************************************************
       *  Compiled by hollas       Sat Apr 18 20:53:43 CEST 2020  *
       *  Supported architectures: sm_52 sm_60 sm_70             *
       *  Cuda compilation tools, release 9.0, V9.0.176          *
       ***********************************************************


 Job started   Sat Apr 18 20:55:28 2020
 On n34 (available memory: 10620 MB)

######################################### RUNTIME INFO ##########################################
/home/hollas/programes/TeraChem-dev/production-fanoci-merge/build/bin/terachem fanoci_1s_neutral_vtz.inp 

NVRM version: NVIDIA UNIX x86_64 Kernel Module  415.25  Wed Dec 12 10:22:08 CST 2018
GCC version:  gcc version 4.7.2 (Debian 4.7.2-5) 

	linux-vdso.so.1 =>  (0x00007ffe97689000)
	libcurl.so.4 => /usr/lib/x86_64-linux-gnu/libcurl.so.4 (0x00002af581c7b000)
	libgpubox.so.1 => /home/hollas/programes/TeraChem-dev/production-fanoci-merge/build/lib/libgpubox.so.1 (0x00002af581ee4000)
	libtensorbox.so.1 => /home/hollas/programes/TeraChem-dev/production-fanoci-merge/build/lib/libtensorbox.so.1 (0x00002af5820ea000)
	libintbox.so.1 => /home/hollas/programes/TeraChem-dev/production-fanoci-merge/build/lib/libintbox.so.1 (0x00002af582303000)
	libthcbox.so.1 => /home/hollas/programes/TeraChem-dev/production-fanoci-merge/build/lib/libthcbox.so.1 (0x00002af5988ec000)
	libgridbox.so.1 => /home/hollas/programes/TeraChem-dev/production-fanoci-merge/build/lib/libgridbox.so.1 (0x00002af599cc3000)
	libdftbox.so.1 => /home/hollas/programes/TeraChem-dev/production-fanoci-merge/build/lib/libdftbox.so.1 (0x00002af59a11e000)
	libcibox.so.1 => /home/hollas/programes/TeraChem-dev/production-fanoci-merge/build/lib/libcibox.so.1 (0x00002af59a400000)
	libccbox.so.1 => /home/hollas/programes/TeraChem-dev/production-fanoci-merge/build/lib/libccbox.so.1 (0x00002af59a79b000)
	libsandboxbox.so.1 => /home/hollas/programes/TeraChem-dev/production-fanoci-merge/build/lib/libsandboxbox.so.1 (0x00002af59a99c000)
	libcuda.so.1 => /usr/local/programs/cuda/driver/usr/lib/x86_64-linux-gnu/libcuda.so.1 (0x00002af59ab9e000)
	libcudart.so.9.0 => /home/hollas/programes/TeraChem-dev/production-fanoci-merge/build/lib/libcudart.so.9.0 (0x00002af59bc91000)
	libcublas.so.9.0 => /home/hollas/programes/TeraChem-dev/production-fanoci-merge/build/lib/libcublas.so.9.0 (0x00002af59befe000)
	libcufft.so.9.0 => /home/hollas/programes/TeraChem-dev/production-fanoci-merge/build/lib/libcufft.so.9.0 (0x00002af59fb7b000)
	libcusparse.so.9.0 => /home/hollas/programes/TeraChem-dev/production-fanoci-merge/build/lib/libcusparse.so.9.0 (0x00002af5a7c1c000)
	libcrypto.so.1.0.0 => /usr/lib/x86_64-linux-gnu/libcrypto.so.1.0.0 (0x00002af5ab382000)
	libssl.so.1.0.0 => /usr/lib/x86_64-linux-gnu/libssl.so.1.0.0 (0x00002af5ab77c000)
	libstdc++.so.6 => /usr/lib/x86_64-linux-gnu/libstdc++.so.6 (0x00002af5ab9dd000)
	libm.so.6 => /lib/x86_64-linux-gnu/libm.so.6 (0x00002af5abce4000)
	libcilkrts.so.5 => /home/hollas/programes/TeraChem-dev/production-fanoci-merge/build/lib/libcilkrts.so.5 (0x00002af5abf66000)
	libgcc_s.so.1 => /lib/x86_64-linux-gnu/libgcc_s.so.1 (0x00002af5ac1a1000)
	libpthread.so.0 => /lib/x86_64-linux-gnu/libpthread.so.0 (0x00002af5ac3b7000)
	libc.so.6 => /lib/x86_64-linux-gnu/libc.so.6 (0x00002af5ac5d3000)
	/lib64/ld-linux-x86-64.so.2 (0x00002af581a59000)
	libdl.so.2 => /lib/x86_64-linux-gnu/libdl.so.2 (0x00002af5ac960000)
	libidn.so.11 => /usr/lib/x86_64-linux-gnu/libidn.so.11 (0x00002af5acb64000)
	libssh2.so.1 => /usr/lib/x86_64-linux-gnu/libssh2.so.1 (0x00002af5acd98000)
	liblber-2.4.so.2 => /usr/lib/x86_64-linux-gnu/liblber-2.4.so.2 (0x00002af5acfc1000)
	libldap_r-2.4.so.2 => /usr/lib/x86_64-linux-gnu/libldap_r-2.4.so.2 (0x00002af5ad1d0000)
	librt.so.1 => /lib/x86_64-linux-gnu/librt.so.1 (0x00002af5ad421000)
	libgssapi_krb5.so.2 => /usr/lib/x86_64-linux-gnu/libgssapi_krb5.so.2 (0x00002af5ad629000)
	librtmp.so.0 => /usr/lib/x86_64-linux-gnu/librtmp.so.0 (0x00002af5ad869000)
	libz.so.1 => /lib/x86_64-linux-gnu/libz.so.1 (0x00002af5ada83000)
	libnvidia-fatbinaryloader.so.415.25 => /usr/local/programs/cuda/driver/usr/lib/x86_64-linux-gnu/libnvidia-fatbinaryloader.so.415.25 (0x00002af5adc9a000)
	libgcrypt.so.11 => /lib/x86_64-linux-gnu/libgcrypt.so.11 (0x00002af5adee7000)
	libresolv.so.2 => /lib/x86_64-linux-gnu/libresolv.so.2 (0x00002af5ae166000)
	libsasl2.so.2 => /usr/lib/x86_64-linux-gnu/libsasl2.so.2 (0x00002af5ae37c000)
	libgnutls.so.26 => /usr/lib/x86_64-linux-gnu/libgnutls.so.26 (0x00002af5ae597000)
	libkrb5.so.3 => /usr/lib/x86_64-linux-gnu/libkrb5.so.3 (0x00002af5ae857000)
	libk5crypto.so.3 => /usr/lib/x86_64-linux-gnu/libk5crypto.so.3 (0x00002af5aeb2b000)
	libcom_err.so.2 => /lib/x86_64-linux-gnu/libcom_err.so.2 (0x00002af5aed54000)
	libkrb5support.so.0 => /usr/lib/x86_64-linux-gnu/libkrb5support.so.0 (0x00002af5aef58000)
	libkeyutils.so.1 => /lib/x86_64-linux-gnu/libkeyutils.so.1 (0x00002af5af161000)
	libgpg-error.so.0 => /lib/x86_64-linux-gnu/libgpg-error.so.0 (0x00002af5af365000)
	libtasn1.so.3 => /usr/lib/x86_64-linux-gnu/libtasn1.so.3 (0x00002af5af568000)
	libp11-kit.so.0 => /usr/lib/x86_64-linux-gnu/libp11-kit.so.0 (0x00002af5af779000)
#################################################################################################

Cannot find license.dat file in the TeraChem installation directory /home/hollas/programes/TeraChem-dev/production-fanoci-merge/build


TRYING THE NETWORK LICENSE...
Connecting to license server '403-as67-01' port '8080'...
Connected!
Checking your license...

**************************************************************
  Greetings, Petr Slavicek! You have 100 licenses in total
  IN USE: 1
  AVAILABLE: 99

  ATTENTION: A NEWER TERACHEM VERSION (v.1.93) IS AVAILABLE
  TO UPGRADE, PLEASE RUN 'terachem -u' OR CONTACT PETACHEM
**************************************************************

Jobname: water1
Scratch directory: scr-fanoci-1s-neutral-vtz
Random number seed: 448802973

XYZ coordinates ../water1.xyz
Molden File Output: scr-fanoci-1s-neutral-vtz/water1.molden
Using basis set: cc-pvtz-nof
dmrgstart not found
cibox_start not found
Spin multiplicity: 1
DIIS will use up to 10 vectors.
Condition number limit for the DIIS overlap matrix is            0
WF convergence threshold: 1.00e-07
Using DIIS algorithm to converge WF
Maximum number of SCF iterations: 100
Incremental fock with rebuild every 8 iterations
Will switch to conventional Fock if diffuse functions are detected
X-matrix tolerance: 1.00e-04
PRECISION: DOUBLE
DFT Functional requested: hf
Method: Hartree-Fock 
Wavefunction: RESTRICTED
Initial guess generated from core Hamiltonian

********************************************
********************************************

using 1 out of 2 CUDA devices
   Device 0:     GeForce RTX 2070,  7952MB, CC 7.5 -- CPU THREAD 0
   Device 1:     GeForce RTX 2070, 7952MB, CC 7.5 -- IDLE
-------------------------------------------------------------------
Compiled with MAGMA support.  MAGMA parameters:
    Matrices larger than 5000 square will be treated with MAGMA
       (Change by setting the MagmaMinN environment variable)
    Magma will use 1 out of 1 GPUs
       (Change by setting the MagmaNGPUs environment variable)
-------------------------------------------------------------------
 CPU Memory Available: 5868.88 MegaWords 
 GPU Memory Available: 738.04 MegaWords 
 Maximum recommended basis set size: 10200 basis functions
 (limited by GPU memory)
-------------------------------------------------------------------
Reading basis set from file /home/hollas/programes/TeraChem-dev/production-fanoci-merge/build/basis/cc-pvtz-nof
Using d-functions. Configuring GPUs accordingly.
0: CUBLAS initialized, available GPU memory: 5646MB

****** QM coordinates ******
O         0.0000000000         0.0000000000         0.9683790000  
H         0.0000000000         0.0000000000         0.0000000000  
H         0.9300130000         0.0000000000         1.2083680000  

Basis set:       cc-pvtz-nof
Total atoms:     3
Total charge:    0
Total electrons: 10 (5-alpha, 5-beta)
Number electrons modeled by ECPs: 0
Total orbitals:  55
Total AO shells: 21 (10 S-shells; 7 P-shells; 4 D-shells; 0 F-shells; 0 G-shells)
Spin multiplicity: 1
Nuclear repulsion energy (QM atoms): 9.126310008901 a.u.

Generating guess orbitals from core Hamiltonian in guess generator 

                      *** Start SCF Iterations ***

 Iter     DIIS Error       Energy change         Energy        Time(s)
------------------------------------------------------------------------
Skip purify step
   1     3.1113226886     -61.3130881223     -61.3130881223     0.04  
   2     1.7894141561      -5.1700083972     -66.4830965195     0.04  
   3     1.2605147918      -7.2244770605     -73.7075735799     0.04  
   4     0.4950662098      -1.9740102787     -75.6815838587     0.04  
   5     0.0359869021      -0.3715640170     -76.0531478756     0.04  
   6     0.0169699142      -0.0027563938     -76.0559042694     0.04  
   7     0.0036598524      -0.0004047088     -76.0563089782     0.03  
   8     0.0005759724      -0.0000256784     -76.0563346566     0.03  
   9     0.0001120966      -0.0000011060     -76.0563357626     0.03  
  10     0.0000139463      -0.0000000314     -76.0563357940     0.03  
  11     0.0000027037      -0.0000000005     -76.0563357945     0.03  
  12     0.0000003638      -0.0000000000     -76.0563357945     0.03  
  13     0.0000000508      -0.0000000000     -76.0563357945     0.03  
------------------------------------------------------------------------
FINAL ENERGY: -76.0563357945 a.u.
HOMO-LUMO GAP: 17.290 eV
CENTER OF MASS: {0.052041, 0.000000, 0.927620} ANGS
DIPOLE MOMENT: {1.603293, -0.000000, -1.249958} (|D| = 2.032964) DEBYE
Writing out molden info

Running Mulliken population analysis...


  Active Space Parameters
--------------------------------------------
Number of closed orbitals:               1
Number of active orbitals:               4
Number of virtual orbitals:             50
Number of molecular orbitals:           55
Number of basis functions:              55
Number of active electrons:              6
Number of alpha electrons:               3
Number of beta electrons:                3

  Orbital      Energy  
-----------------------
      1      -20.556481
      2       -1.342380
      3       -0.706484
      4       -0.576693
      5       -0.503590
      6        0.131807
      7        0.200283

  CAS Parameters
--------------------------------------------
Number of determinants:                 16
Number of singlet CSFs:                 10
Number of doublet CSFs:                  0
Number of triplet CSFs:                  6
Number of quartet CSFs:                  0
Number of quintet CSFs:                  0
Number of sextet CSFs:                   0
Number of septet CSFs:                   0
Number of singlet states:               10
Number of doublet states:                0
Number of triplet states:                6
Number of quartet states:                0
Number of quintet states:                0
Number of sextet states:                 0
Number of septet states:                 0
Using the hard-coded solver

Running AES calculation with Mulliken Population Analysis
Core atom = 0

Mulliken Population: Atom 0 MO 0 1.99932
Mulliken Population: Atom 0 MO 1 1.60455
Mulliken Population: Atom 0 MO 2 1.19662
Mulliken Population: Atom 0 MO 3 1.70025
Mulliken Population: Atom 0 MO 4 1.92004

Singlet state  1 energy:        -74.32009222854477

        0.97198105082629  X2 X3 X4
       -0.22493855035355  X2 X3 X5
       -0.05387770341584  X3 X4 X5
       -0.03585463183554  X2 X4 X5

Singlet state  2 energy:        -74.28472351006081

        0.70530654613942  X2 X3 A4 B5
        0.70530654613942  X2 X3 B4 A5
        0.04961081613439  A2 X3 X4 B5
        0.04961081613439  B2 X3 X4 A5

Singlet state  3 energy:        -74.20634800682868

       -0.95480153522352  X2 X3 X5
       -0.20818807342588  X2 X3 X4
        0.15562075584053  X2 X4 X5
       -0.08457440293618  A2 X3 B4 X5
       -0.08457440293618  B2 X3 A4 X5
        0.07904321042517  X3 X4 X5

Singlet state  4 energy:        -74.19669178418674

       -0.70704900727544  X2 A3 X4 B5
       -0.70704900727544  X2 B3 X4 A5

Singlet state  5 energy:        -74.12936759791606

       -0.70662652419260  X2 A3 B4 X5
       -0.70662652419260  X2 B3 A4 X5
        0.02319833168236  A2 B3 X4 X5
        0.02319833168236  B2 A3 X4 X5

Singlet state  6 energy:        -73.99019432659924

       -0.98033902798752  X2 X4 X5
       -0.13695810436315  X2 X3 X5
        0.12793895737055  X3 X4 X5
       -0.06093276918781  X2 X3 X4

Singlet state  7 energy:        -73.36794382548179

        0.70536335779469  A2 X3 X4 B5
        0.70536335779469  B2 X3 X4 A5
       -0.04962131664055  X2 X3 A4 B5
       -0.04962131664055  X2 X3 B4 A5

Singlet state  8 energy:        -73.32219057335811

        0.70166205221343  A2 X3 B4 X5
        0.70166205221343  B2 X3 A4 X5
       -0.11092148609329  X2 X3 X5
       -0.04745582009552  X2 X3 X4
        0.02466245912187  X2 X4 X5

Singlet state  9 energy:        -73.17225840196704

       -0.70670702153996  A2 B3 X4 X5
       -0.70670702153996  B2 A3 X4 X5
       -0.02320362761979  X2 A3 B4 X5
       -0.02320362761979  X2 B3 A4 X5

Singlet state 10 energy:        -72.57952296397283

        0.98708429338513  X3 X4 X5
        0.11292729457463  X2 X4 X5
        0.08063155708679  X2 X3 X5
        0.07706280773157  X2 X3 X4

Triplet state  1 energy:        -74.36312339323777

       -0.70706989322631  X2 X3 A4 B5
        0.70706989322631  X2 X3 B4 A5

Triplet state  2 energy:        -74.25669708274970

       -0.70709007533884  X2 A3 X4 B5
        0.70709007533884  X2 B3 X4 A5

Triplet state  3 energy:        -74.20933836075140

        0.70710214675282  X2 A3 B4 X5
       -0.70710214675282  X2 B3 A4 X5

Triplet state  4 energy:        -73.62943628405560

        0.70708629790694  A2 X3 X4 B5
       -0.70708629790694  B2 X3 X4 A5

Triplet state  5 energy:        -73.58592636718811

        0.70709568494925  A2 X3 B4 X5
       -0.70709568494925  B2 X3 A4 X5

Triplet state  6 energy:        -73.48079940620470

        0.70709135352328  A2 B3 X4 X5
       -0.70709135352328  B2 A3 X4 X5

  Root   Mult.   Total Energy (a.u.)   Ex. Energy (a.u.)     Ex. Energy (eV)     Ex. Energy (nm)
-------------------------------------------------------------------------------------------------
     1  triplet        -74.36312339
     2  singlet        -74.32009223          0.04303116          1.17093737       1058.84587357
     3  singlet        -74.28472351          0.07839988          2.13336901        581.16631459
     4  triplet        -74.25669708          0.10642631          2.89600678        428.12130723
     5  triplet        -74.20933836          0.15378503          4.18470296        296.27962119
     6  singlet        -74.20634801          0.15677539          4.26607461        290.62834552
     7  singlet        -74.19669178          0.16643161          4.52883376        273.76633219
     8  singlet        -74.12936760          0.23375580          6.36081777        194.91868044
     9  singlet        -73.99019433          0.37292907         10.14791455        122.17704450
    10  triplet        -73.62943628          0.73368711         19.96463873         62.10191047
    11  triplet        -73.58592637          0.77719703         21.14860361         58.62525157
    12  triplet        -73.48079941          0.88232399         24.00925329         51.64018188
    13  singlet        -73.36794383          0.99517957         27.08020939         45.78407018
    14  singlet        -73.32219057          1.04093282         28.32521852         43.77167316
    15  singlet        -73.17225840          1.19086499         32.40507981         38.26073611
    16  singlet        -72.57952296          1.78360043         48.53422905         25.54572786

Singlet state dipole moments:

  Root       Dx         Dy         Dz         |D|  (Debye)
------------------------------------------------------------
     1     1.3160    -0.0000    -1.0223     1.6664
     2     1.2767    -0.0000    -1.0244     1.6368
     3     1.2987    -0.0000    -1.0692     1.6822
     4     2.0481    -0.0000    -1.5874     2.5912
     5     1.6837    -0.0000    -1.3072     2.1316
     6     2.6724    -0.0000    -2.0989     3.3981
     7     1.6766     0.0000    -1.2866     2.1134
     8     1.0995    -0.0000    -0.8648     1.3989
     9     2.6323    -0.0000    -2.0717     3.3498
    10     2.4860    -0.0000    -1.8707     3.1112

Triplet state dipole moments:

  Root       Dx         Dy         Dz         |D|  (Debye)
------------------------------------------------------------
     1     1.1028    -0.0000    -0.8768     1.4089
     2     2.0395    -0.0000    -1.5988     2.5915
     3     1.7677    -0.0000    -1.4089     2.2605
     4     1.8590    -0.0000    -1.4228     2.3410
     5     1.5991    -0.0000    -1.2409     2.0241
     6     2.5458    -0.0000    -1.9738     3.2213

Singlet state electronic transitions:

 Transition      Tx        Ty        Tz       |T|    Osc. (a.u.) 
-----------------------------------------------------------------
   1 ->  2    -0.0000   -0.0808   -0.0000    0.0808    0.0002
   1 ->  3    -0.0410   -0.0000    0.0288    0.0501    0.0002
   1 ->  4     0.0000   -0.0053    0.0000    0.0053    0.0000
   1 ->  5    -0.0220    0.0000   -0.0343    0.0408    0.0002
   1 ->  6     0.0072    0.0000   -0.0067    0.0099    0.0000
   1 ->  7     0.0000    0.8489   -0.0000    0.8489    0.4574
   1 ->  8    -0.2208    0.0000    0.1752    0.2819    0.0529
   1 ->  9    -0.0635    0.0000   -0.0788    0.1012    0.0078
   1 -> 10    -0.0063   -0.0000    0.0045    0.0077    0.0001
   2 ->  3    -0.0000    0.1548    0.0000    0.1548    0.0013
   2 ->  4     0.1275   -0.0000    0.1840    0.2239    0.0029
   2 ->  5     0.0000   -0.0022   -0.0000    0.0022    0.0000
   2 ->  6     0.0000    0.0499   -0.0000    0.0499    0.0005
   2 ->  7     0.5614   -0.0000   -0.4545    0.7223    0.3189
   2 ->  8     0.0000    0.6623   -0.0000    0.6623    0.2814
   2 ->  9     0.0000   -0.0044   -0.0000    0.0044    0.0000
   2 -> 10    -0.0000    0.0498   -0.0000    0.0498    0.0028
   3 ->  4    -0.0000   -0.0014   -0.0000    0.0014    0.0000
   3 ->  5    -0.1744   -0.0000   -0.2368    0.2941    0.0044
   3 ->  6    -0.1101    0.0000    0.0862    0.1398    0.0028
   3 ->  7     0.0000   -0.1124   -0.0000    0.1124    0.0071
   3 ->  8    -0.6921   -0.0000    0.5576    0.8888    0.4657
   3 ->  9     0.1533   -0.0000    0.1862    0.2412    0.0401
   3 -> 10    -0.0571   -0.0000    0.0462    0.0735    0.0059
   4 ->  5     0.0000   -0.1672    0.0000    0.1672    0.0013
   4 ->  6     0.0000    0.0068   -0.0000    0.0068    0.0000
   4 ->  7     0.5022   -0.0000    0.6247    0.8015    0.3549
   4 ->  8     0.0000    0.0048    0.0000    0.0048    0.0000
   4 ->  9     0.0000    0.6451    0.0000    0.6451    0.2842
   4 -> 10    -0.0000    0.0026   -0.0000    0.0026    0.0000
   5 ->  6    -0.1241    0.0000   -0.1886    0.2258    0.0047
   5 ->  7    -0.0000    0.0015   -0.0000    0.0015    0.0000
   5 ->  8     0.4905   -0.0000    0.6094    0.7823    0.3293
   5 ->  9     0.5366   -0.0000   -0.4302    0.6878    0.3018
   5 -> 10     0.0159    0.0000    0.0146    0.0216    0.0005
   6 ->  7     0.0000    0.0571    0.0000    0.0571    0.0014
   6 ->  8    -0.0228    0.0000    0.0200    0.0303    0.0004
   6 ->  9    -0.6138    0.0000   -0.7759    0.9894    0.5338
   6 -> 10    -0.0018    0.0000   -0.0011    0.0022    0.0000
   7 ->  8     0.0000   -0.2462   -0.0000    0.2462    0.0018
   7 ->  9    -0.0000   -0.0097   -0.0000    0.0097    0.0000
   7 -> 10    -0.0000    0.9743    0.0000    0.9743    0.4989
   8 ->  9     0.1115   -0.0000    0.1748    0.2074    0.0043
   8 -> 10     0.8206    0.0000   -0.6556    1.0503    0.5462
   9 -> 10     0.7907    0.0000    0.9977    1.2731    0.6404

Triplet state electronic transitions:

 Transition      Tx        Ty        Tz       |T|    Osc. (a.u.) 
-----------------------------------------------------------------
   1 ->  2    -0.0968    0.0000   -0.1439    0.1734    0.0021
   1 ->  3    -0.0000    0.0052    0.0000    0.0052    0.0000
   1 ->  4    -0.5503    0.0000    0.4405    0.7049    0.2430
   1 ->  5     0.0000    0.6513   -0.0000    0.6513    0.2198
   1 ->  6    -0.0000    0.0008    0.0000    0.0008    0.0000
   2 ->  3     0.0000    0.1437    0.0000    0.1437    0.0007
   2 ->  4     0.5061   -0.0000    0.6374    0.8139    0.2770
   2 ->  5     0.0000   -0.0008    0.0000    0.0008    0.0000
   2 ->  6     0.0000    0.6507   -0.0000    0.6507    0.2190
   3 ->  4     0.0000    0.0000    0.0000    0.0000    0.0000
   3 ->  5    -0.5058   -0.0000   -0.6385    0.8146    0.2758
   3 ->  6    -0.5498    0.0000    0.4388    0.7034    0.2403
   4 ->  5     0.0000   -0.1410    0.0000    0.1410    0.0006
   4 ->  6     0.0000    0.0050   -0.0000    0.0050    0.0000
   5 ->  6    -0.0952   -0.0000   -0.1410    0.1701    0.0020

State 0 Mult 1  0.55577
State 1 Mult 1  1.00000
State 2 Mult 1  0.44649
State 3 Mult 1  0.74139
State 4 Mult 1  0.64036
State 5 Mult 1  0.22693
State 6 Mult 1  0.94837
State 7 Mult 1  0.82767
State 8 Mult 1  0.59890
State 9 Mult 1  0.39229
State 10 Mult 3  0.01107
State 11 Mult 3  0.11982
State 12 Mult 3  0.05808
State 13 Mult 3  0.02279
State 14 Mult 3  0.00210
State 15 Mult 3  0.03810

Total CASCI Time
----------------------------
 Total Time:       0.20 sec
----------------------------

Total processing time: 0.69 sec 

 Job finished: Sat Apr 18 20:55:38 2020

