Startfile from command line: water_opt_b3lyp_vdz.inp


       ***********************************************************
       *                    TeraChem v1.93-fanoci                *
       *                 Hg Version: fe47aa4a7a38+               *
       *                   Development Version                   *
       *                Compiled without textures                *
       *           Chemistry at the Speed of Graphics!           *
       ***********************************************************
       * This program may only be used in connection with        *
       * a valid license from PetaChem, LLC. Use of this program *
       * or results thereof indicates acceptance of all terms    *
       * and conditions stated in the license and that a valid   *
       * license agreement between the user and PetaChem, LLC    *
       * exists. PetaChem, LLC does not warrant the correctness  *
       * of results or their suitability for any purpose.        *
       * Please email bugs, suggestions, and comments to         *
       *                  help@petachem.com                      *
       *                                                         *
       ***********************************************************


       ***********************************************************
       *  Compiled by hollas       Sat Apr 18 21:26:45 CEST 2020  *
       *  Supported architectures: sm_52 sm_60 sm_70             *
       *  Cuda compilation tools, release 9.0, V9.0.176          *
       ***********************************************************


 Job started   Sat Apr 18 21:49:12 2020
 On n32 (available memory: 26372 MB)

######################################### RUNTIME INFO ##########################################
/home/hollas/programes/TeraChem-dev/production-fanoci-merge/build/bin/terachem water_opt_b3lyp_vdz.inp 

NVRM version: NVIDIA UNIX x86_64 Kernel Module  415.25  Wed Dec 12 10:22:08 CST 2018
GCC version:  gcc version 4.7.2 (Debian 4.7.2-5) 

	linux-vdso.so.1 =>  (0x00007fff0ed1b000)
	libcurl.so.4 => /usr/lib/x86_64-linux-gnu/libcurl.so.4 (0x00002b362f279000)
	libgpubox.so.1 => /home/hollas/programes/TeraChem-dev/production-fanoci-merge/build/lib/libgpubox.so.1 (0x00002b362f4e2000)
	libtensorbox.so.1 => /home/hollas/programes/TeraChem-dev/production-fanoci-merge/build/lib/libtensorbox.so.1 (0x00002b362f6e8000)
	libintbox.so.1 => /home/hollas/programes/TeraChem-dev/production-fanoci-merge/build/lib/libintbox.so.1 (0x00002b362f901000)
	libthcbox.so.1 => /home/hollas/programes/TeraChem-dev/production-fanoci-merge/build/lib/libthcbox.so.1 (0x00002b3645eea000)
	libgridbox.so.1 => /home/hollas/programes/TeraChem-dev/production-fanoci-merge/build/lib/libgridbox.so.1 (0x00002b36472c1000)
	libdftbox.so.1 => /home/hollas/programes/TeraChem-dev/production-fanoci-merge/build/lib/libdftbox.so.1 (0x00002b364771c000)
	libcibox.so.1 => /home/hollas/programes/TeraChem-dev/production-fanoci-merge/build/lib/libcibox.so.1 (0x00002b36479fe000)
	libccbox.so.1 => /home/hollas/programes/TeraChem-dev/production-fanoci-merge/build/lib/libccbox.so.1 (0x00002b3647d99000)
	libsandboxbox.so.1 => /home/hollas/programes/TeraChem-dev/production-fanoci-merge/build/lib/libsandboxbox.so.1 (0x00002b3647f9a000)
	libcuda.so.1 => /usr/local/programs/cuda/driver/usr/lib/x86_64-linux-gnu/libcuda.so.1 (0x00002b364819c000)
	libcudart.so.9.0 => /home/hollas/programes/TeraChem-dev/production-fanoci-merge/build/lib/libcudart.so.9.0 (0x00002b364928f000)
	libcublas.so.9.0 => /home/hollas/programes/TeraChem-dev/production-fanoci-merge/build/lib/libcublas.so.9.0 (0x00002b36494fc000)
	libcufft.so.9.0 => /home/hollas/programes/TeraChem-dev/production-fanoci-merge/build/lib/libcufft.so.9.0 (0x00002b364d179000)
	libcusparse.so.9.0 => /home/hollas/programes/TeraChem-dev/production-fanoci-merge/build/lib/libcusparse.so.9.0 (0x00002b365521a000)
	libcrypto.so.1.0.0 => /usr/lib/x86_64-linux-gnu/libcrypto.so.1.0.0 (0x00002b3658980000)
	libssl.so.1.0.0 => /usr/lib/x86_64-linux-gnu/libssl.so.1.0.0 (0x00002b3658d7a000)
	libstdc++.so.6 => /usr/lib/x86_64-linux-gnu/libstdc++.so.6 (0x00002b3658fdb000)
	libm.so.6 => /lib/x86_64-linux-gnu/libm.so.6 (0x00002b36592e2000)
	libcilkrts.so.5 => /home/hollas/programes/TeraChem-dev/production-fanoci-merge/build/lib/libcilkrts.so.5 (0x00002b3659564000)
	libgcc_s.so.1 => /lib/x86_64-linux-gnu/libgcc_s.so.1 (0x00002b365979f000)
	libpthread.so.0 => /lib/x86_64-linux-gnu/libpthread.so.0 (0x00002b36599b5000)
	libc.so.6 => /lib/x86_64-linux-gnu/libc.so.6 (0x00002b3659bd1000)
	/lib64/ld-linux-x86-64.so.2 (0x00002b362f057000)
	libdl.so.2 => /lib/x86_64-linux-gnu/libdl.so.2 (0x00002b3659f5e000)
	libidn.so.11 => /usr/lib/x86_64-linux-gnu/libidn.so.11 (0x00002b365a162000)
	libssh2.so.1 => /usr/lib/x86_64-linux-gnu/libssh2.so.1 (0x00002b365a396000)
	liblber-2.4.so.2 => /usr/lib/x86_64-linux-gnu/liblber-2.4.so.2 (0x00002b365a5bf000)
	libldap_r-2.4.so.2 => /usr/lib/x86_64-linux-gnu/libldap_r-2.4.so.2 (0x00002b365a7ce000)
	librt.so.1 => /lib/x86_64-linux-gnu/librt.so.1 (0x00002b365aa1f000)
	libgssapi_krb5.so.2 => /usr/lib/x86_64-linux-gnu/libgssapi_krb5.so.2 (0x00002b365ac27000)
	librtmp.so.0 => /usr/lib/x86_64-linux-gnu/librtmp.so.0 (0x00002b365ae67000)
	libz.so.1 => /lib/x86_64-linux-gnu/libz.so.1 (0x00002b365b081000)
	libnvidia-fatbinaryloader.so.415.25 => /usr/local/programs/cuda/driver/usr/lib/x86_64-linux-gnu/libnvidia-fatbinaryloader.so.415.25 (0x00002b365b298000)
	libgcrypt.so.11 => /lib/x86_64-linux-gnu/libgcrypt.so.11 (0x00002b365b4e5000)
	libresolv.so.2 => /lib/x86_64-linux-gnu/libresolv.so.2 (0x00002b365b764000)
	libsasl2.so.2 => /usr/lib/x86_64-linux-gnu/libsasl2.so.2 (0x00002b365b97a000)
	libgnutls.so.26 => /usr/lib/x86_64-linux-gnu/libgnutls.so.26 (0x00002b365bb95000)
	libkrb5.so.3 => /usr/lib/x86_64-linux-gnu/libkrb5.so.3 (0x00002b365be55000)
	libk5crypto.so.3 => /usr/lib/x86_64-linux-gnu/libk5crypto.so.3 (0x00002b365c129000)
	libcom_err.so.2 => /lib/x86_64-linux-gnu/libcom_err.so.2 (0x00002b365c352000)
	libkrb5support.so.0 => /usr/lib/x86_64-linux-gnu/libkrb5support.so.0 (0x00002b365c556000)
	libkeyutils.so.1 => /lib/x86_64-linux-gnu/libkeyutils.so.1 (0x00002b365c75f000)
	libgpg-error.so.0 => /lib/x86_64-linux-gnu/libgpg-error.so.0 (0x00002b365c963000)
	libtasn1.so.3 => /usr/lib/x86_64-linux-gnu/libtasn1.so.3 (0x00002b365cb66000)
	libp11-kit.so.0 => /usr/lib/x86_64-linux-gnu/libp11-kit.so.0 (0x00002b365cd77000)
#################################################################################################

Cannot find license.dat file in the TeraChem installation directory /home/hollas/programes/TeraChem-dev/production-fanoci-merge/build


TRYING THE NETWORK LICENSE...
Connecting to license server '403-as67-01' port '8080'...
Connected!
Checking your license...

**************************************************************
  Greetings, Petr Slavicek! You have 100 licenses in total
  IN USE: 1
  AVAILABLE: 99
**************************************************************

Jobname: water1
Scratch directory: scr-water_opt_b3lyp_vdz
Random number seed: 1096595072

XYZ coordinates ../water1.xyz
Molden File Output: scr-water_opt_b3lyp_vdz/water1.molden
Using basis set: cc-pvdz
dmrgstart not found
cibox_start not found
Spin multiplicity: 1
DIIS will use up to 10 vectors.
Condition number limit for the DIIS overlap matrix is            0
WF convergence threshold: 3.00e-05
Using DIIS algorithm to converge WF
Maximum number of SCF iterations: 100
Incremental fock with rebuild every 8 iterations
Will switch to conventional Fock if diffuse functions are detected
X-matrix tolerance: 1.00e-04
PRECISION: DYNAMIC
DFT Functional requested: b3lyp
Method: B3LYP 
  Hartree-Fock exact exchange:          0.20 
  Slater exchange functional:           0.80 
  Becke 1988 exchange functional:       0.72 
  Lee-Yang-Parr correlation functional: 0.81 
  VWN(I) correlation functional:        0.19 
Wavefunction: RESTRICTED
DFT grid type: 1
Using dynamic DFT grids.
Initial guess generated by maximum overlap

********************************************
******* RUNNING GEOMETRY OPTMIZATION *******
********************************************

Geometry optimization parameters:
Max number of optimization cycles: 1000
Convergence threshold (Max grad component): 4.50e-04
Convergence threshold (energy change): 1.00e-06
Maximum of RMSD change allowed between steps is 0.500000
using L-BFGS method
Optimization checkpoint file will be dumped every 10 cycles
Atomic displacement in finite-difference Hessian (Bohr) 0.003000
Each step will be scaled by 1.00
Maximum step size in internal coordinates 0.50
Minimization SCF guess will be regenerated every 10 steps
Job started from scratch
SCF:   Initial guess is taken from previous step

using 1 out of 2 CUDA devices
   Device 0:     GeForce RTX 2070,  7952MB, CC 7.5 -- CPU THREAD 0
   Device 1:     GeForce RTX 2070, 7952MB, CC 7.5 -- IDLE
-------------------------------------------------------------------
Compiled with MAGMA support.  MAGMA parameters:
    Matrices larger than 5000 square will be treated with MAGMA
       (Change by setting the MagmaMinN environment variable)
    Magma will use 1 out of 1 GPUs
       (Change by setting the MagmaNGPUs environment variable)
-------------------------------------------------------------------
 CPU Memory Available: 5868.88 MegaWords 
 GPU Memory Available: 738.04 MegaWords 
 Maximum recommended basis set size: 10200 basis functions
 (limited by GPU memory)
-------------------------------------------------------------------
Reading basis set from file /home/hollas/programes/TeraChem-dev/production-fanoci-merge/build/basis/cc-pvdz
Using d-functions. Configuring GPUs accordingly.
0: CUBLAS initialized, available GPU memory: 5646MB

****** QM coordinates ******
O         0.0000000000         0.0000000000         0.9683790000  
H         0.0000000000         0.0000000000         0.0000000000  
H         0.9300130000         0.0000000000         1.2083680000  

Basis set:       cc-pvdz
Total atoms:     3
Total charge:    0
Total electrons: 10 (5-alpha, 5-beta)
Number electrons modeled by ECPs: 0
Total orbitals:  25
Total AO shells: 12 (7 S-shells; 4 P-shells; 1 D-shells; 0 F-shells; 0 G-shells)
Spin multiplicity: 1
Nuclear repulsion energy (QM atoms): 9.126310008901 a.u.


No optimization coordinates found in the configuration file
Determining the type of coordinates based on the number of individual fragments...
Analyzing structure...
Found 3 atoms, 2 bonds
Building HDLC residues...
Found 1 HDLC residues
done.
Optimization will be performed in DLC coordinates

-------------------------------------------------------
0 additional frames found in ../water1.xyz
-------------------------------------------------------
***********************************************************************
**                                                                   **
**                              DL-FIND                              **
**                       Geometry Optimisation                       **
**               written by Johannes Kaestner, in 2006               **
**               Copyright:  STFC Daresbury Laboratory               **
**                           Revision:  406 $                        **
**                                                                   **
***********************************************************************
Residue member list:
    0 :     1    1    1

Generating new HDLC for    1 residues

Located a new residue for HDLC
   Residue number is    1
   Number of atoms it contains     3
   Atoms:      1     2     3
   Generating HDLC for residue    1

     The system has     3 degrees of freedom, and     3 non-zero eigenvalues

 call dlf_formstep_init...
 needhessian =  F

DL-FIND Report:
===============
Optimisation algorithm: L-BFGS
Number of steps in L-BFGS memory ...............          9
 
Trust radius based on energy
Maximum step length ............................  5.000E-01
 
Coordinate system: Delocalised internal coordinates (DLC)
 
Number of atoms ................................          3
Number of input geometries .....................          2
Variables to be optimised ......................          3
Restart information is written every ...........         10 steps
This run has not been restarted.
Maximum number of steps ........................       1000
Maximum number of energy evaluations ...........     100000
 
Setting up the DFT grid...
time to set the grid = 0.00 s
DFT grid points: 3162 (1054 points/atom)
Setting up the DFT grid...
time to set the grid = 0.00 s
DFT grid points: 8783 (2927 points/atom)

                      *** Start SCF Iterations ***

 Iter     DIIS Error       Energy change      Electrons        XC Energy           Energy        Time(s)
----------------------------------------------------------------------------------------------------------
         >>> Purifying P... IDMP = 4.66e-15 <<<
THRESPDP set to 1.00e+00
                >>> SWITCHING TO GRID 1 <<<
   1     0.7356721094     -75.9741276538     9.9999808275    -7.2565226082     -75.9741276538     0.06  
                >>> SWITCHING TO GRID 0 <<<
   2     0.4217278607      -0.2621115563     9.9999287726    -7.9090978661     -76.2362392101     0.04  
   3     0.1123614368      -0.1678621643     9.9999155235    -7.4758126626     -76.4041013744     0.04  
   4     0.0150843132      -0.0172792002     9.9999243997    -7.5756132637     -76.4213805746     0.04  
   5     0.0024929699      -0.0002884453     9.9999235527    -7.5652993248     -76.4216690199     0.03  
                >>> SWITCHING TO GRID 1 <<<
   6     0.0003233509      -0.0000262119     9.9999906211    -7.5672935033     -76.4216952318     0.05  
   7     0.0001342744      -0.0000001081     9.9999906900    -7.5673149128     -76.4216953399     0.05  
THRESPDP set to 9.01e-02
   8     0.0000200429      +0.0000004694     9.9999906035    -7.5673324113     -76.4216948705     0.05  
   9     0.0000010642      -0.0000004625     9.9999906081    -7.5673304295     -76.4216953330     0.05  
----------------------------------------------------------------------------------------------------------
FINAL ENERGY: -76.4216953330 a.u.
HOMO-LUMO GAP: 9.171 eV
CENTER OF MASS: {0.052041, 0.000000, 0.927620} ANGS
DIPOLE MOMENT: {1.510113, -0.000000, -1.174521} (|D| = 1.913097) DEBYE

Running Mulliken population analysis...

GPU Memory: 5542 Mb
 Energy calculation finished, energy: -7.642169533E+01

Converting Cartesians to HDLC
Testing convergence  in cycle    1
  Max grad  6.8828E-03 Target: 4.5000E-04 converged?   no
  RMS grad  5.2300E-03 Target: 3.0000E-04 converged?   no
 Predicted step length 2.0000E-02
 Trust radius          1.0000E-01

Converting HDLC to Cartesians
RMSD coordinate change for step 1 is  4.447e-03
Setting up the DFT grid...
time to set the grid = 0.00 s
DFT grid points: 3162 (1054 points/atom)
Setting up the DFT grid...
time to set the grid = 0.00 s
DFT grid points: 8783 (2927 points/atom)

                      *** Start SCF Iterations ***

 Iter     DIIS Error       Energy change      Electrons        XC Energy           Energy        Time(s)
----------------------------------------------------------------------------------------------------------
         >>> Purifying P... IDMP = 4.33e-03 <<<
         >>> Purifying P... IDMP = 2.50e-05 <<<
         >>> Purifying P... IDMP = 1.04e-09 <<<
         >>> Purifying P... IDMP = 4.44e-16 <<<
THRESPDP set to 9.01e-02
                >>> SWITCHING TO GRID 1 <<<
   1     0.0032385579     -76.4217650864     9.9999903236    -7.5652690850     -76.4217650864     0.05  
   2     0.0013847599      -0.0000298472     9.9999901846    -7.5631055761     -76.4217949337     0.04  
   3     0.0012039833      -0.0000007613     9.9999901977    -7.5652376777     -76.4217956949     0.04  
   4     0.0001406803      -0.0000017536     9.9999902082    -7.5641184617     -76.4217974485     0.04  
   5     0.0000081253      -0.0000000699     9.9999902818    -7.5642196839     -76.4217975184     0.04  
----------------------------------------------------------------------------------------------------------
FINAL ENERGY: -76.4217975184 a.u.
HOMO-LUMO GAP: 9.139 eV
CENTER OF MASS: {0.047408, 0.000000, 0.927748} ANGS
DIPOLE MOMENT: {1.523001, 0.000000, -1.173967} (|D| = 1.922948) DEBYE

Running Mulliken population analysis...

GPU Memory: 5542 Mb
 Energy calculation finished, energy: -7.642179752E+01

Converting Cartesians to HDLC
 Wolfe conditions fulfilled, increasing trust radius
Testing convergence  in cycle    2
    Energy  1.0219E-04 Target: 1.0000E-06 converged?   no
  Max step  1.5196E-02 Target: 1.8000E-03 converged?   no
  RMS step  1.1547E-02 Target: 1.2000E-03 converged?   no
  Max grad  3.1001E-03 Target: 4.5000E-04 converged?   no
  RMS grad  2.2244E-03 Target: 3.0000E-04 converged?   no
 Predicted step length 1.1412E-02
 Trust radius          2.0000E-01

Converting HDLC to Cartesians
RMSD coordinate change for step 2 is  3.528e-03
Setting up the DFT grid...
time to set the grid = 0.00 s
DFT grid points: 3162 (1054 points/atom)
Setting up the DFT grid...
time to set the grid = 0.00 s
DFT grid points: 8785 (2928 points/atom)

                      *** Start SCF Iterations ***

 Iter     DIIS Error       Energy change      Electrons        XC Energy           Energy        Time(s)
----------------------------------------------------------------------------------------------------------
         >>> Purifying P... IDMP = 4.43e-03 <<<
         >>> Purifying P... IDMP = 2.11e-05 <<<
         >>> Purifying P... IDMP = 4.77e-10 <<<
         >>> Purifying P... IDMP = 1.11e-16 <<<
THRESPDP set to 9.01e-02
                >>> SWITCHING TO GRID 1 <<<
   1     0.0016954111     -76.4218210483     9.9999904681    -7.5639564436     -76.4218210483     0.05  
   2     0.0004059162      -0.0000070240     9.9999904555    -7.5634417965     -76.4218280723     0.04  
   3     0.0004734509      +0.0000000626     9.9999904756    -7.5641551788     -76.4218280097     0.04  
   4     0.0000284482      -0.0000002218     9.9999903846    -7.5637405784     -76.4218282315     0.04  
----------------------------------------------------------------------------------------------------------
FINAL ENERGY: -76.4218282315 a.u.
HOMO-LUMO GAP: 9.136 eV
CENTER OF MASS: {0.045335, 0.000000, 0.929314} ANGS
DIPOLE MOMENT: {1.529753, 0.000000, -1.179168} (|D| = 1.931471) DEBYE

Running Mulliken population analysis...

GPU Memory: 5542 Mb
 Energy calculation finished, energy: -7.642182823E+01

Converting Cartesians to HDLC
 Wolfe conditions fulfilled, increasing trust radius
Testing convergence  in cycle    3
    Energy  3.0713E-05 Target: 1.0000E-06 converged?   no
  Max step  8.2094E-03 Target: 1.8000E-03 converged?   no
  RMS step  6.5887E-03 Target: 1.2000E-03 converged?   no
  Max grad  1.8935E-03 Target: 4.5000E-04 converged?   no
  RMS grad  1.3249E-03 Target: 3.0000E-04 converged?   no
 Predicted step length 1.1755E-02
 Trust radius          4.0000E-01

Converting HDLC to Cartesians
RMSD coordinate change for step 3 is  3.946e-03
Setting up the DFT grid...
time to set the grid = 0.00 s
DFT grid points: 3160 (1053 points/atom)
Setting up the DFT grid...
time to set the grid = 0.00 s
DFT grid points: 8783 (2927 points/atom)

                      *** Start SCF Iterations ***

 Iter     DIIS Error       Energy change      Electrons        XC Energy           Energy        Time(s)
----------------------------------------------------------------------------------------------------------
         >>> Purifying P... IDMP = 4.72e-03 <<<
         >>> Purifying P... IDMP = 2.42e-05 <<<
         >>> Purifying P... IDMP = 6.31e-10 <<<
         >>> Purifying P... IDMP = 2.22e-16 <<<
THRESPDP set to 9.01e-02
                >>> SWITCHING TO GRID 1 <<<
   1     0.0018178229     -76.4218328073     9.9999905352    -7.5638959364     -76.4218328073     0.05  
   2     0.0001770385      -0.0000073208     9.9999905707    -7.5637887589     -76.4218401282     0.04  
   3     0.0001909206      -0.0000000237     9.9999906065    -7.5640605139     -76.4218401519     0.04  
   4     0.0000392612      -0.0000000303     9.9999905727    -7.5638692157     -76.4218401822     0.04  
   5     0.0000051282      +0.0000000028     9.9999905699    -7.5639023616     -76.4218401794     0.04  
----------------------------------------------------------------------------------------------------------
FINAL ENERGY: -76.4218401794 a.u.
HOMO-LUMO GAP: 9.140 eV
CENTER OF MASS: {0.043728, 0.000000, 0.931103} ANGS
DIPOLE MOMENT: {1.535779, -0.000000, -1.185460} (|D| = 1.940086) DEBYE

Running Mulliken population analysis...

GPU Memory: 5542 Mb
 Energy calculation finished, energy: -7.642184018E+01

Converting Cartesians to HDLC
 Wolfe conditions fulfilled, increasing trust radius
Testing convergence  in cycle    4
    Energy  1.1948E-05 Target: 1.0000E-06 converged?   no
  Max step  9.4804E-03 Target: 1.8000E-03 converged?   no
  RMS step  6.7867E-03 Target: 1.2000E-03 converged?   no
  Max grad  1.3033E-04 Target: 4.5000E-04 converged?  yes
  RMS grad  1.0509E-04 Target: 3.0000E-04 converged?  yes
 Predicted step length 7.9121E-04
 Trust radius          5.0000E-01

Converting HDLC to Cartesians
RMSD coordinate change for step 4 is  2.362e-04
Setting up the DFT grid...
time to set the grid = 0.00 s
DFT grid points: 3160 (1053 points/atom)
Setting up the DFT grid...
time to set the grid = 0.00 s
DFT grid points: 8783 (2927 points/atom)

                      *** Start SCF Iterations ***

 Iter     DIIS Error       Energy change      Electrons        XC Energy           Energy        Time(s)
----------------------------------------------------------------------------------------------------------
         >>> Purifying P... IDMP = 2.11e-04 <<<
         >>> Purifying P... IDMP = 5.64e-08 <<<
         >>> Purifying P... IDMP = 1.22e-14 <<<
THRESPDP set to 9.01e-02
                >>> SWITCHING TO GRID 1 <<<
   1     0.0001623686     -76.4218400333     9.9999907027    -7.5637772915     -76.4218400333     0.05  
   2     0.0000672399      -0.0000000512     9.9999907000    -7.5636620564     -76.4218400845     0.04  
   3     0.0000546709      -0.0000000013     9.9999907166    -7.5637634163     -76.4218400858     0.04  
   4     0.0000050318      +0.0000000219     9.9999906327    -7.5637145938     -76.4218400639     0.04  
----------------------------------------------------------------------------------------------------------
FINAL ENERGY: -76.4218400639 a.u.
HOMO-LUMO GAP: 9.138 eV
CENTER OF MASS: {0.043740, 0.000000, 0.931207} ANGS
DIPOLE MOMENT: {1.535613, 0.000000, -1.185595} (|D| = 1.940037) DEBYE

Running Mulliken population analysis...

GPU Memory: 5542 Mb
 Energy calculation finished, energy: -7.642184006E+01

Converting Cartesians to HDLC
Testing convergence  in cycle    5
    Energy  1.1551E-07 Target: 1.0000E-06 converged?  yes
  Max step  5.2084E-04 Target: 1.8000E-03 converged?  yes
  RMS step  4.5680E-04 Target: 1.2000E-03 converged?  yes
  Max grad  1.4054E-04 Target: 4.5000E-04 converged?  yes
  RMS grad  1.3233E-04 Target: 3.0000E-04 converged?  yes
Converged!
 converged
Destroying all HDLC residues


DL-FIND Report:
===============
Optimisation algorithm: L-BFGS
Number of steps in L-BFGS memory ...............          9
 
Trust radius based on energy
Maximum step length ............................  5.000E-01
 
Coordinate system: Delocalised internal coordinates (DLC)
 
Number of atoms ................................          3
Number of input geometries .....................          2
Variables to be optimised ......................          3
Restart information is written every ...........         10 steps
This run has not been restarted.
Number of energy evaluations on this processor .          5
Number of steps ................................          5
Number of accepted steps / line searches .......          5
 

Timing report
=============
Module                                      CPU time            Wall clock time
Total .................................     1.670 (100.00%)     2.000 (100.00%) seconds
Energy and Gradient ...................     1.660 ( 99.40%)     2.000 (100.00%) seconds
Step direction ........................     0.000 (  0.00%)     0.000 (  0.00%) seconds
Coordinate transformation .............     0.000 (  0.00%)     0.000 (  0.00%) seconds
Checkpoint file I/O ...................     0.000 (  0.00%)     0.000 (  0.00%) seconds
XYZ-file I/O ..........................     0.000 (  0.00%)     0.000 (  0.00%) seconds
Maximum memory usage ........................... 4.0898E+00 kB
Writing out molden info
Total processing time: 1.68 sec 

 Job finished: Sat Apr 18 21:49:20 2020

