You are running Q-Chem version: 5.1.2

#
# job setting
#
local host:  n09
current dir: /home/hollas/fanoci-core-repo/h2o/pop_2h
input file:  eom-dip-sym-vtz.inp
output file: eom-dip-sym-vtz.inp.out
nprocs     : 1
nthreads   : 1
#
# qchem installation setting
#
QC:          /usr/local/programs/common/qchem/qchem-5.1/arch/x86_64-multicore
QCAUX:       /usr/local/programs/common/qchem/qchem-5.1/arch/x86_64-multicore/qcaux
QCPROG:      /usr/local/programs/common/qchem/qchem-5.1/arch/x86_64-multicore/exe/qcprog.exe
QCPROG_S:    /usr/local/programs/common/qchem/qchem-5.1/arch/x86_64-multicore/exe/qcprog.exe_s
PARALLEL:    FALSE
QCMPI:       seq
#
# qchem directory setting
#
qcrun:       qchem3113
QCSCRATCH:   /home/hollas/fanoci-core-repo/h2o/pop_2h
QCLOCALSCR:  /scratch/hollas/QCHEM-eom-dip-sym-vtz-283142
QCTMPDIR:    /scratch/hollas/QCHEM-eom-dip-sym-vtz-283142
QCFILEPREF:  /scratch/hollas/QCHEM-eom-dip-sym-vtz-283142/qchem3113
QCSAVEDIR:   
workdirs:    /scratch/hollas/QCHEM-eom-dip-sym-vtz-283142/qchem3113
workdir0:    /scratch/hollas/QCHEM-eom-dip-sym-vtz-283142/qchem3113
partmpdirs =  
#
# parallel setting
#
 invalid QCMPI (seq) option 
QCRSH:           /usr/bin/ssh
QCMPI:           seq
QCMPIRUN:        
QCMACHINEFILE:   /scratch/tmp/283142.1.nq-16-8/hostfile
n09.vscht.cz:1

#
# env setting
#
exported envs:   QC QCAUX QCSCRATCH QCRUNNAME QCFILEPREF QCPROG QCPROG_S GUIFILE
remove work dirs /scratch/hollas/QCHEM-eom-dip-sym-vtz-283142/qchem3113.0 -- /scratch/hollas/QCHEM-eom-dip-sym-vtz-283142/qchem3113.0
rm -rf /scratch/hollas/QCHEM-eom-dip-sym-vtz-283142/qchem3113.0
rm -rf /scratch/hollas/QCHEM-eom-dip-sym-vtz-283142/qchem3113
